<?xml version="1.0"?>
<spawns>
<spawn centerx="126" centery="102" centerz="7" radius="20">
<monster name="Troll" direction="2" spawntime="60" x="17" y="-10"/>
<monster name="Goblin" direction="2" spawntime="60" x="20" y="0"/>
<monster name="Dragon" direction="2" spawntime="60" x="-16" y="0"/>
<monster name="Ghoul" direction="2" spawntime="25" x="-2" y="2"/>
<monster name="Ghoul" direction="2" spawntime="25" x="0" y="2"/>
<monster name="Ghoul" direction="2" spawntime="25" x="3" y="0"/>
<monster name="Ghoul" direction="2" spawntime="60" x="2" y="-3"/>
<monster name="Ghoul" direction="2" spawntime="60" x="-2" y="-2"/>
<monster name="Flamingo" direction="2" spawntime="60" x="6" y="15"/>
<monster name="Tarantula" direction="2" spawntime="60" x="-9" y="-5"/>
<monster name="Tarantula" direction="2" spawntime="60" x="-3" y="-10"/>
<monster name="Tarantula" direction="2" spawntime="60" x="-4" y="-18"/>
<monster name="Tarantula" direction="2" spawntime="60" x="-11" y="-13"/>
<monster name="Tarantula" direction="2" spawntime="60" x="-19" y="-4"/>
</spawn>
<spawn centerx="151" centery="126" centerz="9" radius="10">
<monster name="Necromancer" direction="2" spawntime="20" x="-7" y="-4"/>
<monster name="Necromancer" direction="2" spawntime="25" x="1" y="0"/>
<monster name="Priestess" direction="2" spawntime="60" x="0" y="2"/>
<monster name="Fire Devil" direction="2" spawntime="60" x="-3" y="9"/>
<monster name="Fire Devil" direction="2" spawntime="60" x="-1" y="8"/>
<monster name="Fire Devil" direction="2" spawntime="60" x="1" y="5"/>
<monster name="Fire Devil" direction="2" spawntime="60" x="-2" y="-5"/>
<monster name="Necromancer" direction="2" spawntime="250" x="-9" y="0"/>
<monster name="Hero" direction="2" spawntime="60" x="-7" y="-6"/>
</spawn>
<spawn centerx="141" centery="126" centerz="9" radius="10">
<monster name="Necromancer" direction="2" spawntime="250" x="1" y="-2"/>
<monster name="Fire Devil" direction="2" spawntime="60" x="2" y="9"/>
<monster name="Fire Devil" direction="2" spawntime="60" x="-2" y="3"/>
<monster name="Dwarf Soldier" direction="2" spawntime="60" x="-9" y="1"/>
</spawn>
<spawn centerx="145" centery="120" centerz="9" radius="10">
<monster name="Hero" direction="2" spawntime="60" x="1" y="0"/>
</spawn>
<spawn centerx="89" centery="150" centerz="7" radius="5">
<monster name="Dragon" direction="2" spawntime="60" x="-5" y="0"/>
<monster name="Dragon" direction="2" spawntime="60" x="-2" y="0"/>
</spawn>
<spawn centerx="93" centery="140" centerz="7" radius="13">
<monster name="Dragon" direction="2" spawntime="60" x="0" y="-2"/>
<monster name="Dragon" direction="2" spawntime="60" x="-12" y="3"/>
<monster name="Dragon" direction="2" spawntime="60" x="3" y="8"/>
<monster name="Hunter" direction="2" spawntime="60" x="-4" y="-12"/>
<monster name="Kongra" direction="2" spawntime="60" x="-5" y="-10"/>
</spawn>
<spawn centerx="103" centery="131" centerz="7" radius="5">
<monster name="Dragon" direction="2" spawntime="25" x="-1" y="-1"/>
</spawn>
<spawn centerx="38" centery="40" centerz="7" radius="5">
<monster name="Demon Skeleton" direction="2" spawntime="60" x="0" y="4"/>
</spawn>
<spawn centerx="106" centery="120" centerz="7" radius="10">
<monster name="Dragon" direction="2" spawntime="60" x="1" y="-2"/>
<monster name="Dragon" direction="2" spawntime="60" x="3" y="-7"/>
<monster name="Kongra" direction="2" spawntime="60" x="-7" y="0"/>
<monster name="Kongra" direction="2" spawntime="60" x="-9" y="-3"/>
</spawn>
<spawn centerx="107" centery="36" centerz="7" radius="14">
<monster name="Minotaur" direction="2" spawntime="60" x="-9" y="5"/>
<monster name="Minotaur Guard" direction="2" spawntime="60" x="-5" y="8"/>
<monster name="Minotaur" direction="2" spawntime="60" x="2" y="5"/>
<monster name="Minotaur" direction="2" spawntime="60" x="6" y="9"/>
<monster name="Minotaur" direction="2" spawntime="60" x="-1" y="6"/>
</spawn>
<spawn centerx="64" centery="68" centerz="7" radius="12">
<monster name="Demon Skeleton" direction="2" spawntime="60" x="8" y="-8"/>
<monster name="Demon Skeleton" direction="2" spawntime="60" x="5" y="8"/>
<monster name="Demon Skeleton" direction="2" spawntime="60" x="-8" y="8"/>
<monster name="Demon Skeleton" direction="2" spawntime="40" x="-11" y="-2"/>
<monster name="Demon Skeleton" direction="2" spawntime="60" x="-3" y="-9"/>
</spawn>
<spawn centerx="61" centery="58" centerz="6" radius="7">
<monster name="Necromancer" direction="2" spawntime="60" x="-3" y="5"/>
<monster name="Priestess" direction="2" spawntime="60" x="-1" y="0"/>
</spawn>
<spawn centerx="122" centery="85" centerz="6" radius="5">
<monster name="Cyclops" direction="2" spawntime="15" x="-2" y="3"/>
</spawn>
<spawn centerx="116" centery="100" centerz="6" radius="5">
<monster name="Cyclops" direction="2" spawntime="10" x="0" y="0"/>
</spawn>
<spawn centerx="150" centery="86" centerz="6" radius="16">
<monster name="Troll" direction="2" spawntime="10" x="0" y="3"/>
<monster name="Troll" direction="2" spawntime="10" x="2" y="0"/>
<monster name="Troll" direction="2" spawntime="10" x="0" y="0"/>
<monster name="Troll" direction="2" spawntime="10" x="-4" y="-2"/>
<monster name="Troll" direction="2" spawntime="10" x="-2" y="-1"/>
<monster name="Minotaur" direction="2" spawntime="60" x="10" y="-5"/>
<monster name="Minotaur" direction="2" spawntime="60" x="4" y="-5"/>
<monster name="Minotaur" direction="2" spawntime="60" x="2" y="-6"/>
<monster name="Minotaur" direction="2" spawntime="60" x="12" y="-6"/>
<monster name="Swamp Troll" direction="2" spawntime="60" x="10" y="-1"/>
<monster name="Swamp Troll" direction="2" spawntime="60" x="8" y="-6"/>
<monster name="Swamp Troll" direction="2" spawntime="60" x="3" y="-2"/>
<monster name="Stone Golem" direction="2" spawntime="60" x="-5" y="6"/>
<monster name="Minotaur Mage" direction="2" spawntime="60" x="-4" y="4"/>
<monster name="Minotaur Mage" direction="2" spawntime="60" x="-10" y="5"/>
<monster name="Minotaur Archer" direction="2" spawntime="60" x="-9" y="3"/>
<monster name="Troll" direction="2" spawntime="10" x="-2" y="-2"/>
<monster name="Troll" direction="2" spawntime="60" x="-5" y="-5"/>
<monster name="Troll" direction="2" spawntime="60" x="-8" y="-4"/>
<monster name="Troll" direction="2" spawntime="60" x="-7" y="-3"/>
<monster name="Troll" direction="2" spawntime="60" x="-6" y="-6"/>
<monster name="Troll" direction="2" spawntime="60" x="0" y="-5"/>
<monster name="Troll" direction="2" spawntime="60" x="-1" y="-4"/>
<monster name="Troll" direction="2" spawntime="60" x="2" y="-1"/>
<monster name="Troll" direction="2" spawntime="60" x="9" y="-5"/>
<monster name="Troll" direction="2" spawntime="60" x="9" y="-4"/>
<monster name="Troll" direction="2" spawntime="60" x="8" y="-1"/>
<monster name="Troll" direction="2" spawntime="60" x="8" y="0"/>
<monster name="Crocodile" direction="2" spawntime="60" x="11" y="2"/>
</spawn>
<spawn centerx="146" centery="86" centerz="7" radius="16">
<monster name="Troll" direction="2" spawntime="20" x="-2" y="-5"/>
<monster name="Troll" direction="2" spawntime="20" x="-2" y="2"/>
<monster name="Minotaur" direction="2" spawntime="60" x="11" y="0"/>
<monster name="Minotaur" direction="2" spawntime="60" x="5" y="-1"/>
<monster name="Minotaur" direction="2" spawntime="60" x="4" y="-5"/>
<monster name="Minotaur" direction="2" spawntime="60" x="3" y="0"/>
<monster name="Minotaur" direction="2" spawntime="60" x="6" y="-4"/>
<monster name="Minotaur" direction="2" spawntime="60" x="11" y="-6"/>
<monster name="Minotaur" direction="2" spawntime="60" x="11" y="-3"/>
<monster name="Minotaur" direction="2" spawntime="60" x="13" y="-1"/>
<monster name="Troll" direction="2" spawntime="20" x="5" y="1"/>
<monster name="Troll" direction="2" spawntime="40" x="-1" y="2"/>
<monster name="Troll" direction="2" spawntime="40" x="9" y="-1"/>
</spawn>
<spawn centerx="95" centery="120" centerz="7" radius="50">
<monster name="Giant Spider" direction="2" spawntime="60" x="1" y="-1"/>
<monster name="Hunter" direction="2" spawntime="60" x="-5" y="-3"/>
<monster name="Hunter" direction="2" spawntime="60" x="-9" y="5"/>
<monster name="Hunter" direction="2" spawntime="60" x="-16" y="0"/>
<monster name="Hunter" direction="2" spawntime="60" x="-19" y="-7"/>
<monster name="Hunter" direction="2" spawntime="60" x="-8" y="-8"/>
<monster name="Hunter" direction="2" spawntime="60" x="-14" y="8"/>
<monster name="Hunter" direction="2" spawntime="60" x="-20" y="7"/>
<monster name="Hunter" direction="2" spawntime="60" x="-24" y="15"/>
<monster name="Hunter" direction="2" spawntime="60" x="-34" y="8"/>
<monster name="Hunter" direction="2" spawntime="60" x="-28" y="6"/>
<monster name="Hunter" direction="2" spawntime="60" x="-27" y="-1"/>
<monster name="Hunter" direction="2" spawntime="60" x="-34" y="-2"/>
<monster name="Hunter" direction="2" spawntime="60" x="-41" y="0"/>
<monster name="Hunter" direction="2" spawntime="60" x="-47" y="3"/>
<monster name="Hunter" direction="2" spawntime="60" x="-48" y="4"/>
<monster name="Hunter" direction="2" spawntime="60" x="-36" y="10"/>
<monster name="Hunter" direction="2" spawntime="60" x="-47" y="8"/>
<monster name="Hunter" direction="2" spawntime="60" x="-43" y="18"/>
<monster name="Kongra" direction="2" spawntime="60" x="-44" y="14"/>
<monster name="Kongra" direction="2" spawntime="60" x="-45" y="7"/>
<monster name="Kongra" direction="2" spawntime="60" x="-43" y="2"/>
<monster name="Kongra" direction="2" spawntime="60" x="-35" y="5"/>
<monster name="Kongra" direction="2" spawntime="60" x="-37" y="12"/>
<monster name="Kongra" direction="2" spawntime="60" x="-27" y="14"/>
<monster name="Kongra" direction="2" spawntime="60" x="-29" y="9"/>
<monster name="Kongra" direction="2" spawntime="60" x="-29" y="2"/>
<monster name="Kongra" direction="2" spawntime="60" x="-28" y="-3"/>
<monster name="Kongra" direction="2" spawntime="60" x="-34" y="-3"/>
<monster name="Kongra" direction="2" spawntime="60" x="-20" y="-3"/>
<monster name="Kongra" direction="2" spawntime="60" x="-20" y="-9"/>
<monster name="Kongra" direction="2" spawntime="60" x="-14" y="-10"/>
<monster name="Kongra" direction="2" spawntime="60" x="-11" y="-4"/>
<monster name="Kongra" direction="2" spawntime="60" x="-14" y="0"/>
<monster name="Kongra" direction="2" spawntime="60" x="-9" y="0"/>
<monster name="Kongra" direction="2" spawntime="60" x="-11" y="6"/>
<monster name="Kongra" direction="2" spawntime="60" x="-16" y="7"/>
<monster name="Kongra" direction="2" spawntime="60" x="-3" y="3"/>
<monster name="Kongra" direction="2" spawntime="60" x="-8" y="2"/>
<monster name="Kongra" direction="2" spawntime="60" x="-5" y="-7"/>
<monster name="Kongra" direction="2" spawntime="60" x="-9" y="-11"/>
<monster name="Kongra" direction="2" spawntime="60" x="-8" y="-15"/>
<monster name="Kongra" direction="2" spawntime="60" x="0" y="-18"/>
<monster name="Kongra" direction="2" spawntime="60" x="4" y="-19"/>
<monster name="Kongra" direction="2" spawntime="60" x="5" y="-23"/>
<monster name="Kongra" direction="2" spawntime="60" x="3" y="-25"/>
<monster name="Kongra" direction="2" spawntime="60" x="2" y="-27"/>
<monster name="Kongra" direction="2" spawntime="60" x="-1" y="-22"/>
</spawn>
<spawn centerx="81" centery="108" centerz="7" radius="2">
<monster name="Giant Spider" direction="2" spawntime="60" x="-1" y="-1"/>
</spawn>
<spawn centerx="79" centery="133" centerz="7" radius="3">
<monster name="Giant Spider" direction="2" spawntime="60" x="0" y="-1"/>
</spawn>
<spawn centerx="63" centery="133" centerz="7" radius="5">
<monster name="Giant Spider" direction="2" spawntime="60" x="-2" y="2"/>
</spawn>
<spawn centerx="72" centery="70" centerz="8" radius="20">
<monster name="Demon Skeleton" direction="2" spawntime="20" x="15" y="7"/>
<monster name="Demon Skeleton" direction="2" spawntime="20" x="13" y="7"/>
<monster name="Demon Skeleton" direction="2" spawntime="60" x="5" y="-7"/>
<monster name="Demon Skeleton" direction="2" spawntime="60" x="1" y="0"/>
<monster name="Demon Skeleton" direction="2" spawntime="60" x="16" y="-10"/>
<monster name="Demon Skeleton" direction="2" spawntime="60" x="-7" y="10"/>
<monster name="Demon Skeleton" direction="2" spawntime="60" x="5" y="10"/>
<monster name="Demon Skeleton" direction="2" spawntime="20" x="-4" y="10"/>
<monster name="Demon Skeleton" direction="2" spawntime="60" x="-12" y="7"/>
<monster name="Demon Skeleton" direction="2" spawntime="20" x="-6" y="1"/>
<monster name="Demon Skeleton" direction="2" spawntime="60" x="-12" y="-6"/>
<monster name="Demon Skeleton" direction="2" spawntime="60" x="0" y="-7"/>
<monster name="Demon Skeleton" direction="2" spawntime="60" x="3" y="-11"/>
<monster name="Cyclops" direction="2" spawntime="60" x="-15" y="12"/>
</spawn>
<spawn centerx="140" centery="48" centerz="8" radius="4">
<monster name="Bug" direction="2" spawntime="10" x="0" y="0"/>
<monster name="Spider" direction="2" spawntime="60" x="-1" y="-1"/>
<monster name="Spider" direction="2" spawntime="60" x="3" y="1"/>
</spawn>
<spawn centerx="138" centery="41" centerz="8" radius="4">
<monster name="Bug" direction="2" spawntime="10" x="0" y="0"/>
<monster name="Spider" direction="2" spawntime="60" x="1" y="-3"/>
</spawn>
<spawn centerx="128" centery="41" centerz="8" radius="4">
<monster name="Bug" direction="2" spawntime="10" x="0" y="0"/>
<monster name="Bug" direction="2" spawntime="60" x="3" y="1"/>
<monster name="Bug" direction="2" spawntime="60" x="-1" y="-1"/>
</spawn>
<spawn centerx="118" centery="41" centerz="8" radius="4">
<monster name="Bug" direction="2" spawntime="10" x="0" y="0"/>
<monster name="Bug" direction="2" spawntime="60" x="3" y="0"/>
<monster name="Spider" direction="2" spawntime="60" x="0" y="-2"/>
</spawn>
<spawn centerx="118" centery="52" centerz="8" radius="4">
<monster name="Slime" direction="2" spawntime="10" x="0" y="0"/>
<monster name="Bug" direction="2" spawntime="60" x="3" y="-1"/>
<monster name="Spider" direction="2" spawntime="60" x="1" y="0"/>
</spawn>
<spawn centerx="126" centery="51" centerz="8" radius="4">
<monster name="Bug" direction="2" spawntime="10" x="0" y="0"/>
<monster name="Spider" direction="2" spawntime="60" x="1" y="-2"/>
</spawn>
<spawn centerx="118" centery="35" centerz="8" radius="4">
<monster name="Bug" direction="2" spawntime="10" x="0" y="0"/>
<monster name="Bug" direction="2" spawntime="10" x="1" y="0"/>
</spawn>
<spawn centerx="131" centery="142" centerz="6" radius="15">
<monster name="Orc Warrior" direction="2" spawntime="10" x="2" y="0"/>
<monster name="Orc Shaman" direction="2" spawntime="10" x="-2" y="0"/>
<monster name="Orc Warrior" direction="2" spawntime="10" x="-4" y="0"/>
<monster name="Orc Warrior" direction="2" spawntime="60" x="-3" y="8"/>
<monster name="Orc Warrior" direction="2" spawntime="10" x="0" y="3"/>
<monster name="Orc Warrior" direction="2" spawntime="60" x="-5" y="6"/>
<monster name="Orc Berserker" direction="2" spawntime="60" x="-5" y="8"/>
<monster name="Orc Berserker" direction="2" spawntime="60" x="-8" y="6"/>
<monster name="Orc Rider" direction="2" spawntime="60" x="-8" y="-7"/>
<monster name="Orc Rider" direction="2" spawntime="60" x="2" y="5"/>
<monster name="Orc Warrior" direction="2" spawntime="60" x="8" y="-7"/>
<monster name="Orc Warrior" direction="2" spawntime="60" x="-4" y="11"/>
<monster name="Orc Warrior" direction="2" spawntime="60" x="-10" y="11"/>
<monster name="Orc Warrior" direction="2" spawntime="60" x="8" y="11"/>
<monster name="Orc Warrior" direction="2" spawntime="60" x="-10" y="-1"/>
<monster name="Orc Warrior" direction="2" spawntime="60" x="-5" y="3"/>
<monster name="Orc Warrior" direction="2" spawntime="60" x="-11" y="-4"/>
<monster name="Orc Warlord" direction="2" spawntime="60" x="9" y="0"/>
<monster name="Orc Berserker" direction="2" spawntime="60" x="12" y="0"/>
<monster name="Orc Berserker" direction="2" spawntime="60" x="10" y="-1"/>
<monster name="Orc Shaman" direction="2" spawntime="60" x="10" y="3"/>
<monster name="Orc Shaman" direction="2" spawntime="60" x="10" y="1"/>
<monster name="Orc Shaman" direction="2" spawntime="60" x="12" y="3"/>
<monster name="Orc Berserker" direction="2" spawntime="60" x="-1" y="13"/>
<monster name="Orc Warrior" direction="2" spawntime="60" x="-11" y="-8"/>
<monster name="Orc Rider" direction="2" spawntime="60" x="13" y="-3"/>
<monster name="Orc Warrior" direction="2" spawntime="60" x="12" y="-7"/>
<monster name="Orc Warrior" direction="2" spawntime="60" x="10" y="-4"/>
<monster name="Orc Warrior" direction="2" spawntime="60" x="7" y="-4"/>
<monster name="Orc Warrior" direction="2" spawntime="60" x="-13" y="-1"/>
<monster name="Orc Warrior" direction="2" spawntime="60" x="-13" y="3"/>
<monster name="Orc Warrior" direction="2" spawntime="60" x="-13" y="6"/>
<monster name="Orc Warrior" direction="2" spawntime="60" x="-11" y="8"/>
<monster name="Orc Shaman" direction="2" spawntime="10" x="12" y="6"/>
<monster name="Orc Warrior" direction="2" spawntime="60" x="11" y="10"/>
<monster name="Orc Warrior" direction="2" spawntime="60" x="10" y="6"/>
<monster name="Orc Warrior" direction="2" spawntime="60" x="8" y="8"/>
<monster name="Orc Berserker" direction="2" spawntime="60" x="2" y="9"/>
<monster name="Orc Warrior" direction="2" spawntime="60" x="5" y="9"/>
<monster name="Orc Rider" direction="2" spawntime="60" x="7" y="6"/>
<monster name="Orc Warrior" direction="2" spawntime="60" x="4" y="7"/>
<monster name="Orc Warrior" direction="2" spawntime="60" x="4" y="-5"/>
<monster name="Orc Shaman" direction="2" spawntime="10" x="10" y="-8"/>
<monster name="Orc Warrior" direction="2" spawntime="10" x="-8" y="8"/>
<monster name="Orc Warrior" direction="2" spawntime="60" x="-7" y="11"/>
<monster name="Orc Warrior" direction="2" spawntime="60" x="-11" y="3"/>
<monster name="Orc Warrior" direction="2" spawntime="60" x="-11" y="1"/>
<monster name="Orc Warrior" direction="2" spawntime="60" x="-9" y="2"/>
<monster name="Orc Warrior" direction="2" spawntime="10" x="-7" y="3"/>
<monster name="Orc Warrior" direction="2" spawntime="60" x="-5" y="1"/>
<monster name="Orc Warrior" direction="2" spawntime="10" x="-2" y="3"/>
<monster name="Orc Warrior" direction="2" spawntime="60" x="0" y="7"/>
<monster name="Orc Warrior" direction="2" spawntime="60" x="-9" y="-5"/>
<monster name="Orc Warrior" direction="2" spawntime="60" x="0" y="-2"/>
<monster name="Orc Warrior" direction="2" spawntime="10" x="-2" y="-4"/>
<monster name="Orc Rider" direction="2" spawntime="60" x="-4" y="-4"/>
<monster name="Orc Warrior" direction="2" spawntime="10" x="0" y="-6"/>
<monster name="Orc Berserker" direction="2" spawntime="60" x="7" y="13"/>
<monster name="Orc Warrior" direction="2" spawntime="10" x="-7" y="13"/>
<monster name="Orc Warlord" direction="2" spawntime="60" x="7" y="1"/>
</spawn>
<spawn centerx="140" centery="150" centerz="6" radius="15">
<monster name="Orc Warrior" direction="2" spawntime="60" x="5" y="-1"/>
<monster name="Orc Warrior" direction="2" spawntime="60" x="4" y="1"/>
<monster name="Orc Warrior" direction="2" spawntime="10" x="8" y="-3"/>
<monster name="Orc Warrior" direction="2" spawntime="60" x="9" y="-7"/>
<monster name="Orc Shaman" direction="2" spawntime="10" x="4" y="5"/>
<monster name="Orc Warrior" direction="2" spawntime="60" x="7" y="2"/>
</spawn>
<spawn centerx="122" centery="151" centerz="6" radius="15">
<monster name="Orc Berserker" direction="2" spawntime="60" x="-5" y="2"/>
<monster name="Orc Shaman" direction="2" spawntime="60" x="-7" y="-11"/>
<monster name="Orc Berserker" direction="2" spawntime="60" x="-7" y="-2"/>
<monster name="Orc Shaman" direction="2" spawntime="60" x="-7" y="-6"/>
<monster name="Orc Warrior" direction="2" spawntime="10" x="-2" y="4"/>
</spawn>
<spawn centerx="146" centery="137" centerz="5" radius="15">
<monster name="Orc Berserker" direction="2" spawntime="10" x="1" y="0"/>
<monster name="Orc Warrior" direction="2" spawntime="10" x="2" y="1"/>
<monster name="Orc Warlord" direction="2" spawntime="60" x="-6" y="6"/>
<monster name="Orc Warlord" direction="2" spawntime="60" x="-9" y="6"/>
<monster name="Orc Warrior" direction="2" spawntime="60" x="2" y="14"/>
<monster name="Orc Warrior" direction="2" spawntime="60" x="3" y="13"/>
<monster name="Orc Warrior" direction="2" spawntime="60" x="3" y="10"/>
<monster name="Orc Warrior" direction="2" spawntime="60" x="3" y="8"/>
<monster name="Orc Warrior" direction="2" spawntime="60" x="3" y="7"/>
<monster name="Orc Warrior" direction="2" spawntime="60" x="3" y="4"/>
<monster name="Orc Warrior" direction="2" spawntime="60" x="3" y="5"/>
<monster name="Orc Warrior" direction="2" spawntime="60" x="3" y="6"/>
<monster name="Orc Leader" direction="2" spawntime="60" x="-7" y="5"/>
<monster name="Orc Warrior" direction="2" spawntime="60" x="0" y="-3"/>
<monster name="Orc Warrior" direction="2" spawntime="60" x="1" y="-3"/>
<monster name="Orc Warrior" direction="2" spawntime="60" x="2" y="-2"/>
</spawn>
<spawn centerx="115" centery="155" centerz="5" radius="15">
<monster name="Orc Warlord" direction="2" spawntime="60" x="2" y="-1"/>
<monster name="Orc Warrior" direction="2" spawntime="60" x="8" y="0"/>
<monster name="Orc Warrior" direction="2" spawntime="60" x="14" y="0"/>
<monster name="Orc Warrior" direction="2" spawntime="60" x="0" y="-13"/>
<monster name="Orc Warrior" direction="2" spawntime="60" x="1" y="-8"/>
<monster name="Orc Warrior" direction="2" spawntime="60" x="0" y="-6"/>
<monster name="Orc Warrior" direction="2" spawntime="60" x="0" y="-9"/>
<monster name="Orc Warrior" direction="2" spawntime="60" x="0" y="-10"/>
<monster name="Orc Warrior" direction="2" spawntime="60" x="1" y="-11"/>
<monster name="Orc Warrior" direction="2" spawntime="10" x="3" y="0"/>
<monster name="Orc Berserker" direction="2" spawntime="10" x="1" y="-1"/>
</spawn>
<spawn centerx="140" centery="162" centerz="5" radius="15">
<monster name="Orc Berserker" direction="2" spawntime="10" x="1" y="0"/>
<monster name="Orc Berserker" direction="2" spawntime="10" x="1" y="1"/>
<monster name="Orc Warrior" direction="2" spawntime="10" x="2" y="1"/>
<monster name="Orc Warlord" direction="2" spawntime="60" x="8" y="-8"/>
<monster name="Orc Warrior" direction="2" spawntime="60" x="-6" y="-7"/>
<monster name="Orc Warrior" direction="2" spawntime="60" x="-3" y="-7"/>
<monster name="Orc Warrior" direction="2" spawntime="60" x="2" y="-7"/>
<monster name="Orc Warrior" direction="2" spawntime="60" x="8" y="-9"/>
<monster name="Orc Warrior" direction="2" spawntime="60" x="8" y="-10"/>
</spawn>
<spawn centerx="123" centery="144" centerz="5" radius="15">
<monster name="Orc Shaman" direction="2" spawntime="10" x="1" y="0"/>
<monster name="Orc Leader" direction="2" spawntime="10" x="2" y="0"/>
<monster name="Orc Leader" direction="2" spawntime="10" x="3" y="1"/>
<monster name="Orc Warrior" direction="2" spawntime="60" x="-7" y="-5"/>
<monster name="Orc Warrior" direction="2" spawntime="60" x="-7" y="-8"/>
<monster name="Orc Berserker" direction="2" spawntime="60" x="-8" y="-9"/>
<monster name="Orc Berserker" direction="2" spawntime="60" x="-6" y="-9"/>
</spawn>
<spawn centerx="124" centery="144" centerz="4" radius="15">
<monster name="Orc Leader" direction="2" spawntime="10" x="2" y="0"/>
<monster name="Orc Leader" direction="2" spawntime="10" x="3" y="1"/>
<monster name="Orc Berserker" direction="2" spawntime="10" x="-1" y="-1"/>
</spawn>
<spawn centerx="140" centery="143" centerz="4" radius="15">
<monster name="Orc Leader" direction="2" spawntime="30" x="2" y="0"/>
<monster name="Orc Leader" direction="2" spawntime="30" x="3" y="1"/>
<monster name="Orc Leader" direction="2" spawntime="60" x="0" y="1"/>
</spawn>
<spawn centerx="116" centery="155" centerz="6" radius="15">
<monster name="Orc Shaman" direction="2" spawntime="10" x="1" y="0"/>
</spawn>
<spawn centerx="147" centery="155" centerz="6" radius="15">
<monster name="Orc Warrior" direction="2" spawntime="10" x="2" y="0"/>
</spawn>
<spawn centerx="146" centery="137" centerz="6" radius="15">
<monster name="Orc Warrior" direction="2" spawntime="10" x="2" y="0"/>
<monster name="Orc Warrior" direction="2" spawntime="10" x="3" y="1"/>
<monster name="Orc Shaman" direction="2" spawntime="10" x="1" y="-3"/>
</spawn>
<spawn centerx="115" centery="137" centerz="6" radius="15">
<monster name="Orc Warrior" direction="2" spawntime="10" x="2" y="0"/>
<monster name="Orc Warrior" direction="2" spawntime="10" x="3" y="1"/>
<monster name="Orc Warrior" direction="2" spawntime="60" x="2" y="-3"/>
<monster name="Orc Warrior" direction="2" spawntime="60" x="5" y="-6"/>
<monster name="Orc Warrior" direction="2" spawntime="60" x="4" y="-7"/>
<monster name="Orc Shaman" direction="2" spawntime="10" x="0" y="-3"/>
<monster name="Cyclops" direction="2" spawntime="60" x="-8" y="-7"/>
<monster name="Cyclops" direction="2" spawntime="60" x="3" y="-9"/>
<monster name="Cyclops" direction="2" spawntime="60" x="-10" y="3"/>
</spawn>
<spawn centerx="128" centery="137" centerz="6" radius="15">
<monster name="Orc Warrior" direction="2" spawntime="10" x="4" y="1"/>
<monster name="Orc Warrior" direction="2" spawntime="10" x="-3" y="2"/>
<monster name="Orc Warrior" direction="2" spawntime="10" x="-3" y="-2"/>
</spawn>
<spawn centerx="176" centery="85" centerz="8" radius="5">
<monster name="Demon" direction="2" spawntime="60" x="0" y="0"/>
<monster name="Fire Elemental" direction="2" spawntime="60" x="0" y="1"/>
<monster name="Fire Elemental" direction="2" spawntime="60" x="0" y="-2"/>
</spawn>
<spawn centerx="108" centery="94" centerz="6" radius="5">
<monster name="Cyclops" direction="2" spawntime="60" x="1" y="3"/>
<monster name="Cyclops" direction="2" spawntime="60" x="3" y="-3"/>
</spawn>
<spawn centerx="113" centery="87" centerz="6" radius="5">
<monster name="Cyclops" direction="2" spawntime="60" x="-3" y="-1"/>
<monster name="Cyclops" direction="2" spawntime="60" x="1" y="-1"/>
</spawn>
<spawn centerx="116" centery="80" centerz="7" radius="5">
<monster name="Tarantula" direction="2" spawntime="60" x="-3" y="1"/>
</spawn>
<spawn centerx="115" centery="79" centerz="5" radius="8">
<monster name="Stone Golem" direction="2" spawntime="60" x="3" y="4"/>
<monster name="Stone Golem" direction="2" spawntime="60" x="2" y="6"/>
<monster name="Stone Golem" direction="2" spawntime="60" x="5" y="-2"/>
</spawn>
<spawn centerx="59" centery="119" centerz="7" radius="5">
<monster name="Giant Spider" direction="2" spawntime="60" x="-2" y="0"/>
</spawn>
<spawn centerx="161" centery="158" centerz="9" radius="10">
<monster name="Orc Warlord" direction="2" spawntime="60" x="-2" y="5"/>
<monster name="Orc Warlord" direction="2" spawntime="60" x="-4" y="-4"/>
<monster name="Orc Warlord" direction="2" spawntime="60" x="4" y="-3"/>
<monster name="Orc Warlord" direction="2" spawntime="60" x="4" y="1"/>
<monster name="Orc Warlord" direction="2" spawntime="60" x="-1" y="3"/>
<monster name="Orc Warlord" direction="2" spawntime="60" x="-5" y="3"/>
<monster name="Orc Berserker" direction="2" spawntime="60" x="-4" y="2"/>
<monster name="Orc Berserker" direction="2" spawntime="60" x="-1" y="-2"/>
<monster name="Orc Berserker" direction="2" spawntime="60" x="-2" y="2"/>
<monster name="Orc Warlord" direction="2" spawntime="60" x="-4" y="0"/>
<monster name="Orc Berserker" direction="2" spawntime="60" x="-2" y="0"/>
<monster name="Orc Berserker" direction="2" spawntime="60" x="4" y="-1"/>
<monster name="Orc Warlord" direction="2" spawntime="60" x="3" y="-6"/>
<monster name="Orc Shaman" direction="2" spawntime="60" x="2" y="5"/>
<monster name="Orc Berserker" direction="2" spawntime="60" x="4" y="-5"/>
<monster name="Orc Berserker" direction="2" spawntime="60" x="5" y="-4"/>
<monster name="Orc Warlord" direction="2" spawntime="60" x="-3" y="-6"/>
<monster name="Orc Warlord" direction="2" spawntime="60" x="-1" y="-6"/>
<monster name="Orc Warlord" direction="2" spawntime="60" x="6" y="-3"/>
<monster name="Orc Berserker" direction="2" spawntime="60" x="6" y="3"/>
<monster name="Orc Shaman" direction="2" spawntime="60" x="-7" y="5"/>
<monster name="Orc Shaman" direction="2" spawntime="60" x="-5" y="6"/>
<monster name="Orc Shaman" direction="2" spawntime="60" x="-2" y="6"/>
<monster name="Orc Shaman" direction="2" spawntime="60" x="1" y="6"/>
<monster name="Orc Shaman" direction="2" spawntime="60" x="4" y="6"/>
<monster name="Orc Shaman" direction="2" spawntime="60" x="6" y="5"/>
<monster name="Orc Shaman" direction="2" spawntime="60" x="-6" y="-4"/>
<monster name="Orc Berserker" direction="2" spawntime="60" x="-7" y="0"/>
<monster name="Orc Shaman" direction="2" spawntime="60" x="6" y="1"/>
<monster name="Orc Shaman" direction="2" spawntime="60" x="6" y="-6"/>
<monster name="Orc Berserker" direction="2" spawntime="60" x="-2" y="-4"/>
<monster name="Orc Berserker" direction="2" spawntime="60" x="2" y="-4"/>
<monster name="Orc Berserker" direction="2" spawntime="60" x="2" y="0"/>
<monster name="Orc Berserker" direction="2" spawntime="60" x="1" y="3"/>
<monster name="Orc Warlord" direction="2" spawntime="60" x="-7" y="2"/>
<monster name="Orc Berserker" direction="2" spawntime="60" x="-6" y="-2"/>
<monster name="Orc Warlord" direction="2" spawntime="60" x="-4" y="-2"/>
<monster name="Orc Berserker" direction="2" spawntime="60" x="1" y="-3"/>
<monster name="Orc Berserker" direction="2" spawntime="60" x="0" y="1"/>
<monster name="Orc Warlord" direction="2" spawntime="60" x="3" y="2"/>
</spawn>
<spawn centerx="155" centery="160" centerz="8" radius="5">
<monster name="Orc Berserker" direction="2" spawntime="60" x="-1" y="0"/>
<monster name="Orc Warlord" direction="2" spawntime="60" x="-4" y="-1"/>
<monster name="Orc Berserker" direction="2" spawntime="60" x="1" y="2"/>
<monster name="Orc Warlord" direction="2" spawntime="60" x="1" y="-1"/>
</spawn>
<spawn centerx="138" centery="167" centerz="8" radius="5">
<monster name="Orc Berserker" direction="2" spawntime="60" x="0" y="4"/>
<monster name="Orc Warlord" direction="2" spawntime="60" x="3" y="2"/>
<monster name="Orc Leader" direction="2" spawntime="60" x="5" y="0"/>
<monster name="Orc Warlord" direction="2" spawntime="60" x="0" y="-5"/>
<monster name="Orc Warlord" direction="2" spawntime="60" x="-5" y="0"/>
<monster name="Orc Berserker" direction="2" spawntime="60" x="-2" y="-2"/>
</spawn>
<spawn centerx="141" centery="152" centerz="8" radius="5">
<monster name="Orc Berserker" direction="2" spawntime="60" x="-3" y="-2"/>
<monster name="Orc Berserker" direction="2" spawntime="60" x="4" y="2"/>
<monster name="Orc Warlord" direction="2" spawntime="60" x="3" y="-2"/>
<monster name="Orc Berserker" direction="2" spawntime="60" x="2" y="1"/>
<monster name="Orc Berserker" direction="2" spawntime="60" x="0" y="-2"/>
<monster name="Orc Leader" direction="2" spawntime="60" x="-3" y="4"/>
<monster name="Orc Warlord" direction="2" spawntime="60" x="-3" y="1"/>
</spawn>
<spawn centerx="124" centery="158" centerz="8" radius="5">
<monster name="Orc Rider" direction="2" spawntime="60" x="-2" y="-1"/>
<monster name="Orc Leader" direction="2" spawntime="60" x="4" y="1"/>
<monster name="Orc Rider" direction="2" spawntime="60" x="1" y="1"/>
<monster name="Orc Warlord" direction="2" spawntime="60" x="2" y="-4"/>
</spawn>
<spawn centerx="122" centery="154" centerz="7" radius="5">
<monster name="Orc Warlord" direction="2" spawntime="60" x="-1" y="-2"/>
<monster name="Orc Warlord" direction="2" spawntime="60" x="2" y="0"/>
</spawn>
<spawn centerx="129" centery="151" centerz="7" radius="5">
<monster name="Orc Leader" direction="2" spawntime="60" x="0" y="-4"/>
<monster name="Orc Shaman" direction="2" spawntime="60" x="2" y="4"/>
<monster name="Orc Warlord" direction="2" spawntime="60" x="-1" y="4"/>
</spawn>
<spawn centerx="128" centery="140" centerz="7" radius="5">
<monster name="Orc Berserker" direction="2" spawntime="60" x="-2" y="0"/>
<monster name="Orc Shaman" direction="2" spawntime="60" x="1" y="1"/>
<monster name="Orc Shaman" direction="2" spawntime="60" x="-3" y="4"/>
<monster name="Orc Leader" direction="2" spawntime="60" x="5" y="0"/>
</spawn>
<spawn centerx="135" centery="149" centerz="7" radius="5">
<monster name="Orc Leader" direction="2" spawntime="60" x="0" y="-5"/>
<monster name="Orc Leader" direction="2" spawntime="60" x="-1" y="-1"/>
<monster name="Orc Berserker" direction="2" spawntime="60" x="0" y="4"/>
</spawn>
<spawn centerx="108" centery="66" centerz="4" radius="5">
<monster name="Elf Arcanist" direction="2" spawntime="60" x="1" y="-2"/>
<monster name="Elf Arcanist" direction="2" spawntime="60" x="-1" y="0"/>
<monster name="Elf Arcanist" direction="2" spawntime="60" x="1" y="0"/>
<monster name="Elf Arcanist" direction="2" spawntime="60" x="-1" y="-3"/>
<monster name="Elf Arcanist" direction="2" spawntime="60" x="-1" y="1"/>
<monster name="Elf Arcanist" direction="2" spawntime="60" x="-1" y="-2"/>
</spawn>
<spawn centerx="108" centery="65" centerz="5" radius="5">
<monster name="Dworc Voodoomaster" direction="2" spawntime="60" x="-3" y="2"/>
<monster name="Elf Arcanist" direction="2" spawntime="60" x="1" y="1"/>
<monster name="Elf Scout" direction="2" spawntime="60" x="-1" y="-1"/>
<monster name="Elf Scout" direction="2" spawntime="60" x="1" y="-1"/>
<monster name="Elf Scout" direction="2" spawntime="60" x="-1" y="1"/>
</spawn>
<spawn centerx="108" centery="65" centerz="6" radius="5">
<monster name="Elf" direction="2" spawntime="60" x="1" y="1"/>
<monster name="Elf" direction="2" spawntime="60" x="1" y="-1"/>
<monster name="Elf Scout" direction="2" spawntime="60" x="-1" y="1"/>
<monster name="Elf" direction="2" spawntime="60" x="-1" y="-1"/>
<monster name="Elf Scout" direction="2" spawntime="60" x="0" y="0"/>
</spawn>
<spawn centerx="113" centery="69" centerz="7" radius="5">
<monster name="Elf" direction="2" spawntime="60" x="-1" y="-1"/>
<monster name="Elf" direction="2" spawntime="60" x="-2" y="3"/>
</spawn>
<spawn centerx="105" centery="68" centerz="7" radius="5">
<monster name="Elf" direction="2" spawntime="60" x="-1" y="-1"/>
<monster name="Elf" direction="2" spawntime="60" x="0" y="5"/>
<monster name="Elf Scout" direction="2" spawntime="60" x="2" y="0"/>
</spawn>
<spawn centerx="107" centery="61" centerz="7" radius="5">
<monster name="Elf" direction="2" spawntime="60" x="-2" y="0"/>
<monster name="Elf Scout" direction="2" spawntime="60" x="-3" y="2"/>
<monster name="Elf" direction="2" spawntime="60" x="1" y="-1"/>
<monster name="Elf" direction="2" spawntime="60" x="4" y="1"/>
</spawn>
<spawn centerx="114" centery="71" centerz="6" radius="5">
<monster name="Elf Scout" direction="2" spawntime="60" x="0" y="0"/>
<monster name="Elf Scout" direction="2" spawntime="60" x="-3" y="0"/>
</spawn>
<spawn centerx="102" centery="71" centerz="6" radius="5">
<monster name="Elf Scout" direction="2" spawntime="60" x="0" y="0"/>
<monster name="Elf Scout" direction="2" spawntime="60" x="3" y="0"/>
</spawn>
<spawn centerx="149" centery="41" centerz="8" radius="5">
<monster name="Bug" direction="2" spawntime="60" x="2" y="0"/>
<monster name="Spider" direction="2" spawntime="60" x="-4" y="1"/>
</spawn>
<spawn centerx="151" centery="31" centerz="8" radius="5">
<monster name="Bug" direction="2" spawntime="60" x="0" y="-1"/>
<monster name="Bug" direction="2" spawntime="60" x="2" y="1"/>
<monster name="Spider" direction="2" spawntime="60" x="2" y="-1"/>
<monster name="Spider" direction="2" spawntime="60" x="-1" y="3"/>
</spawn>
<spawn centerx="161" centery="40" centerz="8" radius="5">
<monster name="Bug" direction="2" spawntime="60" x="-2" y="0"/>
<monster name="Bug" direction="2" spawntime="60" x="1" y="-1"/>
<monster name="Spider" direction="2" spawntime="60" x="3" y="0"/>
</spawn>
<spawn centerx="86" centery="150" centerz="5" radius="5">
<monster name="Dragon Lord" direction="2" spawntime="60" x="-1" y="-1"/>
<monster name="Dragon Lord" direction="2" spawntime="60" x="2" y="-1"/>
</spawn>
<spawn centerx="85" centery="149" centerz="6" radius="5">
<monster name="Dragon Lord" direction="2" spawntime="60" x="-1" y="1"/>
<monster name="Dragon" direction="2" spawntime="60" x="-1" y="-1"/>
</spawn>
<spawn centerx="207" centery="160" centerz="9" radius="10">
<monster name="Efreet" direction="2" spawntime="60" x="2" y="-6"/>
<monster name="Marid" direction="2" spawntime="60" x="-5" y="-3"/>
<monster name="Green Djinn" direction="2" spawntime="60" x="-5" y="1"/>
<monster name="Green Djinn" direction="2" spawntime="60" x="5" y="-2"/>
<monster name="Lich" direction="2" spawntime="60" x="6" y="3"/>
<monster name="Lich" direction="2" spawntime="60" x="-6" y="4"/>
<monster name="Bone Beast" direction="2" spawntime="60" x="-6" y="-6"/>
<monster name="Rahemos" direction="2" spawntime="60" x="0" y="2"/>
<monster name="Mahrdis" direction="2" spawntime="60" x="1" y="2"/>
<monster name="Bone Beast" direction="2" spawntime="60" x="7" y="-6"/>
<monster name="Elf Arcanist" direction="2" spawntime="60" x="-7" y="7"/>
<monster name="Ancient Scarab" direction="2" spawntime="60" x="-7" y="0"/>
<monster name="Ancient Scarab" direction="2" spawntime="60" x="8" y="0"/>
<monster name="Ancient Scarab" direction="2" spawntime="60" x="-4" y="-7"/>
<monster name="Cobra" direction="2" spawntime="60" x="-1" y="3"/>
<monster name="Cobra" direction="2" spawntime="60" x="0" y="-2"/>
<monster name="Cobra" direction="2" spawntime="60" x="-4" y="-3"/>
<monster name="Cobra" direction="2" spawntime="60" x="6" y="-4"/>
<monster name="Lich" direction="2" spawntime="60" x="5" y="4"/>
<monster name="Bone Beast" direction="2" spawntime="60" x="-1" y="-6"/>
<monster name="Green Djinn" direction="2" spawntime="60" x="2" y="1"/>
<monster name="Lich" direction="2" spawntime="60" x="-3" y="4"/>
<monster name="Cobra" direction="2" spawntime="60" x="-4" y="2"/>
</spawn>
<spawn centerx="207" centery="136" centerz="9" radius="5">
<monster name="Gargoyle" direction="2" spawntime="60" x="2" y="3"/>
<monster name="Gargoyle" direction="2" spawntime="60" x="-1" y="3"/>
<monster name="Deathslicer" direction="2" spawntime="60" x="-2" y="-2"/>
<monster name="Deathslicer" direction="2" spawntime="60" x="2" y="-2"/>
</spawn>
<spawn centerx="217" centery="120" centerz="8" radius="5">
<monster name="Bone Beast" direction="2" spawntime="60" x="-2" y="3"/>
<monster name="Bone Beast" direction="2" spawntime="60" x="1" y="-2"/>
</spawn>
<spawn centerx="222" centery="110" centerz="8" radius="5">
<monster name="Bone Beast" direction="2" spawntime="60" x="0" y="3"/>
<monster name="Bone Beast" direction="2" spawntime="60" x="1" y="-3"/>
</spawn>
<spawn centerx="232" centery="108" centerz="8" radius="5">
<monster name="Bone Beast" direction="2" spawntime="60" x="2" y="0"/>
<monster name="Bone Beast" direction="2" spawntime="60" x="-2" y="0"/>
<monster name="Crypt Shambler" direction="2" spawntime="60" x="-1" y="-3"/>
</spawn>
<spawn centerx="238" centery="108" centerz="8" radius="5">
<monster name="Bone Beast" direction="2" spawntime="60" x="-1" y="-1"/>
</spawn>
<spawn centerx="250" centery="108" centerz="8" radius="5">
<monster name="Crypt Shambler" direction="2" spawntime="60" x="1" y="2"/>
<monster name="Crypt Shambler" direction="2" spawntime="60" x="1" y="-2"/>
<monster name="Crypt Shambler" direction="2" spawntime="60" x="-2" y="-1"/>
<monster name="Crypt Shambler" direction="2" spawntime="60" x="0" y="4"/>
<monster name="Crypt Shambler" direction="2" spawntime="60" x="3" y="0"/>
</spawn>
<spawn centerx="236" centery="98" centerz="8" radius="5">
<monster name="Crypt Shambler" direction="2" spawntime="60" x="-4" y="0"/>
<monster name="Crypt Shambler" direction="2" spawntime="60" x="5" y="0"/>
<monster name="Crypt Shambler" direction="2" spawntime="60" x="-2" y="-1"/>
</spawn>
<spawn centerx="257" centery="97" centerz="8" radius="5">
<monster name="Crypt Shambler" direction="2" spawntime="60" x="-2" y="1"/>
<monster name="Crypt Shambler" direction="2" spawntime="60" x="5" y="0"/>
</spawn>
<spawn centerx="250" centery="97" centerz="8" radius="5">
<monster name="Crypt Shambler" direction="2" spawntime="60" x="-1" y="2"/>
<monster name="Crypt Shambler" direction="2" spawntime="60" x="1" y="0"/>
<monster name="Crypt Shambler" direction="2" spawntime="60" x="-3" y="1"/>
</spawn>
<spawn centerx="253" centery="88" centerz="8" radius="5">
<monster name="Crypt Shambler" direction="2" spawntime="60" x="-3" y="3"/>
<monster name="Crypt Shambler" direction="2" spawntime="60" x="1" y="-1"/>
</spawn>
<spawn centerx="266" centery="98" centerz="8" radius="5">
<monster name="Crypt Shambler" direction="2" spawntime="60" x="2" y="3"/>
<monster name="Crypt Shambler" direction="2" spawntime="60" x="3" y="-2"/>
</spawn>
<spawn centerx="104" centery="108" centerz="6" radius="10">
<monster name="Cyclops" direction="2" spawntime="60" x="0" y="0"/>
<monster name="Cyclops" direction="2" spawntime="60" x="-2" y="5"/>
</spawn>
<spawn centerx="134" centery="127" centerz="8" radius="5">
<monster name="Dwarf Soldier" direction="2" spawntime="60" x="-3" y="1"/>
<monster name="Dwarf Soldier" direction="2" spawntime="60" x="-4" y="-2"/>
<monster name="Dwarf" direction="2" spawntime="60" x="2" y="-1"/>
</spawn>
<spawn centerx="142" centery="125" centerz="8" radius="5">
<monster name="Dwarf" direction="2" spawntime="60" x="-2" y="3"/>
<monster name="Dwarf" direction="2" spawntime="60" x="-2" y="-1"/>
<monster name="Dwarf" direction="2" spawntime="60" x="3" y="-2"/>
</spawn>
<spawn centerx="151" centery="125" centerz="8" radius="5">
<monster name="Dwarf" direction="2" spawntime="60" x="2" y="-1"/>
<monster name="Dwarf" direction="2" spawntime="60" x="-3" y="1"/>
<monster name="Dwarf" direction="2" spawntime="60" x="3" y="4"/>
<monster name="Dwarf" direction="2" spawntime="60" x="4" y="-2"/>
</spawn>
<spawn centerx="158" centery="132" centerz="8" radius="5">
<monster name="Dwarf" direction="2" spawntime="60" x="-2" y="3"/>
<monster name="Dwarf" direction="2" spawntime="60" x="3" y="0"/>
</spawn>
<spawn centerx="103" centery="115" centerz="9" radius="5">
<monster name="Dwarf Guard" direction="2" spawntime="60" x="4" y="1"/>
<monster name="Dwarf Guard" direction="2" spawntime="60" x="-1" y="-1"/>
</spawn>
<spawn centerx="111" centery="120" centerz="9" radius="5">
<monster name="Dwarf Guard" direction="2" spawntime="60" x="-4" y="-1"/>
<monster name="Dwarf Guard" direction="2" spawntime="60" x="-2" y="4"/>
<monster name="Dwarf Guard" direction="2" spawntime="60" x="2" y="0"/>
</spawn>
<spawn centerx="114" centery="125" centerz="9" radius="5">
<monster name="Dwarf Guard" direction="2" spawntime="60" x="4" y="-1"/>
<monster name="Dwarf Guard" direction="2" spawntime="60" x="-2" y="3"/>
<monster name="Dwarf Soldier" direction="2" spawntime="60" x="2" y="4"/>
</spawn>
<spawn centerx="120" centery="127" centerz="9" radius="5">
<monster name="Dwarf Soldier" direction="2" spawntime="60" x="5" y="0"/>
<monster name="Dwarf Soldier" direction="2" spawntime="60" x="0" y="-5"/>
</spawn>
<spawn centerx="187" centery="72" centerz="8" radius="8">
<monster name="Fire Elemental" direction="2" spawntime="60" x="0" y="4"/>
<monster name="Fire Elemental" direction="2" spawntime="60" x="0" y="-4"/>
<monster name="Dragon Lord" direction="2" spawntime="60" x="5" y="0"/>
<monster name="Fire Elemental" direction="2" spawntime="60" x="6" y="4"/>
<monster name="Fire Elemental" direction="2" spawntime="60" x="6" y="-4"/>
<monster name="Fire Elemental" direction="2" spawntime="60" x="-4" y="0"/>
<monster name="Fire Elemental" direction="2" spawntime="60" x="-6" y="3"/>
</spawn>
<spawn centerx="199" centery="73" centerz="8" radius="5">
<monster name="Fire Elemental" direction="2" spawntime="60" x="0" y="-5"/>
<monster name="Fire Elemental" direction="2" spawntime="60" x="0" y="3"/>
<monster name="Dragon Lord" direction="2" spawntime="60" x="-5" y="0"/>
<monster name="Banshee" direction="2" spawntime="60" x="3" y="0"/>
<monster name="Banshee" direction="2" spawntime="60" x="4" y="0"/>
<monster name="Fire Elemental" direction="2" spawntime="60" x="-1" y="0"/>
</spawn>
<spawn centerx="214" centery="73" centerz="8" radius="5">
<monster name="Demon" direction="2" spawntime="60" x="0" y="-2"/>
<monster name="Demon" direction="2" spawntime="60" x="0" y="3"/>
<monster name="Fire Elemental" direction="2" spawntime="60" x="-2" y="-2"/>
<monster name="Fire Elemental" direction="2" spawntime="60" x="-2" y="2"/>
<monster name="Fire Elemental" direction="2" spawntime="60" x="2" y="4"/>
<monster name="Fire Elemental" direction="2" spawntime="60" x="1" y="-3"/>
<monster name="Fire Elemental" direction="2" spawntime="60" x="-3" y="0"/>
<monster name="Demon" direction="2" spawntime="60" x="3" y="1"/>
</spawn>
<spawn centerx="181" centery="75" centerz="8" radius="8">
<monster name="Fire Elemental" direction="2" spawntime="60" x="1" y="-2"/>
<monster name="Fire Elemental" direction="2" spawntime="60" x="0" y="-3"/>
<monster name="Fire Elemental" direction="2" spawntime="60" x="-6" y="-2"/>
<monster name="Fire Elemental" direction="2" spawntime="60" x="-4" y="-6"/>
<monster name="Fire Elemental" direction="2" spawntime="60" x="-2" y="4"/>
</spawn>
<spawn centerx="188" centery="113" centerz="8" radius="5">
<monster name="Behemoth" direction="2" spawntime="60" x="-2" y="1"/>
<monster name="Behemoth" direction="2" spawntime="60" x="-3" y="-2"/>
<monster name="Behemoth" direction="2" spawntime="60" x="-2" y="3"/>
</spawn>
<spawn centerx="176" centery="132" centerz="8" radius="5">
<monster name="Demon" direction="2" spawntime="60" x="-1" y="0"/>
<monster name="Demon" direction="2" spawntime="60" x="2" y="-4"/>
<monster name="Fire Elemental" direction="2" spawntime="60" x="-2" y="1"/>
<monster name="Fire Elemental" direction="2" spawntime="60" x="-2" y="-2"/>
<monster name="Fire Elemental" direction="2" spawntime="60" x="2" y="-2"/>
<monster name="Fire Elemental" direction="2" spawntime="60" x="0" y="-5"/>
</spawn>
<spawn centerx="182" centery="129" centerz="9" radius="5">
<monster name="Behemoth" direction="2" spawntime="60" x="-1" y="1"/>
<monster name="Behemoth" direction="2" spawntime="60" x="1" y="-1"/>
<monster name="Behemoth" direction="2" spawntime="60" x="-1" y="-3"/>
</spawn>
<spawn centerx="181" centery="127" centerz="9" radius="20">
<monster name="Demon" direction="2" spawntime="60" x="1" y="-5"/>
<monster name="Demon" direction="2" spawntime="60" x="5" y="-9"/>
<monster name="Fire Elemental" direction="2" spawntime="60" x="1" y="-3"/>
<monster name="Fire Elemental" direction="2" spawntime="60" x="2" y="-7"/>
<monster name="Fire Elemental" direction="2" spawntime="60" x="3" y="-9"/>
<monster name="Fire Elemental" direction="2" spawntime="60" x="6" y="-9"/>
</spawn>
<spawn centerx="194" centery="118" centerz="10" radius="5">
<monster name="Demon" direction="2" spawntime="60" x="-2" y="2"/>
<monster name="Demon" direction="2" spawntime="60" x="0" y="2"/>
<monster name="Demon" direction="2" spawntime="60" x="-1" y="-2"/>
<monster name="Demon" direction="2" spawntime="60" x="-3" y="-2"/>
<monster name="Demon" direction="2" spawntime="60" x="-5" y="0"/>
<monster name="Demon" direction="2" spawntime="60" x="1" y="0"/>
<monster name="Demon" direction="2" spawntime="60" x="2" y="0"/>
</spawn>
<spawn centerx="149" centery="37" centerz="9" radius="10">
<monster name="Slime" direction="2" spawntime="60" x="4" y="5"/>
<monster name="Slime" direction="2" spawntime="60" x="-2" y="-3"/>
<monster name="Slime" direction="2" spawntime="60" x="2" y="-7"/>
</spawn>
<spawn centerx="238" centery="126" centerz="8" radius="10">
<monster name="Demon Skeleton" direction="2" spawntime="60" x="-5" y="2"/>
<monster name="Ghost" direction="2" spawntime="60" x="-1" y="-1"/>
<monster name="Ghost" direction="2" spawntime="60" x="1" y="-1"/>
<monster name="Demon Skeleton" direction="2" spawntime="60" x="-2" y="0"/>
<monster name="Ghost" direction="2" spawntime="60" x="-5" y="-1"/>
<monster name="Ghost" direction="2" spawntime="60" x="-5" y="1"/>
<monster name="Skeleton" direction="2" spawntime="60" x="-5" y="0"/>
<monster name="Skeleton" direction="2" spawntime="60" x="-2" y="2"/>
<monster name="Bone Beast" direction="2" spawntime="60" x="3" y="-1"/>
<monster name="Demon Skeleton" direction="2" spawntime="60" x="-4" y="0"/>
<monster name="Demon Skeleton" direction="2" spawntime="60" x="-3" y="0"/>
</spawn>
<spawn centerx="237" centery="125" centerz="9" radius="10">
<monster name="Ghost" direction="2" spawntime="60" x="4" y="1"/>
<monster name="Ghost" direction="2" spawntime="60" x="3" y="0"/>
<monster name="Ghost" direction="2" spawntime="60" x="2" y="0"/>
<monster name="Vampire" direction="2" spawntime="60" x="-1" y="-1"/>
<monster name="Vampire" direction="2" spawntime="60" x="-2" y="1"/>
<monster name="Ghost" direction="2" spawntime="60" x="0" y="-1"/>
<monster name="Vampire" direction="2" spawntime="60" x="-2" y="0"/>
<monster name="Lich" direction="2" spawntime="60" x="-5" y="1"/>
<monster name="Lich" direction="2" spawntime="60" x="-4" y="0"/>
</spawn>
<spawn centerx="237" centery="125" centerz="10" radius="5">
<monster name="Skeleton" direction="2" spawntime="60" x="0" y="0"/>
<monster name="Demon Skeleton" direction="2" spawntime="60" x="1" y="-1"/>
<monster name="Demon Skeleton" direction="2" spawntime="60" x="2" y="-1"/>
<monster name="Skeleton" direction="2" spawntime="60" x="0" y="-1"/>
<monster name="Thalas" direction="2" spawntime="60" x="-2" y="-2"/>
<monster name="Rahemos" direction="2" spawntime="60" x="-3" y="-1"/>
<monster name="Demon Skeleton" direction="2" spawntime="60" x="0" y="1"/>
<monster name="Demon Skeleton" direction="2" spawntime="60" x="1" y="1"/>
</spawn>
<spawn centerx="82" centery="36" centerz="7" radius="5">
<monster name="Minotaur Guard" direction="2" spawntime="60" x="-4" y="-1"/>
<monster name="Minotaur Guard" direction="2" spawntime="60" x="2" y="-2"/>
<monster name="Minotaur Guard" direction="2" spawntime="60" x="0" y="2"/>
</spawn>
<spawn centerx="253" centery="114" centerz="7" radius="5">
<monster name="Ancient Scarab" direction="2" spawntime="60" x="3" y="3"/>
</spawn>
<spawn centerx="91" centery="37" centerz="7" radius="5">
<monster name="Minotaur Guard" direction="2" spawntime="60" x="-2" y="0"/>
<monster name="Minotaur Guard" direction="2" spawntime="60" x="0" y="-2"/>
</spawn>
<spawn centerx="274" centery="97" centerz="8" radius="5">
<monster name="Crypt Shambler" direction="2" spawntime="60" x="-3" y="2"/>
<monster name="Crypt Shambler" direction="2" spawntime="60" x="-1" y="-3"/>
</spawn>
<spawn centerx="274" centery="106" centerz="8" radius="5">
<monster name="Crypt Shambler" direction="2" spawntime="60" x="2" y="-1"/>
</spawn>
<spawn centerx="275" centery="88" centerz="8" radius="5">
<monster name="Crypt Shambler" direction="2" spawntime="60" x="0" y="2"/>
</spawn>
<spawn centerx="93" centery="93" centerz="7" radius="5">
<monster name="Giant Spider" direction="2" spawntime="60" x="0" y="1"/>
</spawn>
<spawn centerx="90" centery="156" centerz="8" radius="10">
<monster name="Dragon Lord" direction="2" spawntime="60" x="3" y="3"/>
<monster name="Hydra" direction="2" spawntime="60" x="-5" y="6"/>
</spawn>
<spawn centerx="63" centery="157" centerz="8" radius="20">
<monster name="Dragon Lord" direction="2" spawntime="60" x="-2" y="-18"/>
<monster name="Dragon Lord" direction="2" spawntime="60" x="12" y="-13"/>
<monster name="Dragon Lord" direction="2" spawntime="60" x="2" y="-2"/>
<monster name="Dragon Lord" direction="2" spawntime="60" x="-8" y="6"/>
<monster name="Dragon Lord" direction="2" spawntime="60" x="-5" y="9"/>
<monster name="Elder Beholder" direction="2" spawntime="60" x="-1" y="17"/>
<monster name="Hydra" direction="2" spawntime="60" x="11" y="4"/>
<monster name="Hydra" direction="2" spawntime="60" x="14" y="11"/>
<monster name="Hydra" direction="2" spawntime="60" x="10" y="17"/>
</spawn>
<spawn centerx="64" centery="137" centerz="8" radius="5">
<monster name="Dragon Lord" direction="2" spawntime="60" x="-3" y="0"/>
</spawn>
<spawn centerx="52" centery="184" centerz="9" radius="20">
<monster name="Dragon Lord" direction="2" spawntime="60" x="1" y="-18"/>
<monster name="Dragon Lord" direction="2" spawntime="60" x="1" y="-1"/>
<monster name="Dragon Lord" direction="2" spawntime="60" x="5" y="-9"/>
<monster name="Fire Devil" direction="2" spawntime="60" x="4" y="-7"/>
<monster name="Fire Devil" direction="2" spawntime="60" x="-8" y="-18"/>
<monster name="Demon" direction="2" spawntime="60" x="-1" y="18"/>
<monster name="Fire Elemental" direction="2" spawntime="60" x="-3" y="18"/>
<monster name="Dragon Lord" direction="2" spawntime="60" x="-3" y="-1"/>
<monster name="Dragon Lord" direction="2" spawntime="60" x="0" y="2"/>
</spawn>
<spawn centerx="63" centery="150" centerz="9" radius="20">
<monster name="Dragon Lord" direction="2" spawntime="60" x="15" y="13"/>
<monster name="Dragon Lord" direction="2" spawntime="60" x="5" y="14"/>
<monster name="Dragon Lord" direction="2" spawntime="60" x="4" y="0"/>
<monster name="Dragon Lord" direction="2" spawntime="60" x="0" y="-1"/>
<monster name="Dragon Lord" direction="2" spawntime="60" x="-5" y="4"/>
<monster name="Fire Devil" direction="2" spawntime="60" x="2" y="14"/>
<monster name="Fire Devil" direction="2" spawntime="60" x="-2" y="3"/>
</spawn>
<spawn centerx="78" centery="166" centerz="9" radius="5">
<monster name="Dragon Lord" direction="2" spawntime="60" x="2" y="2"/>
</spawn>
<spawn centerx="34" centery="168" centerz="9" radius="10">
<monster name="Dragon Lord" direction="2" spawntime="60" x="-1" y="4"/>
<monster name="Dragon Lord" direction="2" spawntime="60" x="1" y="0"/>
</spawn>
<spawn centerx="48" centery="31" centerz="7" radius="5">
<monster name="Demon Skeleton" direction="2" spawntime="60" x="-4" y="0"/>
</spawn>
<spawn centerx="146" centery="113" centerz="8" radius="5">
<monster name="Necromancer" direction="2" spawntime="60" x="-2" y="0"/>
<monster name="Demon Skeleton" direction="2" spawntime="60" x="2" y="-1"/>
</spawn>
<spawn centerx="145" centery="135" centerz="9" radius="5">
<monster name="Fire Devil" direction="2" spawntime="60" x="2" y="1"/>
<monster name="Fire Devil" direction="2" spawntime="60" x="-3" y="1"/>
<monster name="Fire Devil" direction="2" spawntime="60" x="-1" y="1"/>
</spawn>
<spawn centerx="102" centery="109" centerz="7" radius="5">
<monster name="Dragon" direction="2" spawntime="60" x="-4" y="-1"/>
</spawn>
<spawn centerx="147" centery="100" centerz="9" radius="8">
<monster name="Hero" direction="2" spawntime="60" x="-2" y="4"/>
<monster name="Hero" direction="2" spawntime="60" x="2" y="4"/>
</spawn>
<spawn centerx="139" centery="82" centerz="9" radius="10">
<monster name="Hero" direction="2" spawntime="60" x="-1" y="-2"/>
<monster name="Hero" direction="2" spawntime="60" x="-2" y="-3"/>
<monster name="Vampire" direction="2" spawntime="60" x="3" y="0"/>
<monster name="Vampire" direction="2" spawntime="60" x="-3" y="-8"/>
</spawn>
<spawn centerx="159" centery="82" centerz="9" radius="10">
<monster name="Hero" direction="2" spawntime="60" x="3" y="-3"/>
<monster name="Hero" direction="2" spawntime="60" x="1" y="-3"/>
<monster name="Vampire" direction="2" spawntime="60" x="-8" y="0"/>
<monster name="Vampire" direction="2" spawntime="60" x="-5" y="0"/>
<monster name="Vampire" direction="2" spawntime="60" x="-5" y="-8"/>
</spawn>
<spawn centerx="81" centery="94" centerz="10" radius="10">
<monster name="Banshee" direction="2" spawntime="60" x="-7" y="1"/>
<monster name="Banshee" direction="2" spawntime="60" x="-8" y="0"/>
<monster name="Dwarf Guard" direction="2" spawntime="60" x="-7" y="5"/>
<monster name="Dwarf Guard" direction="2" spawntime="60" x="7" y="0"/>
<monster name="Dwarf Geomancer" direction="2" spawntime="60" x="-2" y="1"/>
<monster name="Dwarf Geomancer" direction="2" spawntime="60" x="-4" y="-1"/>
</spawn>
<spawn centerx="77" centery="123" centerz="10" radius="15">
<monster name="Dwarf Guard" direction="2" spawntime="60" x="-2" y="1"/>
<monster name="Dwarf Guard" direction="2" spawntime="60" x="-4" y="-5"/>
<monster name="Dwarf Guard" direction="2" spawntime="60" x="3" y="0"/>
<monster name="Dwarf Guard" direction="2" spawntime="60" x="10" y="0"/>
<monster name="Dwarf Guard" direction="2" spawntime="60" x="-3" y="-12"/>
</spawn>
<spawn centerx="111" centery="126" centerz="10" radius="15">
<monster name="Dwarf Guard" direction="2" spawntime="60" x="0" y="-13"/>
<monster name="Dwarf Guard" direction="2" spawntime="60" x="3" y="-8"/>
<monster name="Dwarf Guard" direction="2" spawntime="60" x="0" y="-6"/>
<monster name="Dwarf Guard" direction="2" spawntime="60" x="2" y="3"/>
<monster name="Dwarf Guard" direction="2" spawntime="60" x="-4" y="2"/>
<monster name="Dwarf Guard" direction="2" spawntime="60" x="-13" y="1"/>
</spawn>
<spawn centerx="109" centery="96" centerz="10" radius="15">
<monster name="Dwarf Guard" direction="2" spawntime="60" x="-9" y="-3"/>
<monster name="Dwarf Guard" direction="2" spawntime="60" x="-3" y="-1"/>
<monster name="Dwarf Guard" direction="2" spawntime="60" x="2" y="0"/>
<monster name="Dwarf Guard" direction="2" spawntime="60" x="2" y="7"/>
<monster name="Dwarf Guard" direction="2" spawntime="60" x="6" y="11"/>
<monster name="Dwarf Guard" direction="2" spawntime="60" x="-14" y="5"/>
</spawn>
<spawn centerx="94" centery="105" centerz="10" radius="15">
<monster name="Dwarf Guard" direction="2" spawntime="60" x="-15" y="0"/>
<monster name="Dwarf Guard" direction="2" spawntime="60" x="-8" y="0"/>
<monster name="Dwarf Guard" direction="2" spawntime="60" x="0" y="-11"/>
<monster name="Dwarf Guard" direction="2" spawntime="60" x="1" y="12"/>
</spawn>
<spawn centerx="130" centery="70" centerz="9" radius="6">
<monster name="Vampire" direction="2" spawntime="60" x="-5" y="-2"/>
<monster name="Vampire" direction="2" spawntime="60" x="-6" y="0"/>
</spawn>
<spawn centerx="159" centery="67" centerz="9" radius="10">
<monster name="Vampire" direction="2" spawntime="60" x="-6" y="0"/>
<monster name="Vampire" direction="2" spawntime="60" x="-1" y="5"/>
<monster name="Vampire" direction="2" spawntime="60" x="4" y="5"/>
<monster name="Vampire" direction="2" spawntime="60" x="-5" y="-5"/>
<monster name="Vampire" direction="2" spawntime="60" x="4" y="-1"/>
<monster name="Vampire" direction="2" spawntime="60" x="8" y="-1"/>
<monster name="Vampire" direction="2" spawntime="60" x="7" y="-7"/>
<monster name="Vampire" direction="2" spawntime="60" x="1" y="-7"/>
<monster name="Fire Elemental" direction="2" spawntime="60" x="0" y="-10"/>
</spawn>
<spawn centerx="221" centery="154" centerz="7" radius="10">
<monster name="Ancient Scarab" direction="2" spawntime="60" x="-2" y="3"/>
<monster name="Ancient Scarab" direction="2" spawntime="60" x="-3" y="2"/>
<monster name="Vashresamun" direction="2" spawntime="60" x="-3" y="-2"/>
<monster name="Ancient Scarab" direction="2" spawntime="60" x="-5" y="3"/>
<monster name="Ancient Scarab" direction="2" spawntime="60" x="-5" y="2"/>
<monster name="Dipthrah" direction="2" spawntime="60" x="-6" y="3"/>
<monster name="Thalas" direction="2" spawntime="60" x="-5" y="6"/>
<monster name="Rahemos" direction="2" spawntime="60" x="-5" y="5"/>
<monster name="Rahemos" direction="2" spawntime="60" x="-2" y="6"/>
<monster name="Thalas" direction="2" spawntime="60" x="-2" y="5"/>
<monster name="Marid" direction="2" spawntime="60" x="0" y="3"/>
<monster name="Efreet" direction="2" spawntime="60" x="0" y="2"/>
<monster name="Marid" direction="2" spawntime="60" x="0" y="1"/>
<monster name="Marid" direction="2" spawntime="60" x="-2" y="0"/>
<monster name="Efreet" direction="2" spawntime="60" x="-3" y="0"/>
<monster name="Efreet" direction="2" spawntime="60" x="-6" y="-1"/>
<monster name="Rahemos" direction="2" spawntime="60" x="-3" y="-3"/>
<monster name="Thalas" direction="2" spawntime="60" x="-1" y="-2"/>
<monster name="Dipthrah" direction="2" spawntime="60" x="-1" y="-3"/>
<monster name="Rahemos" direction="2" spawntime="60" x="2" y="-3"/>
<monster name="Thalas" direction="2" spawntime="60" x="2" y="-2"/>
<monster name="Thalas" direction="2" spawntime="60" x="2" y="0"/>
<monster name="Thalas" direction="2" spawntime="60" x="2" y="1"/>
<monster name="Thalas" direction="2" spawntime="60" x="3" y="6"/>
<monster name="Thalas" direction="2" spawntime="60" x="4" y="6"/>
<monster name="Ancient Scarab" direction="2" spawntime="60" x="4" y="0"/>
<monster name="Ancient Scarab" direction="2" spawntime="60" x="5" y="0"/>
<monster name="Ancient Scarab" direction="2" spawntime="60" x="4" y="1"/>
<monster name="Ancient Scarab" direction="2" spawntime="60" x="5" y="1"/>
<monster name="Rahemos" direction="2" spawntime="60" x="4" y="3"/>
<monster name="Elephant" direction="2" spawntime="60" x="6" y="-7"/>
<monster name="Elephant" direction="2" spawntime="60" x="2" y="-8"/>
</spawn>
<spawn centerx="221" centery="155" centerz="6" radius="10">
<monster name="Ancient Scarab" direction="2" spawntime="60" x="1" y="-2"/>
<monster name="Ancient Scarab" direction="2" spawntime="60" x="0" y="-2"/>
<monster name="Thalas" direction="2" spawntime="60" x="-4" y="3"/>
<monster name="Ancient Scarab" direction="2" spawntime="60" x="2" y="-2"/>
<monster name="Ancient Scarab" direction="2" spawntime="60" x="0" y="-1"/>
<monster name="Dipthrah" direction="2" spawntime="60" x="3" y="-1"/>
<monster name="Thalas" direction="2" spawntime="60" x="1" y="2"/>
<monster name="Dipthrah" direction="2" spawntime="60" x="1" y="3"/>
<monster name="Lich" direction="2" spawntime="60" x="-1" y="2"/>
<monster name="Lich" direction="2" spawntime="60" x="-1" y="3"/>
<monster name="Rahemos" direction="2" spawntime="60" x="-4" y="1"/>
<monster name="Omruc" direction="2" spawntime="60" x="-2" y="1"/>
<monster name="Rahemos" direction="2" spawntime="60" x="-4" y="-2"/>
<monster name="Rahemos" direction="2" spawntime="60" x="-2" y="-2"/>
<monster name="Rahemos" direction="2" spawntime="60" x="-3" y="-1"/>
</spawn>
<spawn centerx="221" centery="156" centerz="5" radius="10">
<monster name="Lich" direction="2" spawntime="60" x="-1" y="0"/>
<monster name="Mahrdis" direction="2" spawntime="60" x="-1" y="-1"/>
<monster name="Dipthrah" direction="2" spawntime="60" x="1" y="-1"/>
</spawn>
<spawn centerx="221" centery="156" centerz="8" radius="10">
<monster name="Ancient Scarab" direction="2" spawntime="60" x="4" y="-4"/>
<monster name="Ancient Scarab" direction="2" spawntime="60" x="3" y="-6"/>
<monster name="Ancient Scarab" direction="2" spawntime="60" x="2" y="-6"/>
<monster name="Dipthrah" direction="2" spawntime="60" x="1" y="-5"/>
<monster name="Marid" direction="2" spawntime="60" x="3" y="-8"/>
<monster name="Marid" direction="2" spawntime="60" x="-1" y="-8"/>
<monster name="Efreet" direction="2" spawntime="60" x="-2" y="-3"/>
<monster name="Morguthis" direction="2" spawntime="60" x="-2" y="-1"/>
<monster name="Ashmunrah" direction="2" spawntime="60" x="3" y="0"/>
<monster name="Ancient Scarab" direction="2" spawntime="60" x="4" y="2"/>
<monster name="Ancient Scarab" direction="2" spawntime="60" x="1" y="5"/>
<monster name="Ancient Scarab" direction="2" spawntime="60" x="-1" y="3"/>
<monster name="Thalas" direction="2" spawntime="60" x="-6" y="-4"/>
<monster name="Lich" direction="2" spawntime="60" x="-7" y="3"/>
<monster name="Lich" direction="2" spawntime="60" x="-7" y="1"/>
<monster name="Lich" direction="2" spawntime="60" x="-7" y="0"/>
<monster name="Lich" direction="2" spawntime="60" x="-7" y="-2"/>
<monster name="Ancient Scarab" direction="2" spawntime="60" x="3" y="-4"/>
<monster name="Mahrdis" direction="2" spawntime="60" x="0" y="-5"/>
<monster name="Omruc" direction="2" spawntime="60" x="0" y="-3"/>
<monster name="Ashmunrah" direction="2" spawntime="60" x="3" y="-2"/>
<monster name="Dipthrah" direction="2" spawntime="60" x="2" y="-2"/>
<monster name="Omruc" direction="2" spawntime="60" x="6" y="-4"/>
<monster name="Rahemos" direction="2" spawntime="60" x="7" y="-4"/>
<monster name="Marid" direction="2" spawntime="60" x="2" y="-8"/>
<monster name="Efreet" direction="2" spawntime="60" x="-2" y="-8"/>
<monster name="Efreet" direction="2" spawntime="60" x="-2" y="-4"/>
<monster name="Thalas" direction="2" spawntime="60" x="-2" y="0"/>
<monster name="Thalas" direction="2" spawntime="60" x="2" y="0"/>
<monster name="Omruc" direction="2" spawntime="60" x="7" y="0"/>
<monster name="Ashmunrah" direction="2" spawntime="60" x="6" y="0"/>
<monster name="Dipthrah" direction="2" spawntime="60" x="7" y="1"/>
<monster name="Ancient Scarab" direction="2" spawntime="60" x="5" y="2"/>
<monster name="Ancient Scarab" direction="2" spawntime="60" x="2" y="5"/>
<monster name="Ancient Scarab" direction="2" spawntime="60" x="-1" y="2"/>
<monster name="Ancient Scarab" direction="2" spawntime="60" x="-5" y="2"/>
<monster name="Ancient Scarab" direction="2" spawntime="60" x="-7" y="5"/>
<monster name="Ancient Scarab" direction="2" spawntime="60" x="-2" y="5"/>
<monster name="Ancient Scarab" direction="2" spawntime="60" x="-3" y="5"/>
<monster name="Ancient Scarab" direction="2" spawntime="60" x="-6" y="5"/>
<monster name="Lich" direction="2" spawntime="60" x="-4" y="0"/>
<monster name="Lich" direction="2" spawntime="60" x="-5" y="0"/>
<monster name="Lich" direction="2" spawntime="60" x="-6" y="-2"/>
<monster name="Dipthrah" direction="2" spawntime="60" x="-5" y="-4"/>
<monster name="Rahemos" direction="2" spawntime="60" x="6" y="-8"/>
<monster name="Rahemos" direction="2" spawntime="60" x="5" y="-8"/>
<monster name="Morguthis" direction="2" spawntime="60" x="-5" y="-6"/>
<monster name="Thalas" direction="2" spawntime="60" x="-6" y="-6"/>
<monster name="Dipthrah" direction="2" spawntime="60" x="-7" y="-6"/>
<monster name="Ashmunrah" direction="2" spawntime="60" x="-7" y="-7"/>
<monster name="Mahrdis" direction="2" spawntime="60" x="-6" y="-7"/>
<monster name="Rahemos" direction="2" spawntime="60" x="-6" y="-8"/>
<monster name="Omruc" direction="2" spawntime="60" x="-5" y="-8"/>
<monster name="Ancient Scarab" direction="2" spawntime="60" x="1" y="2"/>
<monster name="Ancient Scarab" direction="2" spawntime="60" x="1" y="3"/>
<monster name="Ancient Scarab" direction="2" spawntime="60" x="3" y="4"/>
<monster name="Ancient Scarab" direction="2" spawntime="60" x="3" y="3"/>
<monster name="Ancient Scarab" direction="2" spawntime="60" x="-3" y="3"/>
<monster name="Ancient Scarab" direction="2" spawntime="60" x="-3" y="2"/>
<monster name="Omruc" direction="2" spawntime="60" x="7" y="5"/>
<monster name="Ashmunrah" direction="2" spawntime="60" x="7" y="4"/>
<monster name="Ashmunrah" direction="2" spawntime="60" x="6" y="5"/>
</spawn>
<spawn centerx="213" centery="147" centerz="9" radius="5">
<monster name="Gargoyle" direction="2" spawntime="60" x="2" y="2"/>
<monster name="Gargoyle" direction="2" spawntime="60" x="1" y="-1"/>
<monster name="Gargoyle" direction="2" spawntime="60" x="2" y="0"/>
<monster name="Gargoyle" direction="2" spawntime="60" x="1" y="1"/>
</spawn>
<spawn centerx="121" centery="94" centerz="6" radius="5">
<monster name="Cyclops" direction="2" spawntime="60" x="4" y="0"/>
</spawn>
<spawn centerx="141" centery="89" centerz="5" radius="5">
<monster name="Black Knight" direction="2" spawntime="60" x="-1" y="-1"/>
<monster name="Black Knight" direction="2" spawntime="60" x="0" y="0"/>
</spawn>
<spawn centerx="141" centery="89" centerz="4" radius="5">
<monster name="Warlock" direction="2" spawntime="60" x="0" y="2"/>
</spawn>
<spawn centerx="164" centery="81" centerz="7" radius="5">
<monster name="Minotaur" direction="2" spawntime="60" x="3" y="-1"/>
<monster name="Minotaur" direction="2" spawntime="60" x="-3" y="-2"/>
</spawn>
<spawn centerx="193" centery="25" centerz="7" radius="3">
<monster name="Pig" direction="2" spawntime="60" x="0" y="1"/>
<monster name="Pig" direction="2" spawntime="60" x="-2" y="1"/>
<monster name="Pig" direction="2" spawntime="60" x="3" y="0"/>
</spawn>
<spawn centerx="167" centery="117" centerz="7" radius="7">
<monster name="Goblin" direction="2" spawntime="60" x="-1" y="-3"/>
<monster name="Goblin" direction="2" spawntime="60" x="3" y="-3"/>
<monster name="Goblin" direction="2" spawntime="60" x="1" y="6"/>
<monster name="Goblin" direction="2" spawntime="60" x="-3" y="1"/>
<monster name="Goblin" direction="2" spawntime="60" x="0" y="-1"/>
<monster name="Dworc Venomsniper" direction="2" spawntime="60" x="-3" y="-1"/>
<monster name="Dworc Venomsniper" direction="2" spawntime="60" x="-2" y="5"/>
<monster name="Dworc Venomsniper" direction="2" spawntime="60" x="3" y="1"/>
<monster name="Dworc Venomsniper" direction="2" spawntime="60" x="3" y="3"/>
</spawn>
<spawn centerx="160" centery="122" centerz="7" radius="7">
<monster name="Goblin" direction="2" spawntime="60" x="-1" y="0"/>
<monster name="Goblin" direction="2" spawntime="60" x="-2" y="2"/>
<monster name="Goblin" direction="2" spawntime="60" x="-6" y="2"/>
<monster name="Dworc Venomsniper" direction="2" spawntime="60" x="-5" y="0"/>
<monster name="Dworc Venomsniper" direction="2" spawntime="60" x="-1" y="-1"/>
</spawn>
<spawn centerx="160" centery="123" centerz="6" radius="7">
<monster name="Goblin" direction="2" spawntime="60" x="-5" y="0"/>
<monster name="Goblin" direction="2" spawntime="60" x="-1" y="-2"/>
<monster name="Goblin" direction="2" spawntime="60" x="1" y="-2"/>
<monster name="Goblin" direction="2" spawntime="60" x="3" y="-2"/>
<monster name="Goblin" direction="2" spawntime="60" x="1" y="1"/>
<monster name="Goblin" direction="2" spawntime="60" x="5" y="0"/>
<monster name="Dworc Venomsniper" direction="2" spawntime="60" x="0" y="-2"/>
<monster name="Dworc Venomsniper" direction="2" spawntime="60" x="2" y="-2"/>
<monster name="Dworc Venomsniper" direction="2" spawntime="60" x="1" y="0"/>
<monster name="Dworc Venomsniper" direction="2" spawntime="60" x="-3" y="-1"/>
<monster name="Dworc Venomsniper" direction="2" spawntime="60" x="5" y="-3"/>
</spawn>
<spawn centerx="168" centery="117" centerz="6" radius="7">
<monster name="Goblin" direction="2" spawntime="60" x="1" y="5"/>
<monster name="Goblin" direction="2" spawntime="60" x="2" y="3"/>
<monster name="Goblin" direction="2" spawntime="60" x="0" y="2"/>
<monster name="Goblin" direction="2" spawntime="60" x="2" y="-1"/>
<monster name="Goblin" direction="2" spawntime="60" x="1" y="-3"/>
<monster name="Goblin" direction="2" spawntime="60" x="-4" y="0"/>
<monster name="Dworc Venomsniper" direction="2" spawntime="60" x="-3" y="-1"/>
<monster name="Dworc Venomsniper" direction="2" spawntime="60" x="2" y="2"/>
<monster name="Dworc Venomsniper" direction="2" spawntime="60" x="1" y="-2"/>
</spawn>
<spawn centerx="169" centery="118" centerz="5" radius="7">
<monster name="Goblin" direction="2" spawntime="60" x="1" y="2"/>
<monster name="Goblin" direction="2" spawntime="60" x="-1" y="0"/>
<monster name="Goblin" direction="2" spawntime="60" x="-1" y="4"/>
<monster name="Goblin" direction="2" spawntime="60" x="2" y="0"/>
<monster name="Goblin" direction="2" spawntime="60" x="1" y="-2"/>
<monster name="Goblin" direction="2" spawntime="60" x="-1" y="-3"/>
<monster name="Goblin" direction="2" spawntime="60" x="0" y="-5"/>
<monster name="Dworc Venomsniper" direction="2" spawntime="60" x="0" y="5"/>
<monster name="Dworc Venomsniper" direction="2" spawntime="60" x="1" y="-1"/>
<monster name="Dworc Venomsniper" direction="2" spawntime="60" x="2" y="-3"/>
<monster name="Dworc Venomsniper" direction="2" spawntime="60" x="-1" y="1"/>
<monster name="Dworc Venomsniper" direction="2" spawntime="60" x="-1" y="-2"/>
<monster name="Dworc Voodoomaster" direction="2" spawntime="60" x="1" y="4"/>
<monster name="Dworc Voodoomaster" direction="2" spawntime="60" x="2" y="-5"/>
<monster name="Dworc Voodoomaster" direction="2" spawntime="60" x="4" y="-5"/>
<monster name="Dworc Voodoomaster" direction="2" spawntime="60" x="4" y="-2"/>
<monster name="Dworc Venomsniper" direction="2" spawntime="60" x="-3" y="-4"/>
<monster name="Dworc Fleshhunter" direction="2" spawntime="60" x="-5" y="-4"/>
<monster name="Dworc Fleshhunter" direction="2" spawntime="60" x="-3" y="2"/>
<monster name="Dworc Voodoomaster" direction="2" spawntime="60" x="4" y="3"/>
<monster name="Dworc Venomsniper" direction="2" spawntime="60" x="4" y="0"/>
<monster name="Dworc Voodoomaster" direction="2" spawntime="60" x="-3" y="5"/>
<monster name="Dworc Fleshhunter" direction="2" spawntime="60" x="-3" y="-1"/>
<monster name="Dworc Voodoomaster" direction="2" spawntime="60" x="-5" y="-1"/>
<monster name="Dworc Fleshhunter" direction="2" spawntime="60" x="-5" y="2"/>
<monster name="Dworc Fleshhunter" direction="2" spawntime="60" x="-4" y="-5"/>
<monster name="Dworc Venomsniper" direction="2" spawntime="60" x="-5" y="4"/>
</spawn>
<spawn centerx="109" centery="125" centerz="8" radius="5">
<monster name="Dragon" direction="2" spawntime="60" x="-3" y="0"/>
</spawn>
<spawn centerx="190" centery="160" centerz="7" radius="5">
<monster name="Crocodile" direction="2" spawntime="60" x="4" y="2"/>
<monster name="Crocodile" direction="2" spawntime="60" x="2" y="0"/>
<monster name="Crocodile" direction="2" spawntime="60" x="0" y="2"/>
<monster name="Crocodile" direction="2" spawntime="60" x="-2" y="2"/>
<monster name="Crocodile" direction="2" spawntime="60" x="-4" y="-2"/>
<monster name="Crocodile" direction="2" spawntime="60" x="-2" y="-1"/>
</spawn>
<spawn centerx="201" centery="133" centerz="6" radius="9">
<monster name="Hydra" direction="2" spawntime="60" x="2" y="-8"/>
<monster name="Hydra" direction="2" spawntime="60" x="-3" y="-4"/>
<monster name="Hydra" direction="2" spawntime="60" x="5" y="1"/>
<monster name="Hydra" direction="2" spawntime="60" x="-2" y="1"/>
</spawn>
<spawn centerx="240" centery="155" centerz="7" radius="10">
<monster name="Lizard Templar" direction="2" spawntime="60" x="-1" y="-2"/>
<monster name="Lizard Templar" direction="2" spawntime="60" x="-5" y="-1"/>
<monster name="Elephant" direction="2" spawntime="60" x="-4" y="8"/>
<monster name="Lizard Templar" direction="2" spawntime="60" x="7" y="1"/>
<monster name="Lizard Templar" direction="2" spawntime="60" x="4" y="-2"/>
<monster name="Lizard Templar" direction="2" spawntime="60" x="1" y="-3"/>
<monster name="Lizard Templar" direction="2" spawntime="60" x="-6" y="2"/>
</spawn>
<spawn centerx="241" centery="154" centerz="6" radius="10">
<monster name="Lizard Templar" direction="2" spawntime="60" x="-1" y="-2"/>
<monster name="Lizard Templar" direction="2" spawntime="60" x="3" y="-1"/>
<monster name="Lizard Templar" direction="2" spawntime="60" x="5" y="2"/>
<monster name="Lizard Templar" direction="2" spawntime="60" x="-3" y="4"/>
<monster name="Lizard Templar" direction="2" spawntime="60" x="0" y="-1"/>
<monster name="Lizard Templar" direction="2" spawntime="60" x="-6" y="3"/>
<monster name="Lizard Templar" direction="2" spawntime="60" x="7" y="2"/>
</spawn>
<spawn centerx="237" centery="155" centerz="5" radius="5">
<monster name="Bat" direction="2" spawntime="60" x="2" y="1"/>
<monster name="Bat" direction="2" spawntime="60" x="1" y="1"/>
</spawn>
<spawn centerx="219" centery="174" centerz="8" radius="8">
<monster name="Hydra" direction="2" spawntime="60" x="3" y="-5"/>
</spawn>
<spawn centerx="206" centery="144" centerz="7" radius="10">
<monster name="Elephant" direction="2" spawntime="60" x="0" y="4"/>
<monster name="Spit Nettle" direction="2" spawntime="60" x="-6" y="-3"/>
<monster name="Spit Nettle" direction="2" spawntime="60" x="2" y="-1"/>
<monster name="Elephant" direction="2" spawntime="60" x="-4" y="0"/>
<monster name="Elephant" direction="2" spawntime="60" x="0" y="-6"/>
<monster name="Elephant" direction="2" spawntime="60" x="6" y="1"/>
</spawn>
<spawn centerx="192" centery="137" centerz="7" radius="5">
<monster name="Elephant" direction="2" spawntime="60" x="-3" y="1"/>
<monster name="Elephant" direction="2" spawntime="60" x="2" y="3"/>
<monster name="Elephant" direction="2" spawntime="60" x="0" y="-4"/>
</spawn>
<spawn centerx="222" centery="168" centerz="7" radius="5">
<monster name="Merlkin" direction="2" spawntime="60" x="0" y="-4"/>
<monster name="Merlkin" direction="2" spawntime="60" x="0" y="-1"/>
<monster name="Elephant" direction="2" spawntime="60" x="4" y="-3"/>
</spawn>
<spawn centerx="207" centery="163" centerz="7" radius="5">
<monster name="Sibang" direction="2" spawntime="60" x="0" y="2"/>
<monster name="Sibang" direction="2" spawntime="60" x="2" y="2"/>
<monster name="Elephant" direction="2" spawntime="60" x="-2" y="-2"/>
<monster name="Sibang" direction="2" spawntime="60" x="4" y="0"/>
<monster name="Kongra" direction="2" spawntime="60" x="2" y="-1"/>
<monster name="Sibang" direction="2" spawntime="60" x="-1" y="0"/>
<monster name="Merlkin" direction="2" spawntime="60" x="4" y="3"/>
</spawn>
<spawn centerx="216" centery="167" centerz="7" radius="5">
<monster name="Sibang" direction="2" spawntime="60" x="-4" y="0"/>
<monster name="Merlkin" direction="2" spawntime="60" x="-3" y="-3"/>
<monster name="Kongra" direction="2" spawntime="60" x="1" y="0"/>
<monster name="Merlkin" direction="2" spawntime="60" x="-2" y="0"/>
<monster name="Sibang" direction="2" spawntime="60" x="1" y="-2"/>
</spawn>
<spawn centerx="254" centery="154" centerz="7" radius="5">
<monster name="Tarantula" direction="2" spawntime="60" x="1" y="0"/>
<monster name="Tarantula" direction="2" spawntime="60" x="-1" y="-4"/>
</spawn>
<spawn centerx="253" centery="162" centerz="7" radius="5">
<monster name="Tarantula" direction="2" spawntime="60" x="2" y="2"/>
<monster name="Tarantula" direction="2" spawntime="60" x="0" y="-2"/>
<monster name="Tarantula" direction="2" spawntime="60" x="-4" y="2"/>
</spawn>
<spawn centerx="201" centery="156" centerz="7" radius="5">
<monster name="Elephant" direction="2" spawntime="60" x="-3" y="4"/>
<monster name="Tarantula" direction="2" spawntime="60" x="4" y="-1"/>
</spawn>
<spawn centerx="237" centery="167" centerz="7" radius="5">
<monster name="Tarantula" direction="2" spawntime="60" x="1" y="2"/>
<monster name="Tarantula" direction="2" spawntime="60" x="3" y="0"/>
</spawn>
<spawn centerx="221" centery="187" centerz="8" radius="5">
<monster name="Hydra" direction="2" spawntime="60" x="3" y="1"/>
<monster name="Hydra" direction="2" spawntime="60" x="1" y="-4"/>
</spawn>
<spawn centerx="190" centery="149" centerz="7" radius="5">
<monster name="Crab" direction="2" spawntime="60" x="1" y="-3"/>
<monster name="Crab" direction="2" spawntime="60" x="4" y="-3"/>
<monster name="Crab" direction="2" spawntime="60" x="-2" y="-4"/>
</spawn>
<spawn centerx="225" centery="195" centerz="8" radius="5">
<monster name="Hydra" direction="2" spawntime="60" x="-1" y="2"/>
<monster name="Hydra" direction="2" spawntime="60" x="2" y="3"/>
<monster name="Hydra" direction="2" spawntime="60" x="0" y="-2"/>
</spawn>
<spawn centerx="152" centery="81" centerz="5" radius="5">
<monster name="Crocodile" direction="2" spawntime="60" x="-2" y="-1"/>
<monster name="Crocodile" direction="2" spawntime="60" x="1" y="0"/>
<monster name="Crocodile" direction="2" spawntime="60" x="0" y="4"/>
<monster name="Amazon" direction="2" spawntime="60" x="-3" y="3"/>
<monster name="Amazon" direction="2" spawntime="60" x="4" y="2"/>
<monster name="Valkyrie" direction="2" spawntime="60" x="4" y="-1"/>
</spawn>
<spawn centerx="91" centery="130" centerz="8" radius="5">
<monster name="Hero" direction="2" spawntime="60" x="-1" y="0"/>
<monster name="Hero" direction="2" spawntime="60" x="0" y="-3"/>
</spawn>
<spawn centerx="85" centery="116" centerz="8" radius="5">
<monster name="Necromancer" direction="2" spawntime="60" x="1" y="-2"/>
</spawn>
<spawn centerx="127" centery="78" centerz="6" radius="5">
<monster name="Cyclops" direction="2" spawntime="60" x="-3" y="-1"/>
</spawn>
<spawn centerx="113" centery="90" centerz="5" radius="8">
<monster name="Stone Golem" direction="2" spawntime="60" x="0" y="8"/>
<monster name="Stone Golem" direction="2" spawntime="60" x="4" y="3"/>
<monster name="Stone Golem" direction="2" spawntime="60" x="1" y="-2"/>
</spawn>
<spawn centerx="229" centery="31" centerz="7" radius="10">
<monster name="Winter Wolf" direction="2" spawntime="60" x="-3" y="-1"/>
<monster name="Winter Wolf" direction="2" spawntime="60" x="1" y="4"/>
<monster name="Winter Wolf" direction="2" spawntime="60" x="8" y="1"/>
<monster name="Winter Wolf" direction="2" spawntime="60" x="9" y="1"/>
<monster name="Winter Wolf" direction="2" spawntime="60" x="6" y="6"/>
<monster name="Polar Bear" direction="2" spawntime="60" x="-7" y="1"/>
<monster name="Polar Bear" direction="2" spawntime="60" x="1" y="3"/>
<monster name="Polar Bear" direction="2" spawntime="60" x="8" y="2"/>
<monster name="Frost Troll" direction="2" spawntime="60" x="-9" y="-3"/>
<monster name="Frost Troll" direction="2" spawntime="60" x="1" y="0"/>
<monster name="Frost Troll" direction="2" spawntime="60" x="8" y="4"/>
<monster name="Frost Troll" direction="2" spawntime="60" x="4" y="3"/>
<monster name="Frost Troll" direction="2" spawntime="60" x="-10" y="0"/>
</spawn>
<spawn centerx="252" centery="38" centerz="7" radius="10">
<monster name="Winter Wolf" direction="2" spawntime="60" x="-6" y="3"/>
<monster name="Winter Wolf" direction="2" spawntime="60" x="-6" y="-4"/>
<monster name="Winter Wolf" direction="2" spawntime="60" x="-3" y="-5"/>
<monster name="Winter Wolf" direction="2" spawntime="60" x="3" y="8"/>
<monster name="Winter Wolf" direction="2" spawntime="60" x="2" y="-1"/>
<monster name="Polar Bear" direction="2" spawntime="60" x="-5" y="-4"/>
<monster name="Polar Bear" direction="2" spawntime="60" x="-6" y="-1"/>
<monster name="Polar Bear" direction="2" spawntime="60" x="0" y="1"/>
<monster name="Frost Troll" direction="2" spawntime="60" x="-7" y="1"/>
<monster name="Frost Troll" direction="2" spawntime="60" x="-3" y="-8"/>
<monster name="Frost Troll" direction="2" spawntime="60" x="3" y="-8"/>
<monster name="Frost Troll" direction="2" spawntime="60" x="2" y="-2"/>
<monster name="Frost Troll" direction="2" spawntime="60" x="-2" y="9"/>
<monster name="Polar Bear" direction="2" spawntime="60" x="-4" y="7"/>
<monster name="Frost Troll" direction="2" spawntime="60" x="-7" y="6"/>
</spawn>
<spawn centerx="253" centery="36" centerz="6" radius="7">
<monster name="Yeti" direction="2" spawntime="60" x="3" y="5"/>
<monster name="Yeti" direction="2" spawntime="60" x="4" y="-3"/>
<monster name="Yeti" direction="2" spawntime="60" x="4" y="-5"/>
</spawn>
<spawn centerx="242" centery="36" centerz="8" radius="5">
<monster name="Yeti" direction="2" spawntime="60" x="-1" y="1"/>
</spawn>
<spawn centerx="255" centery="44" centerz="8" radius="5">
<monster name="Yeti" direction="2" spawntime="60" x="1" y="0"/>
</spawn>
<spawn centerx="243" centery="22" centerz="8" radius="5">
<monster name="Yeti" direction="2" spawntime="60" x="0" y="0"/>
</spawn>
<spawn centerx="262" centery="28" centerz="8" radius="5">
<monster name="Yeti" direction="2" spawntime="60" x="1" y="1"/>
</spawn>
<spawn centerx="133" centery="63" centerz="8" radius="7">
<monster name="Rotworm" direction="2" spawntime="60" x="0" y="2"/>
<monster name="Rotworm" direction="2" spawntime="60" x="4" y="-5"/>
<monster name="Rotworm" direction="2" spawntime="60" x="-2" y="-1"/>
</spawn>
<spawn centerx="144" centery="69" centerz="8" radius="7">
<monster name="Rotworm" direction="2" spawntime="60" x="-7" y="0"/>
<monster name="Rotworm" direction="2" spawntime="60" x="-3" y="1"/>
<monster name="Rotworm" direction="2" spawntime="60" x="1" y="-1"/>
<monster name="Rotworm" direction="2" spawntime="60" x="-2" y="-5"/>
</spawn>
<spawn centerx="150" centery="61" centerz="8" radius="8">
<monster name="Rotworm" direction="2" spawntime="60" x="-5" y="-3"/>
<monster name="Rotworm" direction="2" spawntime="60" x="-1" y="4"/>
</spawn>
<spawn centerx="163" centery="65" centerz="8" radius="5">
<monster name="Rotworm" direction="2" spawntime="60" x="1" y="-2"/>
<monster name="Rotworm" direction="2" spawntime="60" x="-3" y="0"/>
</spawn>
<spawn centerx="120" centery="63" centerz="8" radius="5">
<monster name="Rotworm" direction="2" spawntime="60" x="-5" y="0"/>
</spawn>
<spawn centerx="116" centery="74" centerz="8" radius="5">
<monster name="Rotworm" direction="2" spawntime="60" x="-1" y="1"/>
<monster name="Rotworm" direction="2" spawntime="60" x="0" y="-4"/>
<monster name="Cyclops" direction="2" spawntime="60" x="4" y="1"/>
</spawn>
<spawn centerx="107" centery="75" centerz="8" radius="5">
<monster name="Rotworm" direction="2" spawntime="60" x="-4" y="-2"/>
<monster name="Rotworm" direction="2" spawntime="60" x="3" y="0"/>
</spawn>
<spawn centerx="104" centery="69" centerz="8" radius="5">
<monster name="Rotworm" direction="2" spawntime="60" x="2" y="-1"/>
</spawn>
<spawn centerx="113" centery="67" centerz="8" radius="5">
<monster name="Rotworm" direction="2" spawntime="60" x="-2" y="0"/>
</spawn>
<spawn centerx="97" centery="74" centerz="8" radius="5">
<monster name="Rotworm" direction="2" spawntime="60" x="1" y="1"/>
<monster name="Rotworm" direction="2" spawntime="60" x="-1" y="-3"/>
</spawn>
<spawn centerx="96" centery="62" centerz="8" radius="5">
<monster name="Rotworm" direction="2" spawntime="60" x="2" y="4"/>
<monster name="Rotworm" direction="2" spawntime="60" x="0" y="0"/>
<monster name="Rotworm" direction="2" spawntime="60" x="0" y="-3"/>
</spawn>
<spawn centerx="108" centery="62" centerz="8" radius="5">
<monster name="Rotworm" direction="2" spawntime="60" x="-2" y="0"/>
<monster name="Rotworm" direction="2" spawntime="60" x="4" y="-3"/>
</spawn>
<spawn centerx="112" centery="53" centerz="8" radius="5">
<monster name="Rotworm" direction="2" spawntime="60" x="1" y="2"/>
<monster name="Rotworm" direction="2" spawntime="60" x="-2" y="0"/>
</spawn>
<spawn centerx="101" centery="52" centerz="8" radius="5">
<monster name="Rotworm" direction="2" spawntime="60" x="4" y="0"/>
<monster name="Rotworm" direction="2" spawntime="60" x="-4" y="-3"/>
</spawn>
<spawn centerx="97" centery="45" centerz="8" radius="5">
<monster name="Rotworm" direction="2" spawntime="60" x="-1" y="-2"/>
<monster name="Rotworm" direction="2" spawntime="60" x="3" y="-2"/>
</spawn>
<spawn centerx="95" centery="38" centerz="8" radius="5">
<monster name="Rotworm" direction="2" spawntime="60" x="1" y="-1"/>
</spawn>
<spawn centerx="103" centery="37" centerz="8" radius="5">
<monster name="Rotworm" direction="2" spawntime="60" x="-1" y="1"/>
<monster name="Rotworm" direction="2" spawntime="60" x="4" y="1"/>
</spawn>
<spawn centerx="108" centery="45" centerz="8" radius="5">
<monster name="Rotworm" direction="2" spawntime="60" x="-1" y="2"/>
<monster name="Rotworm" direction="2" spawntime="60" x="0" y="-2"/>
</spawn>
<spawn centerx="204" centery="28" centerz="8" radius="5">
<monster name="Winter Wolf" direction="2" spawntime="60" x="3" y="-1"/>
<monster name="Winter Wolf" direction="2" spawntime="60" x="3" y="1"/>
<monster name="Winter Wolf" direction="2" spawntime="60" x="-3" y="1"/>
<monster name="Winter Wolf" direction="2" spawntime="60" x="-3" y="2"/>
<monster name="Frost Troll" direction="2" spawntime="60" x="5" y="0"/>
<monster name="Frost Troll" direction="2" spawntime="60" x="-3" y="-1"/>
<monster name="Frost Troll" direction="2" spawntime="60" x="-1" y="1"/>
</spawn>
<spawn centerx="32" centery="108" centerz="7" radius="5">
<monster name="Elder Beholder" direction="2" spawntime="60" x="2" y="-3"/>
<monster name="Elder Beholder" direction="2" spawntime="60" x="-2" y="2"/>
</spawn>
<spawn centerx="30" centery="117" centerz="7" radius="5">
<monster name="Hydra" direction="2" spawntime="60" x="-1" y="2"/>
<monster name="Kongra" direction="2" spawntime="60" x="-3" y="3"/>
<monster name="Kongra" direction="2" spawntime="60" x="3" y="2"/>
</spawn>
<spawn centerx="33" centery="125" centerz="7" radius="5">
<monster name="Kongra" direction="2" spawntime="60" x="-4" y="-3"/>
<monster name="Kongra" direction="2" spawntime="60" x="-4" y="2"/>
<monster name="Kongra" direction="2" spawntime="60" x="0" y="5"/>
</spawn>
<spawn centerx="40" centery="127" centerz="7" radius="5">
<monster name="Kongra" direction="2" spawntime="60" x="-2" y="-3"/>
<monster name="Kongra" direction="2" spawntime="60" x="-1" y="0"/>
</spawn>
<spawn centerx="134" centery="99" centerz="8" radius="8">
<monster name="Ghoul" direction="2" spawntime="60" x="-7" y="-2"/>
<monster name="Ghoul" direction="2" spawntime="60" x="-4" y="0"/>
<monster name="Ghoul" direction="2" spawntime="60" x="-1" y="-2"/>
<monster name="Ghoul" direction="2" spawntime="60" x="4" y="1"/>
<monster name="Ghoul" direction="2" spawntime="60" x="7" y="-2"/>
</spawn>
<spawn centerx="147" centery="85" centerz="8" radius="12">
<monster name="Vampire" direction="2" spawntime="60" x="-3" y="-4"/>
<monster name="Fire Devil" direction="2" spawntime="60" x="-2" y="4"/>
<monster name="Fire Elemental" direction="2" spawntime="60" x="12" y="0"/>
<monster name="Fire Elemental" direction="2" spawntime="60" x="9" y="-1"/>
<monster name="Fire Elemental" direction="2" spawntime="60" x="5" y="0"/>
</spawn>
<spawn centerx="247" centery="99" centerz="7" radius="10">
<monster name="Scarab" direction="2" spawntime="60" x="0" y="-10"/>
<monster name="Scarab" direction="2" spawntime="60" x="-6" y="-4"/>
<monster name="Scarab" direction="2" spawntime="60" x="4" y="-6"/>
<monster name="Scarab" direction="2" spawntime="60" x="8" y="1"/>
<monster name="Scarab" direction="2" spawntime="60" x="1" y="7"/>
<monster name="Scarab" direction="2" spawntime="60" x="-7" y="3"/>
<monster name="Scarab" direction="2" spawntime="60" x="-1" y="-1"/>
<monster name="Scarab" direction="2" spawntime="60" x="-10" y="0"/>
</spawn>
<spawn centerx="231" centery="113" centerz="7" radius="10">
<monster name="Scarab" direction="2" spawntime="60" x="1" y="6"/>
<monster name="Scarab" direction="2" spawntime="60" x="8" y="2"/>
<monster name="Scarab" direction="2" spawntime="60" x="6" y="-5"/>
<monster name="Scarab" direction="2" spawntime="60" x="0" y="-1"/>
<monster name="Scarab" direction="2" spawntime="60" x="-4" y="-5"/>
<monster name="Scarab" direction="2" spawntime="60" x="-6" y="3"/>
<monster name="Scarab" direction="2" spawntime="60" x="0" y="-10"/>
</spawn>
<spawn centerx="241" centery="81" centerz="7" radius="9">
<monster name="Scarab" direction="2" spawntime="60" x="-5" y="2"/>
<monster name="Scarab" direction="2" spawntime="60" x="-6" y="-4"/>
<monster name="Scarab" direction="2" spawntime="60" x="-1" y="6"/>
<monster name="Scarab" direction="2" spawntime="60" x="0" y="-5"/>
<monster name="Scarab" direction="2" spawntime="60" x="4" y="-1"/>
</spawn>
<spawn centerx="227" centery="84" centerz="7" radius="6">
<monster name="Lion" direction="2" spawntime="60" x="-3" y="4"/>
<monster name="Lion" direction="2" spawntime="60" x="-2" y="-4"/>
<monster name="Hyaena" direction="2" spawntime="60" x="3" y="-1"/>
</spawn>
<spawn centerx="182" centery="99" centerz="8" radius="5">
<monster name="Behemoth" direction="2" spawntime="60" x="-1" y="-1"/>
<monster name="Behemoth" direction="2" spawntime="60" x="0" y="1"/>
</spawn>
<spawn centerx="37" centery="54" centerz="8" radius="5">
<monster name="Demon Skeleton" direction="2" spawntime="60" x="0" y="0"/>
</spawn>
<spawn centerx="274" centery="153" centerz="15" radius="50">
<monster name="Orshabaal" direction="2" spawntime="60" x="-4" y="-2"/>
<monster name="Demodras" direction="2" spawntime="60" x="-1" y="-6"/>
<monster name="Black Knight" direction="2" spawntime="60" x="-8" y="0"/>
<monster name="Black Knight" direction="2" spawntime="60" x="-1" y="0"/>
<monster name="Behemoth" direction="2" spawntime="60" x="-4" y="3"/>
<monster name="Behemoth" direction="2" spawntime="60" x="2" y="3"/>
<monster name="Behemoth" direction="2" spawntime="60" x="-10" y="3"/>
<monster name="Demon Skeleton" direction="2" spawntime="60" x="-2" y="-2"/>
<monster name="Fire Elemental" direction="2" spawntime="60" x="3" y="-9"/>
<monster name="Necromancer" direction="2" spawntime="60" x="-2" y="-4"/>
</spawn>
<spawn centerx="196" centery="120" centerz="8" radius="5">
<monster name="Warlock" direction="2" spawntime="60" x="-2" y="-1"/>
<monster name="Warlock" direction="2" spawntime="60" x="3" y="-2"/>
</spawn>
<spawn centerx="131" centery="52" centerz="7" radius="7">
<monster name="Black Sheep" direction="2" spawntime="60" x="2" y="-5"/>
<monster name="Black Sheep" direction="2" spawntime="60" x="-4" y="1"/>
<monster name="Black Sheep" direction="2" spawntime="60" x="2" y="3"/>
<monster name="Black Sheep" direction="2" spawntime="60" x="-2" y="5"/>
<monster name="Sheep" direction="2" spawntime="60" x="-4" y="5"/>
<monster name="Sheep" direction="2" spawntime="60" x="4" y="4"/>
<monster name="Sheep" direction="2" spawntime="60" x="0" y="4"/>
<monster name="Black Sheep" direction="2" spawntime="60" x="-4" y="-2"/>
<monster name="Sheep" direction="2" spawntime="60" x="1" y="-3"/>
<monster name="Sheep" direction="2" spawntime="60" x="-3" y="-4"/>
<monster name="Sheep" direction="2" spawntime="60" x="-2" y="0"/>
<monster name="Black Sheep" direction="2" spawntime="60" x="1" y="-1"/>
</spawn>
<spawn centerx="205" centery="107" centerz="8" radius="7">
<monster name="Warlock" direction="2" spawntime="60" x="3" y="3"/>
<monster name="Warlock" direction="2" spawntime="60" x="-5" y="2"/>
<monster name="Demon" direction="2" spawntime="60" x="0" y="-1"/>
<monster name="Behemoth" direction="2" spawntime="60" x="-4" y="-3"/>
<monster name="Behemoth" direction="2" spawntime="60" x="0" y="5"/>
</spawn>
<spawn centerx="212" centery="90" centerz="9" radius="5">
<monster name="Orshabaal" direction="2" spawntime="60" x="-1" y="-1"/>
</spawn>
<spawn centerx="207" centery="87" centerz="10" radius="15">
<monster name="Orshabaal" direction="2" spawntime="60" x="8" y="9"/>
<monster name="Orshabaal" direction="2" spawntime="60" x="-13" y="5"/>
<monster name="Orshabaal" direction="2" spawntime="60" x="-7" y="13"/>
<monster name="Orshabaal" direction="2" spawntime="60" x="-10" y="-6"/>
<monster name="Orshabaal" direction="2" spawntime="60" x="-4" y="-14"/>
<monster name="Orshabaal" direction="2" spawntime="60" x="2" y="2"/>
<monster name="Dragon Lord" direction="2" spawntime="60" x="4" y="5"/>
<monster name="Dragon Lord" direction="2" spawntime="60" x="5" y="6"/>
<monster name="Dragon Lord" direction="2" spawntime="60" x="5" y="13"/>
<monster name="Dragon Lord" direction="2" spawntime="60" x="2" y="14"/>
<monster name="Dragon Lord" direction="2" spawntime="60" x="-13" y="7"/>
<monster name="Dragon Lord" direction="2" spawntime="60" x="-13" y="-2"/>
<monster name="Dragon Lord" direction="2" spawntime="60" x="-8" y="-6"/>
<monster name="Demon" direction="2" spawntime="60" x="6" y="2"/>
<monster name="Demon" direction="2" spawntime="60" x="1" y="6"/>
<monster name="Demon" direction="2" spawntime="60" x="11" y="6"/>
<monster name="Demon" direction="2" spawntime="60" x="6" y="11"/>
<monster name="Demon" direction="2" spawntime="60" x="-9" y="9"/>
<monster name="Demon" direction="2" spawntime="60" x="-14" y="1"/>
<monster name="Demon" direction="2" spawntime="60" x="-5" y="-12"/>
<monster name="Demon" direction="2" spawntime="60" x="-7" y="-12"/>
<monster name="Demon" direction="2" spawntime="60" x="-13" y="-6"/>
</spawn>
<spawn centerx="196" centery="71" centerz="10" radius="5">
<monster name="Orshabaal" direction="2" spawntime="60" x="0" y="1"/>
<monster name="Demon" direction="2" spawntime="60" x="0" y="4"/>
</spawn>
<spawn centerx="48" centery="163" centerz="7" radius="50">
<monster name="Hydra" direction="2" spawntime="60" x="10" y="-12"/>
<monster name="Hydra" direction="2" spawntime="60" x="8" y="-4"/>
<monster name="Hydra" direction="2" spawntime="60" x="-4" y="-4"/>
<monster name="Hydra" direction="2" spawntime="60" x="13" y="1"/>
<monster name="Hydra" direction="2" spawntime="60" x="8" y="2"/>
<monster name="Hydra" direction="2" spawntime="60" x="3" y="0"/>
<monster name="Hydra" direction="2" spawntime="60" x="-8" y="2"/>
<monster name="Hydra" direction="2" spawntime="60" x="0" y="0"/>
<monster name="Hydra" direction="2" spawntime="60" x="0" y="4"/>
<monster name="Hydra" direction="2" spawntime="60" x="3" y="-5"/>
<monster name="Hydra" direction="2" spawntime="60" x="-2" y="-12"/>
<monster name="Hydra" direction="2" spawntime="60" x="2" y="-10"/>
<monster name="Hydra" direction="2" spawntime="60" x="5" y="-9"/>
<monster name="Giant Spider" direction="2" spawntime="60" x="-21" y="38"/>
<monster name="Giant Spider" direction="2" spawntime="60" x="-21" y="35"/>
<monster name="Giant Spider" direction="2" spawntime="60" x="-11" y="35"/>
<monster name="Elder Beholder" direction="2" spawntime="60" x="-4" y="19"/>
<monster name="Elder Beholder" direction="2" spawntime="60" x="6" y="23"/>
<monster name="Elder Beholder" direction="2" spawntime="60" x="-2" y="27"/>
<monster name="Elder Beholder" direction="2" spawntime="60" x="-6" y="14"/>
<monster name="Kongra" direction="2" spawntime="60" x="4" y="16"/>
<monster name="Kongra" direction="2" spawntime="60" x="0" y="21"/>
<monster name="Kongra" direction="2" spawntime="60" x="4" y="27"/>
<monster name="Kongra" direction="2" spawntime="60" x="-7" y="26"/>
<monster name="Scorpion" direction="2" spawntime="60" x="-13" y="21"/>
<monster name="Scorpion" direction="2" spawntime="60" x="-17" y="25"/>
<monster name="Scorpion" direction="2" spawntime="60" x="-21" y="19"/>
<monster name="Scorpion" direction="2" spawntime="60" x="-18" y="21"/>
<monster name="Scorpion" direction="2" spawntime="60" x="-21" y="26"/>
<monster name="Scorpion" direction="2" spawntime="60" x="-13" y="28"/>
<monster name="Spit Nettle" direction="2" spawntime="60" x="-16" y="31"/>
<monster name="Spit Nettle" direction="2" spawntime="60" x="-21" y="31"/>
<monster name="Spit Nettle" direction="2" spawntime="60" x="-12" y="31"/>
<monster name="Stone Golem" direction="2" spawntime="60" x="-16" y="36"/>
<monster name="Stone Golem" direction="2" spawntime="60" x="-10" y="22"/>
<monster name="Stone Golem" direction="2" spawntime="60" x="-16" y="23"/>
<monster name="Stone Golem" direction="2" spawntime="60" x="-16" y="29"/>
<monster name="Kongra" direction="2" spawntime="60" x="-7" y="-30"/>
<monster name="Elder Beholder" direction="2" spawntime="60" x="5" y="18"/>
<monster name="Kongra" direction="2" spawntime="60" x="7" y="20"/>
<monster name="Minotaur Guard" direction="2" spawntime="60" x="21" y="10"/>
<monster name="Minotaur Guard" direction="2" spawntime="60" x="21" y="12"/>
<monster name="Minotaur Guard" direction="2" spawntime="60" x="21" y="14"/>
<monster name="Minotaur Guard" direction="2" spawntime="60" x="21" y="16"/>
<monster name="Minotaur Mage" direction="2" spawntime="60" x="23" y="10"/>
<monster name="Minotaur Mage" direction="2" spawntime="60" x="23" y="12"/>
<monster name="Minotaur Mage" direction="2" spawntime="60" x="23" y="14"/>
<monster name="Minotaur Mage" direction="2" spawntime="60" x="23" y="16"/>
<monster name="Minotaur Archer" direction="2" spawntime="60" x="25" y="10"/>
<monster name="Minotaur Archer" direction="2" spawntime="60" x="25" y="12"/>
<monster name="Minotaur Archer" direction="2" spawntime="60" x="25" y="14"/>
<monster name="Minotaur Archer" direction="2" spawntime="60" x="25" y="16"/>
<monster name="Minotaur" direction="2" spawntime="60" x="22" y="11"/>
<monster name="Minotaur" direction="2" spawntime="60" x="24" y="11"/>
<monster name="Minotaur" direction="2" spawntime="60" x="22" y="13"/>
<monster name="Minotaur" direction="2" spawntime="60" x="24" y="13"/>
<monster name="Minotaur" direction="2" spawntime="60" x="22" y="15"/>
<monster name="Minotaur" direction="2" spawntime="60" x="24" y="15"/>
<monster name="Minotaur Guard" direction="2" spawntime="60" x="33" y="7"/>
<monster name="Minotaur Guard" direction="2" spawntime="60" x="33" y="9"/>
<monster name="Minotaur Guard" direction="2" spawntime="60" x="33" y="11"/>
<monster name="Minotaur Guard" direction="2" spawntime="60" x="33" y="13"/>
<monster name="Minotaur Mage" direction="2" spawntime="60" x="35" y="7"/>
<monster name="Minotaur Mage" direction="2" spawntime="60" x="35" y="9"/>
<monster name="Minotaur Mage" direction="2" spawntime="60" x="35" y="11"/>
<monster name="Minotaur Mage" direction="2" spawntime="60" x="35" y="13"/>
<monster name="Minotaur Archer" direction="2" spawntime="60" x="37" y="7"/>
<monster name="Minotaur Archer" direction="2" spawntime="60" x="37" y="9"/>
<monster name="Minotaur Archer" direction="2" spawntime="60" x="37" y="11"/>
<monster name="Minotaur Archer" direction="2" spawntime="60" x="37" y="13"/>
<monster name="Minotaur Guard" direction="2" spawntime="60" x="29" y="7"/>
<monster name="Minotaur Guard" direction="2" spawntime="60" x="29" y="8"/>
<monster name="Minotaur Guard" direction="2" spawntime="60" x="29" y="9"/>
<monster name="Minotaur Guard" direction="2" spawntime="60" x="29" y="10"/>
<monster name="Minotaur Guard" direction="2" spawntime="60" x="29" y="11"/>
<monster name="Minotaur Guard" direction="2" spawntime="60" x="29" y="12"/>
<monster name="Minotaur Guard" direction="2" spawntime="60" x="29" y="13"/>
<monster name="Minotaur" direction="2" spawntime="60" x="34" y="8"/>
<monster name="Minotaur" direction="2" spawntime="60" x="36" y="8"/>
<monster name="Minotaur" direction="2" spawntime="60" x="34" y="10"/>
<monster name="Minotaur" direction="2" spawntime="60" x="36" y="10"/>
<monster name="Minotaur" direction="2" spawntime="60" x="34" y="12"/>
<monster name="Minotaur" direction="2" spawntime="60" x="36" y="12"/>
<monster name="Minotaur" direction="2" spawntime="60" x="34" y="14"/>
<monster name="Minotaur" direction="2" spawntime="60" x="36" y="14"/>
<monster name="The Horned Fox" direction="2" spawntime="60" x="45" y="1"/>
<monster name="The Horned Fox" direction="2" spawntime="60" x="49" y="1"/>
<monster name="Giant Spider" direction="2" spawntime="60" x="-14" y="38"/>
<monster name="General Murius" direction="2" spawntime="60" x="27" y="15"/>
<monster name="General Murius" direction="2" spawntime="60" x="26" y="10"/>
<monster name="General Murius" direction="2" spawntime="60" x="22" y="9"/>
<monster name="General Murius" direction="2" spawntime="60" x="24" y="9"/>
<monster name="General Murius" direction="2" spawntime="60" x="35" y="5"/>
<monster name="General Murius" direction="2" spawntime="60" x="39" y="6"/>
<monster name="General Murius" direction="2" spawntime="60" x="39" y="9"/>
<monster name="General Murius" direction="2" spawntime="60" x="47" y="6"/>
<monster name="General Murius" direction="2" spawntime="60" x="45" y="5"/>
<monster name="General Murius" direction="2" spawntime="60" x="44" y="8"/>
<monster name="General Murius" direction="2" spawntime="60" x="48" y="8"/>
<monster name="General Murius" direction="2" spawntime="60" x="49" y="7"/>
<monster name="General Murius" direction="2" spawntime="60" x="47" y="4"/>
<monster name="General Murius" direction="2" spawntime="60" x="48" y="5"/>
<monster name="General Murius" direction="2" spawntime="60" x="42" y="6"/>
<monster name="General Murius" direction="2" spawntime="60" x="41" y="10"/>
<monster name="General Murius" direction="2" spawntime="60" x="41" y="9"/>
<monster name="General Murius" direction="2" spawntime="60" x="40" y="4"/>
<monster name="General Murius" direction="2" spawntime="60" x="46" y="3"/>
<monster name="Hydra" direction="2" spawntime="60" x="-7" y="-1"/>
<monster name="Hydra" direction="2" spawntime="60" x="-10" y="-11"/>
<monster name="Hydra" direction="2" spawntime="60" x="-8" y="-7"/>
<monster name="Hydra" direction="2" spawntime="60" x="-11" y="-7"/>
<monster name="Hunter" direction="2" spawntime="60" x="-4" y="-42"/>
<monster name="Hunter" direction="2" spawntime="60" x="-5" y="-28"/>
<monster name="Kongra" direction="2" spawntime="60" x="2" y="30"/>
<monster name="Elder Beholder" direction="2" spawntime="60" x="2" y="33"/>
<monster name="Elder Beholder" direction="2" spawntime="60" x="8" y="37"/>
<monster name="Kongra" direction="2" spawntime="60" x="4" y="35"/>
<monster name="Kongra" direction="2" spawntime="60" x="6" y="40"/>
<monster name="Hunter" direction="2" spawntime="60" x="6" y="36"/>
<monster name="Hunter" direction="2" spawntime="60" x="5" y="44"/>
<monster name="Elder Beholder" direction="2" spawntime="60" x="8" y="46"/>
</spawn>
<spawn centerx="32" centery="185" centerz="6" radius="10">
<monster name="Giant Spider" direction="2" spawntime="60" x="-7" y="-1"/>
<monster name="Giant Spider" direction="2" spawntime="60" x="6" y="-1"/>
<monster name="Giant Spider" direction="2" spawntime="60" x="0" y="5"/>
<monster name="Spit Nettle" direction="2" spawntime="60" x="-3" y="9"/>
<monster name="Spit Nettle" direction="2" spawntime="60" x="-1" y="9"/>
<monster name="Spit Nettle" direction="2" spawntime="60" x="1" y="9"/>
<monster name="Spit Nettle" direction="2" spawntime="60" x="3" y="9"/>
<monster name="Stone Golem" direction="2" spawntime="60" x="-3" y="2"/>
<monster name="Stone Golem" direction="2" spawntime="60" x="1" y="2"/>
<monster name="Stone Golem" direction="2" spawntime="60" x="-3" y="-3"/>
<monster name="Stone Golem" direction="2" spawntime="60" x="1" y="-3"/>
<monster name="General Murius" direction="2" spawntime="60" x="6" y="-6"/>
<monster name="General Murius" direction="2" spawntime="60" x="6" y="-3"/>
</spawn>
<spawn centerx="28" centery="198" centerz="6" radius="5">
<monster name="The Old Widow" direction="2" spawntime="60" x="4" y="1"/>
<monster name="Spit Nettle" direction="2" spawntime="60" x="-1" y="-4"/>
<monster name="Grorlam" direction="2" spawntime="60" x="1" y="-1"/>
</spawn>
<spawn centerx="36" centery="198" centerz="6" radius="5">
<monster name="Spit Nettle" direction="2" spawntime="60" x="1" y="-4"/>
<monster name="Grorlam" direction="2" spawntime="60" x="-2" y="-1"/>
</spawn>
<spawn centerx="75" centery="99" centerz="7" radius="5">
<monster name="The Old Widow" direction="2" spawntime="60" x="2" y="-2"/>
<monster name="Giant Spider" direction="2" spawntime="60" x="-3" y="2"/>
<monster name="Giant Spider" direction="2" spawntime="60" x="3" y="2"/>
</spawn>
<spawn centerx="70" centery="110" centerz="9" radius="25">
<monster name="Necromancer" direction="2" spawntime="60" x="15" y="7"/>
<monster name="Necromancer" direction="2" spawntime="60" x="3" y="5"/>
<monster name="Necromancer" direction="2" spawntime="60" x="2" y="13"/>
<monster name="Necromancer" direction="2" spawntime="60" x="-4" y="8"/>
<monster name="Necromancer" direction="2" spawntime="60" x="-3" y="0"/>
<monster name="Necromancer" direction="2" spawntime="60" x="-9" y="-3"/>
<monster name="Necromancer" direction="2" spawntime="60" x="-9" y="-9"/>
<monster name="Necromancer" direction="2" spawntime="60" x="-3" y="-10"/>
<monster name="Necromancer" direction="2" spawntime="60" x="0" y="-14"/>
<monster name="Necromancer" direction="2" spawntime="60" x="3" y="-8"/>
<monster name="Necromancer" direction="2" spawntime="60" x="3" y="-2"/>
<monster name="Necromancer" direction="2" spawntime="60" x="15" y="-4"/>
<monster name="Necromancer" direction="2" spawntime="60" x="8" y="-6"/>
<monster name="Necromancer" direction="2" spawntime="60" x="2" y="-19"/>
<monster name="Necromancer" direction="2" spawntime="60" x="12" y="-13"/>
<monster name="Necromancer" direction="2" spawntime="60" x="10" y="-19"/>
<monster name="Necromancer" direction="2" spawntime="60" x="11" y="13"/>
<monster name="Giant Spider" direction="2" spawntime="60" x="24" y="-3"/>
<monster name="Tarantula" direction="2" spawntime="60" x="23" y="-6"/>
<monster name="Demon Skeleton" direction="2" spawntime="60" x="-19" y="-11"/>
<monster name="Demon Skeleton" direction="2" spawntime="60" x="-18" y="-10"/>
<monster name="Demon Skeleton" direction="2" spawntime="60" x="-17" y="-11"/>
<monster name="Demon Skeleton" direction="2" spawntime="60" x="-18" y="-12"/>
<monster name="Demon Skeleton" direction="2" spawntime="60" x="-18" y="-17"/>
<monster name="Demon Skeleton" direction="2" spawntime="60" x="-17" y="-18"/>
<monster name="Demon Skeleton" direction="2" spawntime="60" x="-10" y="-20"/>
<monster name="Demon Skeleton" direction="2" spawntime="60" x="-11" y="-19"/>
<monster name="Demon Skeleton" direction="2" spawntime="60" x="-10" y="-18"/>
<monster name="Demon Skeleton" direction="2" spawntime="60" x="-9" y="-19"/>
<monster name="Banshee" direction="2" spawntime="60" x="-18" y="-11"/>
<monster name="Banshee" direction="2" spawntime="60" x="-10" y="-19"/>
</spawn>
<spawn centerx="76" centery="78" centerz="9" radius="5">
<monster name="Warlock" direction="2" spawntime="60" x="0" y="-3"/>
<monster name="Witch" direction="2" spawntime="60" x="4" y="-2"/>
<monster name="Witch" direction="2" spawntime="60" x="0" y="1"/>
<monster name="Witch" direction="2" spawntime="60" x="-3" y="-2"/>
</spawn>
<spawn centerx="189" centery="126" centerz="8" radius="5">
<monster name="Warlock" direction="2" spawntime="60" x="2" y="-2"/>
<monster name="Warlock" direction="2" spawntime="60" x="-1" y="-1"/>
</spawn>
<spawn centerx="95" centery="57" centerz="10" radius="9">
<monster name="Demon" direction="2" spawntime="60" x="-3" y="2"/>
<monster name="Demon" direction="2" spawntime="60" x="5" y="2"/>
<monster name="Demon" direction="2" spawntime="60" x="1" y="-3"/>
<monster name="Demon" direction="2" spawntime="60" x="1" y="5"/>
<monster name="Banshee" direction="2" spawntime="60" x="-6" y="-2"/>
<monster name="Banshee" direction="2" spawntime="60" x="-6" y="0"/>
<monster name="Banshee" direction="2" spawntime="60" x="7" y="0"/>
<monster name="Banshee" direction="2" spawntime="60" x="7" y="-2"/>
<monster name="Banshee" direction="2" spawntime="60" x="-1" y="-6"/>
<monster name="Banshee" direction="2" spawntime="60" x="2" y="-6"/>
<monster name="Banshee" direction="2" spawntime="60" x="-1" y="2"/>
<monster name="Banshee" direction="2" spawntime="60" x="2" y="2"/>
<monster name="Banshee" direction="2" spawntime="60" x="-1" y="-1"/>
<monster name="Banshee" direction="2" spawntime="60" x="2" y="-1"/>
</spawn>
<spawn centerx="50" centery="145" centerz="6" radius="5">
<monster name="General Murius" direction="2" spawntime="60" x="-1" y="-1"/>
<monster name="General Murius" direction="2" spawntime="60" x="2" y="-1"/>
</spawn>
<spawn centerx="146" centery="108" centerz="10" radius="5">
<monster name="Fire Devil" direction="2" spawntime="60" x="-2" y="0"/>
<monster name="Fire Devil" direction="2" spawntime="60" x="3" y="0"/>
<monster name="Fire Elemental" direction="2" spawntime="60" x="0" y="2"/>
<monster name="Fire Elemental" direction="2" spawntime="60" x="1" y="3"/>
<monster name="Fire Elemental" direction="2" spawntime="60" x="2" y="2"/>
</spawn>
<spawn centerx="150" centery="114" centerz="10" radius="5">
<monster name="Priestess" direction="2" spawntime="60" x="-3" y="1"/>
<monster name="Priestess" direction="2" spawntime="60" x="-3" y="3"/>
<monster name="Dragon" direction="2" spawntime="60" x="2" y="4"/>
<monster name="Hero" direction="2" spawntime="60" x="2" y="-1"/>
<monster name="Dragon" direction="2" spawntime="60" x="1" y="2"/>
<monster name="Behemoth" direction="2" spawntime="60" x="-3" y="-1"/>
<monster name="Dragon" direction="2" spawntime="60" x="0" y="0"/>
</spawn>
<spawn centerx="142" centery="115" centerz="10" radius="5">
<monster name="Dragon" direction="2" spawntime="60" x="0" y="3"/>
<monster name="Hero" direction="2" spawntime="60" x="-1" y="-2"/>
<monster name="Dragon" direction="2" spawntime="60" x="1" y="1"/>
<monster name="Dragon" direction="2" spawntime="60" x="2" y="-1"/>
</spawn>
<spawn centerx="143" centery="122" centerz="10" radius="5">
<monster name="Priestess" direction="2" spawntime="60" x="4" y="-3"/>
<monster name="Demon Skeleton" direction="2" spawntime="60" x="1" y="1"/>
<monster name="Hero" direction="2" spawntime="60" x="1" y="3"/>
<monster name="Hero" direction="2" spawntime="60" x="-2" y="-1"/>
<monster name="Necromancer" direction="2" spawntime="60" x="4" y="-1"/>
<monster name="Necromancer" direction="2" spawntime="60" x="4" y="1"/>
</spawn>
<spawn centerx="150" centery="121" centerz="10" radius="5">
<monster name="Demon Skeleton" direction="2" spawntime="60" x="0" y="2"/>
<monster name="Hero" direction="2" spawntime="60" x="-1" y="4"/>
<monster name="Hero" direction="2" spawntime="60" x="3" y="0"/>
</spawn>
<spawn centerx="147" centery="129" centerz="10" radius="5">
<monster name="Warlock" direction="2" spawntime="60" x="0" y="-1"/>
<monster name="Dragon" direction="2" spawntime="60" x="0" y="-3"/>
<monster name="Banshee" direction="2" spawntime="60" x="-1" y="-1"/>
<monster name="Hero" direction="2" spawntime="60" x="-4" y="0"/>
<monster name="Hero" direction="2" spawntime="60" x="3" y="0"/>
<monster name="Behemoth" direction="2" spawntime="60" x="-2" y="1"/>
<monster name="Behemoth" direction="2" spawntime="60" x="1" y="1"/>
</spawn>
<spawn centerx="107" centery="99" centerz="8" radius="5">
<monster name="Giant Spider" direction="2" spawntime="60" x="3" y="2"/>
<monster name="Tarantula" direction="2" spawntime="60" x="-1" y="-2"/>
<monster name="Spider" direction="2" spawntime="60" x="-1" y="2"/>
<monster name="Spider" direction="2" spawntime="60" x="3" y="-2"/>
<monster name="Spider" direction="2" spawntime="60" x="0" y="1"/>
<monster name="Spider" direction="2" spawntime="60" x="2" y="1"/>
<monster name="Spider" direction="2" spawntime="60" x="2" y="-1"/>
<monster name="Spider" direction="2" spawntime="60" x="0" y="-1"/>
</spawn>
<spawn centerx="108" centery="97" centerz="9" radius="100">
<monster name="Giant Spider" direction="2" spawntime="60" x="0" y="8"/>
<monster name="Giant Spider" direction="2" spawntime="60" x="8" y="14"/>
<monster name="Giant Spider" direction="2" spawntime="60" x="18" y="9"/>
<monster name="Giant Spider" direction="2" spawntime="60" x="7" y="2"/>
<monster name="Giant Spider" direction="2" spawntime="60" x="14" y="-7"/>
<monster name="Giant Spider" direction="2" spawntime="60" x="3" y="-12"/>
<monster name="Giant Spider" direction="2" spawntime="60" x="13" y="-16"/>
<monster name="Giant Spider" direction="2" spawntime="60" x="-9" y="-12"/>
<monster name="Giant Spider" direction="2" spawntime="60" x="-15" y="-1"/>
<monster name="Giant Spider" direction="2" spawntime="60" x="-4" y="-4"/>
<monster name="Giant Spider" direction="2" spawntime="60" x="-7" y="4"/>
<monster name="Tarantula" direction="2" spawntime="60" x="5" y="12"/>
<monster name="Tarantula" direction="2" spawntime="60" x="10" y="15"/>
<monster name="Tarantula" direction="2" spawntime="60" x="15" y="10"/>
<monster name="Tarantula" direction="2" spawntime="60" x="20" y="5"/>
<monster name="Tarantula" direction="2" spawntime="60" x="8" y="6"/>
<monster name="Tarantula" direction="2" spawntime="60" x="9" y="1"/>
<monster name="Tarantula" direction="2" spawntime="60" x="5" y="-4"/>
<monster name="Tarantula" direction="2" spawntime="60" x="15" y="-2"/>
<monster name="Tarantula" direction="2" spawntime="60" x="-2" y="0"/>
<monster name="Tarantula" direction="2" spawntime="60" x="-4" y="5"/>
<monster name="Tarantula" direction="2" spawntime="60" x="-7" y="10"/>
<monster name="Tarantula" direction="2" spawntime="60" x="1" y="9"/>
<monster name="Tarantula" direction="2" spawntime="60" x="-13" y="1"/>
<monster name="Tarantula" direction="2" spawntime="60" x="-15" y="-5"/>
<monster name="Tarantula" direction="2" spawntime="60" x="-12" y="10"/>
<monster name="Tarantula" direction="2" spawntime="60" x="-15" y="-9"/>
<monster name="Tarantula" direction="2" spawntime="60" x="-6" y="-11"/>
<monster name="Tarantula" direction="2" spawntime="60" x="-10" y="-15"/>
<monster name="Tarantula" direction="2" spawntime="60" x="-3" y="-18"/>
<monster name="Tarantula" direction="2" spawntime="60" x="1" y="-12"/>
<monster name="Tarantula" direction="2" spawntime="60" x="5" y="-12"/>
<monster name="Tarantula" direction="2" spawntime="60" x="9" y="-17"/>
<monster name="Tarantula" direction="2" spawntime="60" x="12" y="-12"/>
<monster name="Tarantula" direction="2" spawntime="60" x="9" y="-8"/>
<monster name="Tarantula" direction="2" spawntime="60" x="-1" y="9"/>
<monster name="Banshee" direction="2" spawntime="60" x="-74" y="-56"/>
<monster name="Banshee" direction="2" spawntime="60" x="-58" y="-56"/>
<monster name="Dragon" direction="2" spawntime="60" x="-57" y="-66"/>
<monster name="Fire Elemental" direction="2" spawntime="60" x="-59" y="-66"/>
<monster name="Fire Elemental" direction="2" spawntime="60" x="-56" y="-66"/>
<monster name="Vampire" direction="2" spawntime="60" x="-73" y="-61"/>
<monster name="Vampire" direction="2" spawntime="60" x="-71" y="-61"/>
<monster name="Vampire" direction="2" spawntime="60" x="-59" y="-61"/>
<monster name="Vampire" direction="2" spawntime="60" x="-61" y="-61"/>
<monster name="Mummy" direction="2" spawntime="60" x="-76" y="-61"/>
<monster name="Mummy" direction="2" spawntime="60" x="-75" y="-61"/>
<monster name="Mummy" direction="2" spawntime="60" x="-56" y="-61"/>
<monster name="Mummy" direction="2" spawntime="60" x="-57" y="-61"/>
<monster name="Ghoul" direction="2" spawntime="60" x="-68" y="-63"/>
<monster name="Ghoul" direction="2" spawntime="60" x="-64" y="-57"/>
<monster name="Demon Skeleton" direction="2" spawntime="60" x="-76" y="-56"/>
<monster name="Demon Skeleton" direction="2" spawntime="60" x="-72" y="-56"/>
<monster name="Demon Skeleton" direction="2" spawntime="60" x="-60" y="-56"/>
<monster name="Demon Skeleton" direction="2" spawntime="60" x="-56" y="-56"/>
<monster name="Ghost" direction="2" spawntime="60" x="-72" y="-59"/>
<monster name="Ghost" direction="2" spawntime="60" x="-60" y="-59"/>
<monster name="Skeleton" direction="2" spawntime="60" x="-67" y="-58"/>
<monster name="Skeleton" direction="2" spawntime="60" x="-65" y="-58"/>
<monster name="Priestess" direction="2" spawntime="60" x="-68" y="-66"/>
<monster name="Ghoul" direction="2" spawntime="60" x="-68" y="-57"/>
<monster name="Demon Skeleton" direction="2" spawntime="60" x="-68" y="-61"/>
<monster name="Demon Skeleton" direction="2" spawntime="60" x="-64" y="-61"/>
<monster name="Dragon" direction="2" spawntime="60" x="-66" y="-56"/>
<monster name="Necromancer" direction="2" spawntime="60" x="-69" y="-64"/>
<monster name="Necromancer" direction="2" spawntime="60" x="-63" y="-64"/>
<monster name="Necromancer" direction="2" spawntime="60" x="-69" y="-67"/>
<monster name="Necromancer" direction="2" spawntime="60" x="-63" y="-67"/>
<monster name="Dragon" direction="2" spawntime="60" x="-75" y="-66"/>
<monster name="Fire Elemental" direction="2" spawntime="60" x="-73" y="-66"/>
<monster name="Skeleton" direction="2" spawntime="60" x="-57" y="-62"/>
<monster name="Skeleton" direction="2" spawntime="60" x="-75" y="-62"/>
<monster name="Skeleton" direction="2" spawntime="60" x="-68" y="-65"/>
<monster name="Skeleton" direction="2" spawntime="60" x="-68" y="-64"/>
<monster name="Fire Devil" direction="2" spawntime="60" x="-69" y="-65"/>
<monster name="Fire Devil" direction="2" spawntime="60" x="-62" y="-66"/>
<monster name="Skeleton" direction="2" spawntime="60" x="-62" y="-65"/>
<monster name="Priestess" direction="2" spawntime="60" x="-63" y="-66"/>
<monster name="Fire Devil" direction="2" spawntime="60" x="-63" y="-65"/>
<monster name="Ghoul" direction="2" spawntime="60" x="-62" y="-63"/>
<monster name="Demon" direction="2" spawntime="60" x="-5" y="98"/>
<monster name="Demon" direction="2" spawntime="60" x="-19" y="98"/>
<monster name="Fire Elemental" direction="2" spawntime="60" x="-8" y="98"/>
<monster name="Fire Elemental" direction="2" spawntime="60" x="-18" y="97"/>
<monster name="Dragon Lord" direction="2" spawntime="60" x="-11" y="98"/>
<monster name="Orshabaal" direction="2" spawntime="60" x="-13" y="71"/>
<monster name="Demon" direction="2" spawntime="60" x="-17" y="75"/>
<monster name="Demon" direction="2" spawntime="60" x="-9" y="75"/>
<monster name="Demon" direction="2" spawntime="60" x="-22" y="75"/>
<monster name="Demon" direction="2" spawntime="60" x="-4" y="79"/>
<monster name="Demon" direction="2" spawntime="60" x="-3" y="75"/>
<monster name="Demon" direction="2" spawntime="60" x="-17" y="83"/>
<monster name="Demon" direction="2" spawntime="60" x="-8" y="83"/>
<monster name="Banshee" direction="2" spawntime="60" x="-15" y="78"/>
<monster name="Banshee" direction="2" spawntime="60" x="-11" y="78"/>
<monster name="Banshee" direction="2" spawntime="60" x="-15" y="76"/>
<monster name="Banshee" direction="2" spawntime="60" x="-11" y="76"/>
<monster name="Banshee" direction="2" spawntime="60" x="-13" y="77"/>
<monster name="Banshee" direction="2" spawntime="60" x="-15" y="74"/>
<monster name="Banshee" direction="2" spawntime="60" x="-11" y="74"/>
<monster name="Banshee" direction="2" spawntime="60" x="-13" y="75"/>
<monster name="Banshee" direction="2" spawntime="60" x="-13" y="79"/>
<monster name="Banshee" direction="2" spawntime="60" x="-13" y="73"/>
<monster name="Behemoth" direction="2" spawntime="60" x="-8" y="86"/>
<monster name="Behemoth" direction="2" spawntime="60" x="7" y="86"/>
<monster name="Behemoth" direction="2" spawntime="60" x="-1" y="86"/>
<monster name="Behemoth" direction="2" spawntime="60" x="7" y="93"/>
<monster name="Behemoth" direction="2" spawntime="60" x="7" y="99"/>
<monster name="Warlock" direction="2" spawntime="60" x="4" y="98"/>
<monster name="Warlock" direction="2" spawntime="60" x="11" y="98"/>
<monster name="Warlock" direction="2" spawntime="60" x="4" y="94"/>
<monster name="Warlock" direction="2" spawntime="60" x="4" y="90"/>
<monster name="Warlock" direction="2" spawntime="60" x="11" y="90"/>
<monster name="Warlock" direction="2" spawntime="60" x="11" y="94"/>
<monster name="Demon" direction="2" spawntime="60" x="-21" y="79"/>
<monster name="Ghost" direction="2" spawntime="60" x="7" y="96"/>
<monster name="Ghost" direction="2" spawntime="60" x="7" y="89"/>
<monster name="Ghost" direction="2" spawntime="60" x="3" y="86"/>
<monster name="Ghost" direction="2" spawntime="60" x="-5" y="86"/>
<monster name="Ghost" direction="2" spawntime="60" x="-11" y="86"/>
<monster name="Ghost" direction="2" spawntime="60" x="-13" y="83"/>
<monster name="Demon Skeleton" direction="2" spawntime="60" x="-77" y="2"/>
<monster name="Demon Skeleton" direction="2" spawntime="60" x="-76" y="1"/>
<monster name="Demon Skeleton" direction="2" spawntime="60" x="-77" y="0"/>
<monster name="Demon Skeleton" direction="2" spawntime="60" x="-78" y="1"/>
<monster name="Demon Skeleton" direction="2" spawntime="60" x="-70" y="3"/>
<monster name="Demon Skeleton" direction="2" spawntime="60" x="-69" y="2"/>
<monster name="Demon Skeleton" direction="2" spawntime="60" x="-68" y="3"/>
<monster name="Demon Skeleton" direction="2" spawntime="60" x="-69" y="4"/>
<monster name="Demon Skeleton" direction="2" spawntime="60" x="-63" y="2"/>
<monster name="Demon Skeleton" direction="2" spawntime="60" x="-64" y="3"/>
<monster name="Demon Skeleton" direction="2" spawntime="60" x="-63" y="4"/>
<monster name="Demon Skeleton" direction="2" spawntime="60" x="-62" y="3"/>
<monster name="Demon Skeleton" direction="2" spawntime="60" x="-56" y="-6"/>
<monster name="Demon Skeleton" direction="2" spawntime="60" x="-57" y="-5"/>
<monster name="Demon Skeleton" direction="2" spawntime="60" x="-47" y="-15"/>
<monster name="Demon Skeleton" direction="2" spawntime="60" x="-48" y="-14"/>
<monster name="Demon Skeleton" direction="2" spawntime="60" x="-47" y="-13"/>
<monster name="Demon Skeleton" direction="2" spawntime="60" x="-46" y="-14"/>
<monster name="Demon Skeleton" direction="2" spawntime="60" x="-43" y="-17"/>
<monster name="Demon Skeleton" direction="2" spawntime="60" x="-44" y="-16"/>
<monster name="Demon Skeleton" direction="2" spawntime="60" x="-43" y="-15"/>
<monster name="Demon Skeleton" direction="2" spawntime="60" x="-42" y="-16"/>
<monster name="Demon Skeleton" direction="2" spawntime="60" x="-43" y="-22"/>
<monster name="Demon Skeleton" direction="2" spawntime="60" x="-44" y="-21"/>
<monster name="Demon Skeleton" direction="2" spawntime="60" x="-43" y="-20"/>
<monster name="Demon Skeleton" direction="2" spawntime="60" x="-42" y="-21"/>
<monster name="Demon Skeleton" direction="2" spawntime="60" x="-46" y="-29"/>
<monster name="Demon Skeleton" direction="2" spawntime="60" x="-47" y="-28"/>
<monster name="Demon Skeleton" direction="2" spawntime="60" x="-46" y="-27"/>
<monster name="Demon Skeleton" direction="2" spawntime="60" x="-45" y="-28"/>
<monster name="Demon Skeleton" direction="2" spawntime="60" x="-54" y="-28"/>
<monster name="Demon Skeleton" direction="2" spawntime="60" x="-55" y="-27"/>
<monster name="Demon Skeleton" direction="2" spawntime="60" x="-54" y="-26"/>
<monster name="Demon Skeleton" direction="2" spawntime="60" x="-53" y="-27"/>
<monster name="Demon Skeleton" direction="2" spawntime="60" x="-57" y="-20"/>
<monster name="Demon Skeleton" direction="2" spawntime="60" x="-58" y="-19"/>
<monster name="Demon Skeleton" direction="2" spawntime="60" x="-57" y="-18"/>
<monster name="Demon Skeleton" direction="2" spawntime="60" x="-56" y="-19"/>
<monster name="Demon Skeleton" direction="2" spawntime="60" x="-62" y="-14"/>
<monster name="Demon Skeleton" direction="2" spawntime="60" x="-63" y="-13"/>
<monster name="Demon Skeleton" direction="2" spawntime="60" x="-62" y="-12"/>
<monster name="Demon Skeleton" direction="2" spawntime="60" x="-61" y="-13"/>
<monster name="Demon Skeleton" direction="2" spawntime="60" x="-73" y="-11"/>
<monster name="Demon Skeleton" direction="2" spawntime="60" x="-74" y="-10"/>
<monster name="Demon Skeleton" direction="2" spawntime="60" x="-73" y="-9"/>
<monster name="Demon Skeleton" direction="2" spawntime="60" x="-72" y="-10"/>
<monster name="Demon Skeleton" direction="2" spawntime="60" x="-70" y="-6"/>
<monster name="Demon Skeleton" direction="2" spawntime="60" x="-71" y="-5"/>
<monster name="Demon Skeleton" direction="2" spawntime="60" x="-70" y="-4"/>
<monster name="Demon Skeleton" direction="2" spawntime="60" x="-69" y="-5"/>
<monster name="Demon Skeleton" direction="2" spawntime="60" x="-73" y="-19"/>
<monster name="Demon Skeleton" direction="2" spawntime="60" x="-72" y="-18"/>
<monster name="Demon Skeleton" direction="2" spawntime="60" x="-71" y="-19"/>
<monster name="Demon Skeleton" direction="2" spawntime="60" x="-72" y="-20"/>
<monster name="Demon Skeleton" direction="2" spawntime="60" x="-71" y="-27"/>
<monster name="Demon Skeleton" direction="2" spawntime="60" x="-72" y="-26"/>
<monster name="Demon Skeleton" direction="2" spawntime="60" x="-71" y="-25"/>
<monster name="Demon Skeleton" direction="2" spawntime="60" x="-70" y="-26"/>
<monster name="Demon Skeleton" direction="2" spawntime="60" x="-62" y="-27"/>
<monster name="Demon Skeleton" direction="2" spawntime="60" x="-63" y="-26"/>
<monster name="Demon Skeleton" direction="2" spawntime="60" x="-62" y="-25"/>
<monster name="Demon Skeleton" direction="2" spawntime="60" x="-61" y="-26"/>
<monster name="Demon Skeleton" direction="2" spawntime="60" x="-62" y="-35"/>
<monster name="Demon Skeleton" direction="2" spawntime="60" x="-63" y="-34"/>
<monster name="Demon Skeleton" direction="2" spawntime="60" x="-62" y="-33"/>
<monster name="Demon Skeleton" direction="2" spawntime="60" x="-61" y="-34"/>
<monster name="Demon Skeleton" direction="2" spawntime="60" x="-69" y="-36"/>
<monster name="Demon Skeleton" direction="2" spawntime="60" x="-70" y="-35"/>
<monster name="Demon Skeleton" direction="2" spawntime="60" x="-69" y="-34"/>
<monster name="Demon Skeleton" direction="2" spawntime="60" x="-68" y="-35"/>
<monster name="Demon Skeleton" direction="2" spawntime="60" x="-74" y="-41"/>
<monster name="Demon Skeleton" direction="2" spawntime="60" x="-75" y="-40"/>
<monster name="Demon Skeleton" direction="2" spawntime="60" x="-74" y="-39"/>
<monster name="Demon Skeleton" direction="2" spawntime="60" x="-73" y="-40"/>
<monster name="Demon Skeleton" direction="2" spawntime="60" x="-67" y="-45"/>
<monster name="Demon Skeleton" direction="2" spawntime="60" x="-68" y="-44"/>
<monster name="Demon Skeleton" direction="2" spawntime="60" x="-67" y="-43"/>
<monster name="Demon Skeleton" direction="2" spawntime="60" x="-66" y="-44"/>
<monster name="Demon Skeleton" direction="2" spawntime="60" x="-57" y="-45"/>
<monster name="Demon Skeleton" direction="2" spawntime="60" x="-58" y="-44"/>
<monster name="Demon Skeleton" direction="2" spawntime="60" x="-57" y="-43"/>
<monster name="Demon Skeleton" direction="2" spawntime="60" x="-56" y="-44"/>
<monster name="Demon Skeleton" direction="2" spawntime="60" x="-50" y="-36"/>
<monster name="Demon Skeleton" direction="2" spawntime="60" x="-51" y="-35"/>
<monster name="Demon Skeleton" direction="2" spawntime="60" x="-50" y="-34"/>
<monster name="Demon Skeleton" direction="2" spawntime="60" x="-49" y="-35"/>
<monster name="Demon Skeleton" direction="2" spawntime="60" x="-45" y="-47"/>
<monster name="Demon Skeleton" direction="2" spawntime="60" x="-46" y="-46"/>
<monster name="Demon Skeleton" direction="2" spawntime="60" x="-45" y="-45"/>
<monster name="Demon Skeleton" direction="2" spawntime="60" x="-44" y="-46"/>
<monster name="Demon Skeleton" direction="2" spawntime="60" x="-41" y="-36"/>
<monster name="Demon Skeleton" direction="2" spawntime="60" x="-42" y="-35"/>
<monster name="Demon Skeleton" direction="2" spawntime="60" x="-41" y="-34"/>
<monster name="Demon Skeleton" direction="2" spawntime="60" x="-40" y="-35"/>
<monster name="Demon Skeleton" direction="2" spawntime="60" x="-37" y="-45"/>
<monster name="Demon Skeleton" direction="2" spawntime="60" x="-38" y="-44"/>
<monster name="Demon Skeleton" direction="2" spawntime="60" x="-37" y="-43"/>
<monster name="Demon Skeleton" direction="2" spawntime="60" x="-36" y="-44"/>
<monster name="Banshee" direction="2" spawntime="60" x="-71" y="-26"/>
<monster name="Banshee" direction="2" spawntime="60" x="-72" y="-19"/>
<monster name="Banshee" direction="2" spawntime="60" x="-62" y="-26"/>
<monster name="Banshee" direction="2" spawntime="60" x="-73" y="-10"/>
<monster name="Banshee" direction="2" spawntime="60" x="-70" y="-5"/>
<monster name="Banshee" direction="2" spawntime="60" x="-62" y="-13"/>
<monster name="Banshee" direction="2" spawntime="60" x="-57" y="-19"/>
<monster name="Banshee" direction="2" spawntime="60" x="-77" y="1"/>
<monster name="Banshee" direction="2" spawntime="60" x="-69" y="3"/>
<monster name="Banshee" direction="2" spawntime="60" x="-63" y="3"/>
<monster name="Banshee" direction="2" spawntime="60" x="-56" y="-5"/>
<monster name="Banshee" direction="2" spawntime="60" x="-47" y="-14"/>
<monster name="Banshee" direction="2" spawntime="60" x="-43" y="-16"/>
<monster name="Banshee" direction="2" spawntime="60" x="-43" y="-21"/>
<monster name="Banshee" direction="2" spawntime="60" x="-46" y="-28"/>
<monster name="Banshee" direction="2" spawntime="60" x="-54" y="-27"/>
<monster name="Banshee" direction="2" spawntime="60" x="-50" y="-35"/>
<monster name="Banshee" direction="2" spawntime="60" x="-41" y="-35"/>
<monster name="Banshee" direction="2" spawntime="60" x="-37" y="-44"/>
<monster name="Banshee" direction="2" spawntime="60" x="-45" y="-46"/>
<monster name="Banshee" direction="2" spawntime="60" x="-57" y="-44"/>
<monster name="Banshee" direction="2" spawntime="60" x="-67" y="-44"/>
<monster name="Banshee" direction="2" spawntime="60" x="-74" y="-40"/>
<monster name="Banshee" direction="2" spawntime="60" x="-69" y="-35"/>
<monster name="Banshee" direction="2" spawntime="60" x="-62" y="-34"/>
<monster name="Demon Skeleton" direction="2" spawntime="60" x="-77" y="7"/>
<monster name="Banshee" direction="2" spawntime="60" x="-77" y="8"/>
<monster name="Demon Skeleton" direction="2" spawntime="60" x="-76" y="8"/>
<monster name="Demon Skeleton" direction="2" spawntime="60" x="-77" y="9"/>
<monster name="Demon Skeleton" direction="2" spawntime="60" x="-78" y="8"/>
<monster name="Demon Skeleton" direction="2" spawntime="60" x="-67" y="8"/>
<monster name="Demon Skeleton" direction="2" spawntime="60" x="-68" y="9"/>
<monster name="Banshee" direction="2" spawntime="60" x="-67" y="9"/>
<monster name="Demon Skeleton" direction="2" spawntime="60" x="-66" y="9"/>
<monster name="Demon Skeleton" direction="2" spawntime="60" x="-67" y="10"/>
<monster name="Hero" direction="2" spawntime="60" x="47" y="1"/>
<monster name="Hero" direction="2" spawntime="60" x="53" y="1"/>
<monster name="Hero" direction="2" spawntime="60" x="50" y="4"/>
<monster name="Hero" direction="2" spawntime="60" x="56" y="-6"/>
<monster name="Hero" direction="2" spawntime="60" x="52" y="-1"/>
<monster name="Hero" direction="2" spawntime="60" x="46" y="-6"/>
<monster name="Hero" direction="2" spawntime="60" x="43" y="-4"/>
<monster name="Hero" direction="2" spawntime="60" x="44" y="-4"/>
<monster name="Vampire" direction="2" spawntime="60" x="16" y="-38"/>
<monster name="Vampire" direction="2" spawntime="60" x="19" y="-40"/>
<monster name="Vampire" direction="2" spawntime="60" x="29" y="-39"/>
<monster name="Vampire" direction="2" spawntime="60" x="29" y="-29"/>
<monster name="Vampire" direction="2" spawntime="60" x="32" y="-32"/>
<monster name="Vampire" direction="2" spawntime="60" x="36" y="-29"/>
<monster name="Vampire" direction="2" spawntime="60" x="37" y="-42"/>
<monster name="Vampire" direction="2" spawntime="60" x="37" y="-36"/>
<monster name="Vampire" direction="2" spawntime="60" x="45" y="-39"/>
<monster name="Fire Elemental" direction="2" spawntime="60" x="47" y="-40"/>
<monster name="Fire Elemental" direction="2" spawntime="60" x="49" y="-40"/>
<monster name="Fire Elemental" direction="2" spawntime="60" x="53" y="-40"/>
<monster name="Fire Elemental" direction="2" spawntime="60" x="55" y="-40"/>
<monster name="Fire Elemental" direction="2" spawntime="60" x="57" y="-40"/>
<monster name="Fire Elemental" direction="2" spawntime="60" x="59" y="-40"/>
<monster name="Fire Devil" direction="2" spawntime="60" x="48" y="-40"/>
<monster name="Fire Devil" direction="2" spawntime="60" x="50" y="-40"/>
<monster name="Fire Devil" direction="2" spawntime="60" x="52" y="-40"/>
<monster name="Fire Devil" direction="2" spawntime="60" x="54" y="-40"/>
<monster name="Fire Devil" direction="2" spawntime="60" x="56" y="-40"/>
<monster name="Fire Devil" direction="2" spawntime="60" x="58" y="-40"/>
<monster name="Slime" direction="2" spawntime="60" x="53" y="-54"/>
<monster name="Slime" direction="2" spawntime="60" x="59" y="-58"/>
<monster name="Slime" direction="2" spawntime="60" x="50" y="-66"/>
<monster name="Slime" direction="2" spawntime="60" x="61" y="-72"/>
<monster name="Slime" direction="2" spawntime="60" x="50" y="-75"/>
<monster name="Slime" direction="2" spawntime="60" x="53" y="-70"/>
<monster name="Slime" direction="2" spawntime="60" x="56" y="-67"/>
<monster name="Slime" direction="2" spawntime="60" x="53" y="-76"/>
<monster name="Slime" direction="2" spawntime="60" x="52" y="-58"/>
<monster name="Slime" direction="2" spawntime="60" x="65" y="-59"/>
<monster name="Slime" direction="2" spawntime="60" x="69" y="-55"/>
<monster name="Slime" direction="2" spawntime="60" x="64" y="-55"/>
<monster name="Slime" direction="2" spawntime="60" x="69" y="-60"/>
</spawn>
<spawn centerx="213" centery="181" centerz="9" radius="12">
<monster name="Ancient Scarab" direction="2" spawntime="60" x="-6" y="-3"/>
<monster name="Ancient Scarab" direction="2" spawntime="60" x="-4" y="-6"/>
<monster name="Ancient Scarab" direction="2" spawntime="60" x="-2" y="-1"/>
<monster name="Deathslicer" direction="2" spawntime="60" x="-4" y="-4"/>
<monster name="Deathslicer" direction="2" spawntime="60" x="-4" y="-1"/>
<monster name="Omruc" direction="2" spawntime="60" x="-8" y="2"/>
<monster name="Omruc" direction="2" spawntime="60" x="-9" y="-3"/>
<monster name="Omruc" direction="2" spawntime="60" x="2" y="4"/>
<monster name="Omruc" direction="2" spawntime="60" x="0" y="6"/>
<monster name="Morguthis" direction="2" spawntime="60" x="2" y="-3"/>
<monster name="Morguthis" direction="2" spawntime="60" x="0" y="1"/>
<monster name="Morguthis" direction="2" spawntime="60" x="7" y="6"/>
<monster name="Thalas" direction="2" spawntime="60" x="-5" y="3"/>
<monster name="Thalas" direction="2" spawntime="60" x="-8" y="6"/>
<monster name="Thalas" direction="2" spawntime="60" x="-2" y="3"/>
<monster name="Dipthrah" direction="2" spawntime="60" x="8" y="-5"/>
<monster name="Ashmunrah" direction="2" spawntime="60" x="-9" y="3"/>
<monster name="Ashmunrah" direction="2" spawntime="60" x="-4" y="6"/>
<monster name="Mahrdis" direction="2" spawntime="60" x="4" y="6"/>
<monster name="Mahrdis" direction="2" spawntime="60" x="8" y="1"/>
<monster name="Mahrdis" direction="2" spawntime="60" x="3" y="-6"/>
<monster name="Vashresamun" direction="2" spawntime="60" x="2" y="1"/>
<monster name="Vashresamun" direction="2" spawntime="60" x="6" y="4"/>
<monster name="Rahemos" direction="2" spawntime="60" x="-9" y="0"/>
<monster name="Rahemos" direction="2" spawntime="60" x="8" y="-3"/>
<monster name="Rahemos" direction="2" spawntime="60" x="4" y="3"/>
<monster name="Lich" direction="2" spawntime="60" x="-3" y="4"/>
<monster name="Lich" direction="2" spawntime="60" x="-1" y="4"/>
<monster name="Lich" direction="2" spawntime="60" x="1" y="4"/>
<monster name="Lich" direction="2" spawntime="60" x="-6" y="6"/>
<monster name="Lich" direction="2" spawntime="60" x="-2" y="6"/>
<monster name="Lich" direction="2" spawntime="60" x="2" y="6"/>
<monster name="Lich" direction="2" spawntime="60" x="8" y="4"/>
<monster name="Gargoyle" direction="2" spawntime="60" x="-7" y="4"/>
<monster name="Gargoyle" direction="2" spawntime="60" x="-5" y="4"/>
<monster name="Gargoyle" direction="2" spawntime="60" x="4" y="-2"/>
<monster name="Efreet" direction="2" spawntime="60" x="0" y="-1"/>
<monster name="Efreet" direction="2" spawntime="60" x="0" y="-4"/>
<monster name="Efreet" direction="2" spawntime="60" x="-2" y="-6"/>
<monster name="Blue Djinn" direction="2" spawntime="60" x="-6" y="-2"/>
<monster name="Blue Djinn" direction="2" spawntime="60" x="-9" y="-2"/>
<monster name="Blue Djinn" direction="2" spawntime="60" x="-9" y="-4"/>
<monster name="Blue Djinn" direction="2" spawntime="60" x="6" y="-4"/>
<monster name="Efreet" direction="2" spawntime="60" x="8" y="-1"/>
<monster name="Ancient Scarab" direction="2" spawntime="60" x="-6" y="-5"/>
<monster name="Ashmunrah" direction="2" spawntime="60" x="6" y="1"/>
<monster name="Thalas" direction="2" spawntime="60" x="4" y="1"/>
<monster name="Dipthrah" direction="2" spawntime="60" x="7" y="-6"/>
<monster name="Gargoyle" direction="2" spawntime="60" x="4" y="4"/>
<monster name="Ancient Scarab" direction="2" spawntime="60" x="-2" y="-3"/>
<monster name="Ancient Scarab" direction="2" spawntime="60" x="-2" y="-5"/>
<monster name="Blue Djinn" direction="2" spawntime="60" x="-8" y="0"/>
<monster name="Ancient Scarab" direction="2" spawntime="60" x="-8" y="-4"/>
<monster name="Ancient Scarab" direction="2" spawntime="60" x="-8" y="-3"/>
<monster name="Ancient Scarab" direction="2" spawntime="60" x="-8" y="-2"/>
<monster name="Ancient Scarab" direction="2" spawntime="60" x="-2" y="1"/>
<monster name="Ancient Scarab" direction="2" spawntime="60" x="2" y="-1"/>
<monster name="Ancient Scarab" direction="2" spawntime="60" x="2" y="-5"/>
<monster name="Ancient Scarab" direction="2" spawntime="60" x="-6" y="2"/>
<monster name="Ancient Scarab" direction="2" spawntime="60" x="-9" y="6"/>
<monster name="Ancient Scarab" direction="2" spawntime="60" x="2" y="3"/>
<monster name="Ancient Scarab" direction="2" spawntime="60" x="6" y="-2"/>
<monster name="Ancient Scarab" direction="2" spawntime="60" x="4" y="-1"/>
<monster name="Ancient Scarab" direction="2" spawntime="60" x="4" y="-5"/>
<monster name="Ancient Scarab" direction="2" spawntime="60" x="4" y="-4"/>
<monster name="Gargoyle" direction="2" spawntime="60" x="8" y="3"/>
<monster name="Gargoyle" direction="2" spawntime="60" x="8" y="0"/>
<monster name="Gargoyle" direction="2" spawntime="60" x="8" y="6"/>
<monster name="Gargoyle" direction="2" spawntime="60" x="6" y="3"/>
<monster name="Ashmunrah" direction="2" spawntime="60" x="-5" y="6"/>
<monster name="Ashmunrah" direction="2" spawntime="60" x="-3" y="6"/>
<monster name="Mahrdis" direction="2" spawntime="60" x="-8" y="4"/>
<monster name="Mahrdis" direction="2" spawntime="60" x="-9" y="1"/>
<monster name="Vashresamun" direction="2" spawntime="60" x="1" y="3"/>
<monster name="Vashresamun" direction="2" spawntime="60" x="0" y="-3"/>
<monster name="Vashresamun" direction="2" spawntime="60" x="0" y="-5"/>
<monster name="Green Djinn" direction="2" spawntime="60" x="-7" y="3"/>
<monster name="Green Djinn" direction="2" spawntime="60" x="0" y="3"/>
<monster name="Green Djinn" direction="2" spawntime="60" x="5" y="6"/>
<monster name="Green Djinn" direction="2" spawntime="60" x="6" y="5"/>
<monster name="Green Djinn" direction="2" spawntime="60" x="8" y="2"/>
<monster name="Green Djinn" direction="2" spawntime="60" x="6" y="0"/>
<monster name="Green Djinn" direction="2" spawntime="60" x="-3" y="1"/>
<monster name="Marid" direction="2" spawntime="60" x="-7" y="1"/>
<monster name="Marid" direction="2" spawntime="60" x="-5" y="-6"/>
<monster name="Ancient Scarab" direction="2" spawntime="60" x="6" y="-3"/>
<monster name="Vashresamun" direction="2" spawntime="60" x="-9" y="-5"/>
</spawn>
<spawn centerx="36" centery="34" centerz="8" radius="10">
<monster name="Priestess" direction="2" spawntime="60" x="-2" y="-2"/>
<monster name="Priestess" direction="2" spawntime="60" x="2" y="-2"/>
<monster name="Ghost" direction="2" spawntime="60" x="0" y="-1"/>
<monster name="Fire Elemental" direction="2" spawntime="60" x="0" y="1"/>
<monster name="Fire Devil" direction="2" spawntime="60" x="-7" y="1"/>
<monster name="Fire Devil" direction="2" spawntime="60" x="7" y="1"/>
<monster name="Mummy" direction="2" spawntime="60" x="-4" y="2"/>
<monster name="Mummy" direction="2" spawntime="60" x="4" y="2"/>
<monster name="Ghoul" direction="2" spawntime="60" x="-7" y="-1"/>
<monster name="Ghoul" direction="2" spawntime="60" x="7" y="-1"/>
<monster name="Ghoul" direction="2" spawntime="60" x="-2" y="-5"/>
<monster name="Ghoul" direction="2" spawntime="60" x="2" y="-5"/>
<monster name="Skeleton" direction="2" spawntime="60" x="-2" y="1"/>
<monster name="Skeleton" direction="2" spawntime="60" x="2" y="1"/>
<monster name="Skeleton" direction="2" spawntime="60" x="-1" y="-2"/>
<monster name="Skeleton" direction="2" spawntime="60" x="1" y="-2"/>
<monster name="Skeleton" direction="2" spawntime="60" x="0" y="-2"/>
<monster name="Vampire" direction="2" spawntime="60" x="-7" y="3"/>
<monster name="Vampire" direction="2" spawntime="60" x="7" y="3"/>
<monster name="Dark Monk" direction="2" spawntime="60" x="-5" y="1"/>
<monster name="Dark Monk" direction="2" spawntime="60" x="5" y="1"/>
<monster name="Dark Monk" direction="2" spawntime="60" x="-4" y="-1"/>
<monster name="Dark Monk" direction="2" spawntime="60" x="4" y="-1"/>
<monster name="Dark Monk" direction="2" spawntime="60" x="2" y="-1"/>
<monster name="Banshee" direction="2" spawntime="60" x="0" y="3"/>
<monster name="Demon Skeleton" direction="2" spawntime="60" x="-2" y="3"/>
<monster name="Demon Skeleton" direction="2" spawntime="60" x="2" y="3"/>
</spawn>
<spawn centerx="32" centery="30" centerz="9" radius="5">
<monster name="Fire Elemental" direction="2" spawntime="60" x="0" y="1"/>
</spawn>
<spawn centerx="106" centery="124" centerz="6" radius="20">
<monster name="Cyclops" direction="2" spawntime="60" x="-7" y="-6"/>
<monster name="Cyclops" direction="2" spawntime="60" x="0" y="-2"/>
<monster name="Cyclops" direction="2" spawntime="60" x="7" y="-11"/>
<monster name="Cyclops" direction="2" spawntime="60" x="-10" y="1"/>
<monster name="Cyclops" direction="2" spawntime="60" x="-14" y="9"/>
<monster name="Cyclops" direction="2" spawntime="60" x="-10" y="15"/>
<monster name="Cyclops" direction="2" spawntime="60" x="15" y="-6"/>
</spawn>
<spawn centerx="95" centery="120" centerz="3" radius="100">
<monster name="Black Knight" direction="2" spawntime="60" x="-2" y="-8"/>
<monster name="Black Knight" direction="2" spawntime="60" x="3" y="-8"/>
<monster name="Black Knight" direction="2" spawntime="60" x="2" y="2"/>
<monster name="Black Knight" direction="2" spawntime="60" x="-1" y="2"/>
<monster name="Black Knight" direction="2" spawntime="60" x="-2" y="-6"/>
<monster name="Black Knight" direction="2" spawntime="60" x="3" y="-6"/>
<monster name="Warlock" direction="2" spawntime="60" x="-4" y="-2"/>
<monster name="Warlock" direction="2" spawntime="60" x="-4" y="-3"/>
<monster name="Warlock" direction="2" spawntime="60" x="5" y="-2"/>
<monster name="Warlock" direction="2" spawntime="60" x="5" y="-3"/>
<monster name="Behemoth" direction="2" spawntime="60" x="-4" y="-4"/>
<monster name="Behemoth" direction="2" spawntime="60" x="5" y="-4"/>
<monster name="Behemoth" direction="2" spawntime="60" x="-1" y="-4"/>
<monster name="Behemoth" direction="2" spawntime="60" x="3" y="-4"/>
<monster name="Behemoth" direction="2" spawntime="60" x="1" y="-2"/>
<monster name="Behemoth" direction="2" spawntime="60" x="1" y="-7"/>
<monster name="Behemoth" direction="2" spawntime="60" x="7" y="4"/>
<monster name="Behemoth" direction="2" spawntime="60" x="-5" y="4"/>
<monster name="Banshee" direction="2" spawntime="60" x="-1" y="0"/>
<monster name="Banshee" direction="2" spawntime="60" x="2" y="0"/>
<monster name="Banshee" direction="2" spawntime="60" x="12" y="31"/>
<monster name="Banshee" direction="2" spawntime="60" x="6" y="31"/>
<monster name="Banshee" direction="2" spawntime="60" x="-3" y="24"/>
<monster name="Banshee" direction="2" spawntime="60" x="-1" y="16"/>
<monster name="Banshee" direction="2" spawntime="60" x="13" y="9"/>
<monster name="Black Knight" direction="2" spawntime="60" x="-5" y="12"/>
<monster name="Black Knight" direction="2" spawntime="60" x="-5" y="17"/>
<monster name="Black Knight" direction="2" spawntime="60" x="10" y="18"/>
<monster name="Black Knight" direction="2" spawntime="60" x="13" y="26"/>
<monster name="Black Knight" direction="2" spawntime="60" x="4" y="26"/>
<monster name="Black Knight" direction="2" spawntime="60" x="4" y="9"/>
<monster name="Behemoth" direction="2" spawntime="60" x="15" y="18"/>
<monster name="Behemoth" direction="2" spawntime="60" x="15" y="21"/>
<monster name="Behemoth" direction="2" spawntime="60" x="1" y="12"/>
<monster name="Behemoth" direction="2" spawntime="60" x="1" y="17"/>
<monster name="Behemoth" direction="2" spawntime="60" x="9" y="31"/>
</spawn>
<spawn centerx="100" centery="133" centerz="4" radius="100">
<monster name="Black Knight" direction="2" spawntime="60" x="-7" y="-8"/>
<monster name="Black Knight" direction="2" spawntime="60" x="-3" y="-3"/>
<monster name="Black Knight" direction="2" spawntime="60" x="-8" y="7"/>
<monster name="Black Knight" direction="2" spawntime="60" x="-4" y="3"/>
<monster name="Black Knight" direction="2" spawntime="60" x="0" y="7"/>
<monster name="Black Knight" direction="2" spawntime="60" x="4" y="3"/>
<monster name="Black Knight" direction="2" spawntime="60" x="-6" y="-1"/>
<monster name="Black Knight" direction="2" spawntime="60" x="-6" y="1"/>
<monster name="Black Knight" direction="2" spawntime="60" x="1" y="-3"/>
<monster name="Black Knight" direction="2" spawntime="60" x="5" y="-7"/>
<monster name="Black Knight" direction="2" spawntime="60" x="9" y="-9"/>
<monster name="Black Knight" direction="2" spawntime="60" x="2" y="-9"/>
<monster name="Black Knight" direction="2" spawntime="60" x="9" y="-1"/>
<monster name="Vampire" direction="2" spawntime="60" x="-1" y="95"/>
<monster name="Priestess" direction="2" spawntime="60" x="-2" y="94"/>
<monster name="Priestess" direction="2" spawntime="60" x="0" y="94"/>
<monster name="Necromancer" direction="2" spawntime="60" x="-1" y="97"/>
<monster name="Necromancer" direction="2" spawntime="60" x="-1" y="92"/>
<monster name="Monk" direction="2" spawntime="60" x="-4" y="97"/>
<monster name="Monk" direction="2" spawntime="60" x="2" y="97"/>
<monster name="Monk" direction="2" spawntime="60" x="2" y="92"/>
<monster name="Ghost" direction="2" spawntime="60" x="-4" y="94"/>
<monster name="Ghost" direction="2" spawntime="60" x="2" y="94"/>
<monster name="Bat" direction="2" spawntime="60" x="5" y="94"/>
<monster name="Bat" direction="2" spawntime="60" x="8" y="96"/>
<monster name="Bat" direction="2" spawntime="60" x="7" y="93"/>
<monster name="Bat" direction="2" spawntime="60" x="5" y="96"/>
<monster name="Necromancer" direction="2" spawntime="60" x="6" y="99"/>
<monster name="Necromancer" direction="2" spawntime="60" x="8" y="99"/>
<monster name="Vampire" direction="2" spawntime="60" x="59" y="-53"/>
<monster name="Vampire" direction="2" spawntime="60" x="59" y="-46"/>
<monster name="Vampire" direction="2" spawntime="60" x="50" y="-45"/>
<monster name="Necromancer" direction="2" spawntime="60" x="47" y="-49"/>
<monster name="Necromancer" direction="2" spawntime="60" x="53" y="-49"/>
<monster name="Necromancer" direction="2" spawntime="60" x="59" y="-49"/>
<monster name="Vampire" direction="2" spawntime="60" x="46" y="-53"/>
<monster name="Vampire" direction="2" spawntime="60" x="53" y="-53"/>
<monster name="Vampire" direction="2" spawntime="60" x="54" y="-45"/>
<monster name="Warlock" direction="2" spawntime="60" x="67" y="-49"/>
<monster name="Demodras" direction="2" spawntime="60" x="-14" y="17"/>
</spawn>
<spawn centerx="102" centery="128" centerz="5" radius="100">
<monster name="Black Knight" direction="2" spawntime="60" x="-4" y="-9"/>
<monster name="Black Knight" direction="2" spawntime="60" x="5" y="-1"/>
<monster name="Black Knight" direction="2" spawntime="60" x="19" y="-1"/>
<monster name="Black Knight" direction="2" spawntime="60" x="-2" y="3"/>
<monster name="Black Knight" direction="2" spawntime="60" x="12" y="-10"/>
<monster name="Black Knight" direction="2" spawntime="60" x="2" y="-5"/>
<monster name="Black Knight" direction="2" spawntime="60" x="5" y="11"/>
<monster name="Black Knight" direction="2" spawntime="60" x="-6" y="11"/>
<monster name="Black Knight" direction="2" spawntime="60" x="-8" y="-3"/>
<monster name="Black Knight" direction="2" spawntime="60" x="-9" y="4"/>
<monster name="Necromancer" direction="2" spawntime="60" x="-4" y="98"/>
<monster name="Necromancer" direction="2" spawntime="60" x="1" y="97"/>
<monster name="Necromancer" direction="2" spawntime="60" x="5" y="99"/>
<monster name="Necromancer" direction="2" spawntime="60" x="0" y="100"/>
<monster name="Necromancer" direction="2" spawntime="60" x="7" y="97"/>
<monster name="Amazon" direction="2" spawntime="60" x="41" y="-48"/>
<monster name="Amazon" direction="2" spawntime="60" x="47" y="-40"/>
<monster name="Amazon" direction="2" spawntime="60" x="56" y="-49"/>
<monster name="Valkyrie" direction="2" spawntime="60" x="53" y="-40"/>
<monster name="Valkyrie" direction="2" spawntime="60" x="41" y="-45"/>
<monster name="Valkyrie" direction="2" spawntime="60" x="58" y="-46"/>
<monster name="Valkyrie" direction="2" spawntime="60" x="61" y="-46"/>
<monster name="Amazon" direction="2" spawntime="60" x="58" y="-42"/>
<monster name="Amazon" direction="2" spawntime="60" x="62" y="-49"/>
<monster name="Minotaur Mage" direction="2" spawntime="60" x="64" y="-41"/>
<monster name="Minotaur Mage" direction="2" spawntime="60" x="63" y="-42"/>
<monster name="Minotaur Mage" direction="2" spawntime="60" x="65" y="-42"/>
<monster name="Giant Spider" direction="2" spawntime="60" x="1" y="-26"/>
<monster name="Dworc Venomsniper" direction="2" spawntime="60" x="65" y="-3"/>
<monster name="Dworc Voodoomaster" direction="2" spawntime="60" x="69" y="-3"/>
<monster name="Dworc Venomsniper" direction="2" spawntime="60" x="71" y="-3"/>
<monster name="Dworc Voodoomaster" direction="2" spawntime="60" x="60" y="-7"/>
<monster name="Goblin" direction="2" spawntime="60" x="52" y="-7"/>
<monster name="Goblin" direction="2" spawntime="60" x="52" y="-5"/>
<monster name="Goblin" direction="2" spawntime="60" x="53" y="-4"/>
<monster name="Goblin" direction="2" spawntime="60" x="54" y="-7"/>
<monster name="Goblin" direction="2" spawntime="60" x="55" y="-6"/>
<monster name="Goblin" direction="2" spawntime="60" x="55" y="-4"/>
<monster name="Goblin" direction="2" spawntime="60" x="56" y="-7"/>
<monster name="Goblin" direction="2" spawntime="60" x="56" y="-5"/>
<monster name="Goblin" direction="2" spawntime="60" x="57" y="-4"/>
<monster name="Goblin" direction="2" spawntime="60" x="57" y="-6"/>
<monster name="Beholder" direction="2" spawntime="60" x="54" y="-5"/>
<monster name="The Old Widow" direction="2" spawntime="60" x="-26" y="-24"/>
<monster name="The Old Widow" direction="2" spawntime="60" x="-23" y="-24"/>
<monster name="Giant Spider" direction="2" spawntime="60" x="-28" y="-34"/>
<monster name="Giant Spider" direction="2" spawntime="60" x="-23" y="-35"/>
<monster name="Giant Spider" direction="2" spawntime="60" x="-22" y="-31"/>
<monster name="Giant Spider" direction="2" spawntime="60" x="-26" y="-30"/>
</spawn>
<spawn centerx="75" centery="189" centerz="8" radius="100">
<monster name="Hydra" direction="2" spawntime="60" x="28" y="-13"/>
<monster name="Hydra" direction="2" spawntime="60" x="23" y="-4"/>
<monster name="Hydra" direction="2" spawntime="60" x="35" y="-10"/>
<monster name="Elder Beholder" direction="2" spawntime="60" x="-19" y="4"/>
<monster name="Elder Beholder" direction="2" spawntime="60" x="-13" y="7"/>
<monster name="Elder Beholder" direction="2" spawntime="60" x="-8" y="-1"/>
<monster name="Elder Beholder" direction="2" spawntime="60" x="-11" y="-8"/>
<monster name="Elder Beholder" direction="2" spawntime="60" x="-23" y="-8"/>
<monster name="Elder Beholder" direction="2" spawntime="60" x="1" y="-10"/>
<monster name="Elder Beholder" direction="2" spawntime="60" x="1" y="-7"/>
<monster name="Elder Beholder" direction="2" spawntime="60" x="8" y="-8"/>
<monster name="Elder Beholder" direction="2" spawntime="60" x="8" y="-5"/>
<monster name="Elder Beholder" direction="2" spawntime="60" x="19" y="-13"/>
<monster name="Elder Beholder" direction="2" spawntime="60" x="19" y="-10"/>
<monster name="Elder Beholder" direction="2" spawntime="60" x="20" y="2"/>
<monster name="Elder Beholder" direction="2" spawntime="60" x="20" y="6"/>
<monster name="Elder Beholder" direction="2" spawntime="60" x="3" y="10"/>
<monster name="Elder Beholder" direction="2" spawntime="60" x="9" y="10"/>
<monster name="Elder Beholder" direction="2" spawntime="60" x="1" y="1"/>
<monster name="Elder Beholder" direction="2" spawntime="60" x="-4" y="13"/>
<monster name="Elder Beholder" direction="2" spawntime="60" x="-10" y="13"/>
<monster name="Grorlam" direction="2" spawntime="60" x="-7" y="13"/>
<monster name="Grorlam" direction="2" spawntime="60" x="6" y="10"/>
<monster name="Grorlam" direction="2" spawntime="60" x="1" y="-9"/>
<monster name="Grorlam" direction="2" spawntime="60" x="8" y="-7"/>
<monster name="Grorlam" direction="2" spawntime="60" x="20" y="4"/>
<monster name="Grorlam" direction="2" spawntime="60" x="19" y="-11"/>
<monster name="Hydra" direction="2" spawntime="60" x="11" y="-20"/>
<monster name="Hydra" direction="2" spawntime="60" x="12" y="-14"/>
<monster name="Fire Elemental" direction="2" spawntime="60" x="-40" y="17"/>
<monster name="Fire Elemental" direction="2" spawntime="60" x="-36" y="17"/>
<monster name="Fire Elemental" direction="2" spawntime="60" x="-36" y="25"/>
<monster name="Fire Elemental" direction="2" spawntime="60" x="-32" y="26"/>
<monster name="Fire Elemental" direction="2" spawntime="60" x="-36" y="31"/>
<monster name="Fire Elemental" direction="2" spawntime="60" x="-32" y="30"/>
<monster name="Demon" direction="2" spawntime="60" x="-34" y="28"/>
<monster name="Behemoth" direction="2" spawntime="60" x="-30" y="-92"/>
<monster name="Behemoth" direction="2" spawntime="60" x="-13" y="-89"/>
<monster name="Behemoth" direction="2" spawntime="60" x="-12" y="-99"/>
<monster name="Behemoth" direction="2" spawntime="60" x="-17" y="-94"/>
<monster name="Cyclops" direction="2" spawntime="60" x="-15" y="-90"/>
<monster name="Cyclops" direction="2" spawntime="60" x="-13" y="-90"/>
<monster name="Cyclops" direction="2" spawntime="60" x="-18" y="-95"/>
<monster name="Cyclops" direction="2" spawntime="60" x="-16" y="-95"/>
<monster name="Cyclops" direction="2" spawntime="60" x="-13" y="-99"/>
<monster name="Cyclops" direction="2" spawntime="60" x="-12" y="-98"/>
<monster name="Cyclops" direction="2" spawntime="60" x="-29" y="-92"/>
<monster name="Cyclops" direction="2" spawntime="60" x="-31" y="-92"/>
<monster name="Elder Beholder" direction="2" spawntime="60" x="-22" y="-96"/>
<monster name="Elder Beholder" direction="2" spawntime="60" x="-22" y="-94"/>
<monster name="Elder Beholder" direction="2" spawntime="60" x="-22" y="-92"/>
<monster name="Elder Beholder" direction="2" spawntime="60" x="-22" y="-90"/>
<monster name="Elder Beholder" direction="2" spawntime="60" x="-22" y="-88"/>
</spawn>
<spawn centerx="53" centery="222" centerz="9" radius="100">
<monster name="Demon" direction="2" spawntime="60" x="-26" y="-6"/>
<monster name="Demon" direction="2" spawntime="60" x="-24" y="-20"/>
<monster name="Demon" direction="2" spawntime="60" x="-2" y="7"/>
<monster name="Demon" direction="2" spawntime="60" x="-26" y="6"/>
<monster name="Demon" direction="2" spawntime="60" x="13" y="6"/>
<monster name="Demon" direction="2" spawntime="60" x="7" y="-8"/>
<monster name="Demon" direction="2" spawntime="60" x="14" y="-15"/>
<monster name="Demon" direction="2" spawntime="60" x="50" y="-4"/>
<monster name="Demon" direction="2" spawntime="60" x="31" y="2"/>
<monster name="Demon" direction="2" spawntime="60" x="21" y="2"/>
<monster name="Demon" direction="2" spawntime="60" x="19" y="-6"/>
<monster name="Demon" direction="2" spawntime="60" x="23" y="-13"/>
<monster name="Demon" direction="2" spawntime="60" x="31" y="-21"/>
<monster name="Fire Elemental" direction="2" spawntime="60" x="-26" y="4"/>
<monster name="Fire Elemental" direction="2" spawntime="60" x="-24" y="6"/>
<monster name="Fire Elemental" direction="2" spawntime="60" x="-28" y="-6"/>
<monster name="Fire Elemental" direction="2" spawntime="60" x="-24" y="-6"/>
<monster name="Fire Elemental" direction="2" spawntime="60" x="-14" y="1"/>
<monster name="Fire Elemental" direction="2" spawntime="60" x="-9" y="1"/>
<monster name="Fire Elemental" direction="2" spawntime="60" x="-4" y="7"/>
<monster name="Fire Elemental" direction="2" spawntime="60" x="-2" y="5"/>
<monster name="Fire Elemental" direction="2" spawntime="60" x="-9" y="-2"/>
<monster name="Fire Elemental" direction="2" spawntime="60" x="-14" y="-2"/>
<monster name="Fire Elemental" direction="2" spawntime="60" x="-1" y="-17"/>
<monster name="Fire Elemental" direction="2" spawntime="60" x="-22" y="-21"/>
<monster name="Fire Elemental" direction="2" spawntime="60" x="-24" y="-17"/>
<monster name="Fire Elemental" direction="2" spawntime="60" x="11" y="-15"/>
<monster name="Fire Elemental" direction="2" spawntime="60" x="15" y="-12"/>
<monster name="Fire Elemental" direction="2" spawntime="60" x="7" y="-5"/>
<monster name="Fire Elemental" direction="2" spawntime="60" x="9" y="-8"/>
<monster name="Fire Elemental" direction="2" spawntime="60" x="17" y="-5"/>
<monster name="Fire Elemental" direction="2" spawntime="60" x="21" y="-6"/>
<monster name="Fire Elemental" direction="2" spawntime="60" x="23" y="-12"/>
<monster name="Fire Elemental" direction="2" spawntime="60" x="25" y="-14"/>
<monster name="Fire Elemental" direction="2" spawntime="60" x="31" y="-20"/>
<monster name="Fire Elemental" direction="2" spawntime="60" x="32" y="-21"/>
<monster name="Fire Elemental" direction="2" spawntime="60" x="50" y="-7"/>
<monster name="Fire Elemental" direction="2" spawntime="60" x="47" y="-4"/>
<monster name="Fire Elemental" direction="2" spawntime="60" x="50" y="-25"/>
<monster name="Fire Elemental" direction="2" spawntime="60" x="36" y="-26"/>
<monster name="Fire Elemental" direction="2" spawntime="60" x="29" y="3"/>
<monster name="Fire Elemental" direction="2" spawntime="60" x="32" y="0"/>
<monster name="Fire Elemental" direction="2" spawntime="60" x="21" y="0"/>
<monster name="Fire Elemental" direction="2" spawntime="60" x="22" y="3"/>
<monster name="Fire Elemental" direction="2" spawntime="60" x="11" y="6"/>
<monster name="Fire Elemental" direction="2" spawntime="60" x="13" y="3"/>
<monster name="Dragon Lord" direction="2" spawntime="60" x="-18" y="6"/>
<monster name="Dragon Lord" direction="2" spawntime="60" x="-19" y="-3"/>
<monster name="Dragon Lord" direction="2" spawntime="60" x="-3" y="-2"/>
<monster name="Dragon Lord" direction="2" spawntime="60" x="-6" y="-9"/>
<monster name="Dragon Lord" direction="2" spawntime="60" x="-17" y="-11"/>
<monster name="Dragon Lord" direction="2" spawntime="60" x="-14" y="-20"/>
<monster name="Dragon Lord" direction="2" spawntime="60" x="1" y="-11"/>
<monster name="Dragon Lord" direction="2" spawntime="60" x="4" y="2"/>
<monster name="Dragon Lord" direction="2" spawntime="60" x="5" y="2"/>
<monster name="Dragon Lord" direction="2" spawntime="60" x="14" y="-2"/>
<monster name="Dragon Lord" direction="2" spawntime="60" x="26" y="-4"/>
<monster name="Dragon Lord" direction="2" spawntime="60" x="24" y="-1"/>
<monster name="Dragon Lord" direction="2" spawntime="60" x="29" y="-1"/>
<monster name="Dragon Lord" direction="2" spawntime="60" x="27" y="-10"/>
<monster name="Dragon Lord" direction="2" spawntime="60" x="35" y="-15"/>
<monster name="Dragon Lord" direction="2" spawntime="60" x="36" y="-24"/>
<monster name="Dragon Lord" direction="2" spawntime="60" x="45" y="-16"/>
<monster name="Dragon Lord" direction="2" spawntime="60" x="50" y="-11"/>
<monster name="Dragon Lord" direction="2" spawntime="60" x="43" y="-4"/>
<monster name="Dragon Lord" direction="2" spawntime="60" x="35" y="-4"/>
<monster name="Dragon Lord" direction="2" spawntime="60" x="31" y="-6"/>
<monster name="Demon" direction="2" spawntime="60" x="41" y="20"/>
<monster name="Demon" direction="2" spawntime="60" x="44" y="20"/>
<monster name="Demon" direction="2" spawntime="60" x="32" y="27"/>
<monster name="Demon" direction="2" spawntime="60" x="32" y="23"/>
<monster name="Demon" direction="2" spawntime="60" x="52" y="27"/>
<monster name="Demon" direction="2" spawntime="60" x="52" y="23"/>
<monster name="Orshabaal" direction="2" spawntime="60" x="42" y="33"/>
<monster name="Demodras" direction="2" spawntime="60" x="38" y="29"/>
<monster name="Demodras" direction="2" spawntime="60" x="46" y="29"/>
<monster name="Dragon Lord" direction="2" spawntime="60" x="40" y="27"/>
<monster name="Dragon Lord" direction="2" spawntime="60" x="44" y="27"/>
<monster name="Dragon Lord" direction="2" spawntime="60" x="42" y="24"/>
<monster name="Dragon Lord" direction="2" spawntime="60" x="42" y="29"/>
<monster name="Dragon Lord" direction="2" spawntime="60" x="45" y="23"/>
<monster name="Dragon Lord" direction="2" spawntime="60" x="39" y="23"/>
<monster name="Behemoth" direction="2" spawntime="60" x="38" y="33"/>
<monster name="Behemoth" direction="2" spawntime="60" x="46" y="33"/>
<monster name="Behemoth" direction="2" spawntime="60" x="35" y="25"/>
<monster name="Behemoth" direction="2" spawntime="60" x="49" y="25"/>
<monster name="Behemoth" direction="2" spawntime="60" x="35" y="21"/>
<monster name="Behemoth" direction="2" spawntime="60" x="49" y="21"/>
<monster name="Orshabaal" direction="2" spawntime="60" x="38" y="25"/>
<monster name="Orshabaal" direction="2" spawntime="60" x="46" y="25"/>
<monster name="Behemoth" direction="2" spawntime="60" x="62" y="-20"/>
<monster name="Behemoth" direction="2" spawntime="60" x="62" y="-15"/>
<monster name="Warlock" direction="2" spawntime="60" x="59" y="-15"/>
<monster name="Warlock" direction="2" spawntime="60" x="66" y="-15"/>
<monster name="Warlock" direction="2" spawntime="60" x="66" y="-19"/>
<monster name="Warlock" direction="2" spawntime="60" x="59" y="-19"/>
<monster name="Warlock" direction="2" spawntime="60" x="59" y="-23"/>
<monster name="Warlock" direction="2" spawntime="60" x="66" y="-23"/>
<monster name="Ghost" direction="2" spawntime="60" x="62" y="-18"/>
<monster name="Ghost" direction="2" spawntime="60" x="62" y="-24"/>
</spawn>
<spawn centerx="52" centery="184" centerz="10" radius="100">
<monster name="Demodras" direction="2" spawntime="60" x="-24" y="-4"/>
<monster name="Demodras" direction="2" spawntime="60" x="-17" y="0"/>
<monster name="Demodras" direction="2" spawntime="60" x="2" y="24"/>
<monster name="Demodras" direction="2" spawntime="60" x="11" y="24"/>
<monster name="Dragon Lord" direction="2" spawntime="60" x="3" y="21"/>
<monster name="Dragon Lord" direction="2" spawntime="60" x="9" y="21"/>
<monster name="Dragon Lord" direction="2" spawntime="60" x="6" y="25"/>
<monster name="Dragon Lord" direction="2" spawntime="60" x="-20" y="-8"/>
<monster name="Dragon Lord" direction="2" spawntime="60" x="-22" y="1"/>
<monster name="Dragon Lord" direction="2" spawntime="60" x="-18" y="-4"/>
<monster name="Dragon" direction="2" spawntime="60" x="-5" y="-6"/>
<monster name="Dragon" direction="2" spawntime="60" x="8" y="-2"/>
<monster name="Dragon Lord" direction="2" spawntime="60" x="-4" y="-11"/>
<monster name="Dragon Lord" direction="2" spawntime="60" x="-12" y="-17"/>
<monster name="Dragon Lord" direction="2" spawntime="60" x="15" y="-1"/>
<monster name="Dragon Lord" direction="2" spawntime="60" x="13" y="7"/>
<monster name="Dragon Lord" direction="2" spawntime="60" x="5" y="11"/>
<monster name="Dragon" direction="2" spawntime="60" x="-4" y="-1"/>
<monster name="Dragon" direction="2" spawntime="60" x="0" y="-1"/>
<monster name="Dragon" direction="2" spawntime="60" x="0" y="2"/>
<monster name="Dragon" direction="2" spawntime="60" x="-4" y="2"/>
<monster name="Banshee" direction="2" spawntime="60" x="-23" y="-64"/>
<monster name="Banshee" direction="2" spawntime="60" x="-20" y="-64"/>
<monster name="Banshee" direction="2" spawntime="60" x="-28" y="-68"/>
<monster name="Banshee" direction="2" spawntime="60" x="-28" y="-70"/>
<monster name="Banshee" direction="2" spawntime="60" x="-15" y="-70"/>
<monster name="Banshee" direction="2" spawntime="60" x="-15" y="-68"/>
<monster name="Banshee" direction="2" spawntime="60" x="-23" y="-68"/>
<monster name="Banshee" direction="2" spawntime="60" x="-20" y="-68"/>
<monster name="Banshee" direction="2" spawntime="60" x="-23" y="-70"/>
<monster name="Banshee" direction="2" spawntime="60" x="-20" y="-70"/>
<monster name="Banshee" direction="2" spawntime="60" x="-23" y="-73"/>
<monster name="Banshee" direction="2" spawntime="60" x="-20" y="-73"/>
<monster name="Behemoth" direction="2" spawntime="60" x="-24" y="-65"/>
<monster name="Behemoth" direction="2" spawntime="60" x="-18" y="-65"/>
<monster name="Behemoth" direction="2" spawntime="60" x="-26" y="-69"/>
<monster name="Behemoth" direction="2" spawntime="60" x="-17" y="-69"/>
<monster name="Behemoth" direction="2" spawntime="60" x="-24" y="-73"/>
<monster name="Behemoth" direction="2" spawntime="60" x="-18" y="-73"/>
<monster name="Behemoth" direction="2" spawntime="60" x="-21" y="-71"/>
<monster name="Behemoth" direction="2" spawntime="60" x="-21" y="-65"/>
<monster name="Demon" direction="2" spawntime="60" x="-21" y="-62"/>
<monster name="Demon" direction="2" spawntime="60" x="-10" y="-85"/>
<monster name="Demon" direction="2" spawntime="60" x="0" y="-75"/>
<monster name="Demon" direction="2" spawntime="60" x="9" y="-93"/>
<monster name="Banshee" direction="2" spawntime="60" x="-11" y="-84"/>
<monster name="Banshee" direction="2" spawntime="60" x="-10" y="-83"/>
<monster name="Banshee" direction="2" spawntime="60" x="-9" y="-84"/>
<monster name="Banshee" direction="2" spawntime="60" x="-1" y="-76"/>
<monster name="Banshee" direction="2" spawntime="60" x="0" y="-77"/>
<monster name="Banshee" direction="2" spawntime="60" x="-1" y="-78"/>
<monster name="Banshee" direction="2" spawntime="60" x="7" y="-92"/>
<monster name="Banshee" direction="2" spawntime="60" x="9" y="-91"/>
<monster name="Banshee" direction="2" spawntime="60" x="11" y="-92"/>
</spawn>
<spawn centerx="103" centery="231" centerz="6" radius="5">
<monster name="Monk" direction="2" spawntime="60" x="-2" y="3"/>
<monster name="Monk" direction="2" spawntime="60" x="5" y="0"/>
<monster name="Monk" direction="2" spawntime="60" x="1" y="0"/>
<monster name="Monk" direction="2" spawntime="60" x="0" y="-5"/>
<monster name="Monk" direction="2" spawntime="60" x="-2" y="0"/>
<monster name="Monk" direction="2" spawntime="60" x="3" y="1"/>
</spawn>
<spawn centerx="97" centery="227" centerz="6" radius="5">
<monster name="Monk" direction="2" spawntime="60" x="0" y="3"/>
<monster name="Monk" direction="2" spawntime="60" x="4" y="-1"/>
<monster name="Monk" direction="2" spawntime="60" x="2" y="-1"/>
<monster name="Monk" direction="2" spawntime="60" x="0" y="-1"/>
<monster name="Monk" direction="2" spawntime="60" x="-1" y="-1"/>
</spawn>
<spawn centerx="97" centery="233" centerz="6" radius="5">
<monster name="Monk" direction="2" spawntime="60" x="-2" y="4"/>
<monster name="Monk" direction="2" spawntime="60" x="1" y="0"/>
<monster name="Monk" direction="2" spawntime="60" x="4" y="3"/>
</spawn>
<spawn centerx="104" centery="237" centerz="6" radius="5">
<monster name="Monk" direction="2" spawntime="60" x="4" y="-3"/>
<monster name="Monk" direction="2" spawntime="60" x="4" y="-1"/>
<monster name="Monk" direction="2" spawntime="60" x="1" y="-1"/>
</spawn>
<spawn centerx="109" centery="232" centerz="6" radius="5">
<monster name="Monk" direction="2" spawntime="60" x="0" y="-4"/>
</spawn>
<spawn centerx="107" centery="225" centerz="6" radius="5">
<monster name="Monk" direction="2" spawntime="60" x="0" y="1"/>
<monster name="Monk" direction="2" spawntime="60" x="-2" y="1"/>
</spawn>
<spawn centerx="101" centery="230" centerz="5" radius="5">
<monster name="Necromancer" direction="2" spawntime="60" x="-3" y="-2"/>
<monster name="Necromancer" direction="2" spawntime="60" x="-5" y="0"/>
<monster name="Necromancer" direction="2" spawntime="60" x="0" y="0"/>
<monster name="Necromancer" direction="2" spawntime="60" x="3" y="0"/>
<monster name="Necromancer" direction="2" spawntime="60" x="5" y="0"/>
<monster name="Necromancer" direction="2" spawntime="60" x="0" y="2"/>
<monster name="Necromancer" direction="2" spawntime="60" x="-4" y="2"/>
</spawn>
<spawn centerx="109" centery="229" centerz="5" radius="5">
<monster name="Necromancer" direction="2" spawntime="60" x="-3" y="3"/>
<monster name="Necromancer" direction="2" spawntime="60" x="0" y="4"/>
<monster name="Necromancer" direction="2" spawntime="60" x="0" y="-1"/>
</spawn>
<spawn centerx="96" centery="232" centerz="5" radius="5">
<monster name="Necromancer" direction="2" spawntime="60" x="4" y="3"/>
<monster name="Necromancer" direction="2" spawntime="60" x="0" y="5"/>
</spawn>
<spawn centerx="105" centery="236" centerz="5" radius="5">
<monster name="Necromancer" direction="2" spawntime="60" x="-1" y="-1"/>
<monster name="Necromancer" direction="2" spawntime="60" x="4" y="0"/>
</spawn>
<spawn centerx="93" centery="240" centerz="5" radius="5">
<monster name="Necromancer" direction="2" spawntime="60" x="1" y="-3"/>
<monster name="Necromancer" direction="2" spawntime="60" x="1" y="0"/>
<monster name="Necromancer" direction="2" spawntime="60" x="3" y="0"/>
</spawn>
<spawn centerx="106" centery="236" centerz="4" radius="5">
<monster name="Hero" direction="2" spawntime="60" x="0" y="1"/>
<monster name="Assasin" direction="2" spawntime="60" x="-2" y="-3"/>
<monster name="Assasin" direction="2" spawntime="60" x="3" y="-3"/>
<monster name="Assasin" direction="2" spawntime="60" x="0" y="-3"/>
<monster name="Assasin" direction="2" spawntime="60" x="1" y="-3"/>
<monster name="Dog" direction="2" spawntime="60" x="3" y="1"/>
<monster name="Dog" direction="2" spawntime="60" x="0" y="0"/>
<monster name="Monk" direction="2" spawntime="60" x="-2" y="0"/>
<monster name="Monk" direction="2" spawntime="60" x="3" y="0"/>
</spawn>
<spawn centerx="94" centery="239" centerz="4" radius="5">
<monster name="Banshee" direction="2" spawntime="60" x="-1" y="-3"/>
<monster name="Banshee" direction="2" spawntime="60" x="-1" y="2"/>
<monster name="Banshee" direction="2" spawntime="60" x="2" y="2"/>
<monster name="Banshee" direction="2" spawntime="60" x="2" y="-3"/>
</spawn>
<spawn centerx="68" centery="254" centerz="6" radius="100">
<monster name="Black Knight" direction="2" spawntime="60" x="-14" y="-5"/>
<monster name="Black Knight" direction="2" spawntime="60" x="-11" y="-1"/>
<monster name="Black Knight" direction="2" spawntime="60" x="-14" y="3"/>
<monster name="Black Knight" direction="2" spawntime="60" x="-4" y="3"/>
<monster name="Black Knight" direction="2" spawntime="60" x="-2" y="-3"/>
<monster name="Black Knight" direction="2" spawntime="60" x="-8" y="-9"/>
<monster name="Black Knight" direction="2" spawntime="60" x="-4" y="-11"/>
<monster name="Black Knight" direction="2" spawntime="60" x="4" y="-5"/>
<monster name="Black Knight" direction="2" spawntime="60" x="8" y="0"/>
<monster name="Black Knight" direction="2" spawntime="60" x="14" y="-5"/>
<monster name="General Murius" direction="2" spawntime="60" x="-19" y="-83"/>
<monster name="General Murius" direction="2" spawntime="60" x="-16" y="-83"/>
<monster name="General Murius" direction="2" spawntime="60" x="-5" y="-77"/>
<monster name="General Murius" direction="2" spawntime="60" x="-5" y="-74"/>
<monster name="Giant Spider" direction="2" spawntime="60" x="-30" y="-91"/>
<monster name="Hydra" direction="2" spawntime="60" x="-32" y="-89"/>
<monster name="Hydra" direction="2" spawntime="60" x="-25" y="-88"/>
<monster name="Hydra" direction="2" spawntime="60" x="-24" y="-97"/>
<monster name="Hydra" direction="2" spawntime="60" x="-16" y="-97"/>
<monster name="Giant Spider" direction="2" spawntime="60" x="-20" y="-97"/>
<monster name="Giant Spider" direction="2" spawntime="60" x="-18" y="-97"/>
<monster name="Hydra" direction="2" spawntime="60" x="-13" y="-91"/>
<monster name="Hydra" direction="2" spawntime="60" x="-11" y="-91"/>
<monster name="Hydra" direction="2" spawntime="60" x="-9" y="-91"/>
<monster name="Hydra" direction="2" spawntime="60" x="-7" y="-91"/>
<monster name="Hydra" direction="2" spawntime="60" x="-5" y="-91"/>
<monster name="Hydra" direction="2" spawntime="60" x="-3" y="-91"/>
<monster name="Hydra" direction="2" spawntime="60" x="-7" y="-94"/>
<monster name="Hydra" direction="2" spawntime="60" x="-9" y="-97"/>
<monster name="Hydra" direction="2" spawntime="60" x="-12" y="-95"/>
<monster name="Hydra" direction="2" spawntime="60" x="-4" y="-95"/>
<monster name="Necromancer" direction="2" spawntime="60" x="-29" y="-20"/>
<monster name="Necromancer" direction="2" spawntime="60" x="-30" y="-19"/>
<monster name="Necromancer" direction="2" spawntime="60" x="-29" y="-24"/>
<monster name="Necromancer" direction="2" spawntime="60" x="-30" y="-25"/>
<monster name="Hero" direction="2" spawntime="60" x="-30" y="-22"/>
<monster name="Hero" direction="2" spawntime="60" x="-32" y="-22"/>
<monster name="Hero" direction="2" spawntime="60" x="-32" y="-18"/>
<monster name="Hero" direction="2" spawntime="60" x="-36" y="-19"/>
<monster name="Hero" direction="2" spawntime="60" x="-35" y="-26"/>
<monster name="Hero" direction="2" spawntime="60" x="-34" y="-21"/>
<monster name="Dragon" direction="2" spawntime="60" x="-22" y="-30"/>
<monster name="Dragon" direction="2" spawntime="60" x="-26" y="-23"/>
<monster name="Dragon" direction="2" spawntime="60" x="-16" y="-19"/>
<monster name="Dragon" direction="2" spawntime="60" x="-23" y="-15"/>
<monster name="Dragon" direction="2" spawntime="60" x="-20" y="-24"/>
<monster name="Dragon" direction="2" spawntime="60" x="-9" y="-12"/>
<monster name="Dragon" direction="2" spawntime="60" x="-25" y="-7"/>
<monster name="Dragon" direction="2" spawntime="60" x="-17" y="-11"/>
<monster name="Dragon" direction="2" spawntime="60" x="-34" y="-11"/>
<monster name="Dragon" direction="2" spawntime="60" x="-31" y="-6"/>
<monster name="Dragon" direction="2" spawntime="60" x="4" y="-14"/>
<monster name="Dragon" direction="2" spawntime="60" x="13" y="-16"/>
<monster name="Dragon" direction="2" spawntime="60" x="19" y="-10"/>
<monster name="Dragon" direction="2" spawntime="60" x="13" y="-24"/>
<monster name="Dragon" direction="2" spawntime="60" x="18" y="-21"/>
<monster name="Dragon" direction="2" spawntime="60" x="6" y="-14"/>
<monster name="Dragon" direction="2" spawntime="60" x="23" y="-14"/>
<monster name="Dragon" direction="2" spawntime="60" x="28" y="-8"/>
<monster name="Hydra" direction="2" spawntime="60" x="-15" y="-91"/>
</spawn>
<spawn centerx="272" centery="40" centerz="6" radius="25">
<monster name="Yeti" direction="2" spawntime="60" x="-3" y="0"/>
<monster name="Yeti" direction="2" spawntime="60" x="-5" y="-7"/>
<monster name="Yeti" direction="2" spawntime="60" x="-19" y="5"/>
<monster name="Yeti" direction="2" spawntime="60" x="-6" y="8"/>
<monster name="Yeti" direction="2" spawntime="60" x="4" y="8"/>
<monster name="Yeti" direction="2" spawntime="60" x="11" y="2"/>
<monster name="Yeti" direction="2" spawntime="60" x="10" y="-7"/>
<monster name="Yeti" direction="2" spawntime="60" x="19" y="-5"/>
<monster name="Yeti" direction="2" spawntime="60" x="19" y="1"/>
<monster name="Yeti" direction="2" spawntime="60" x="19" y="-2"/>
<monster name="Yeti" direction="2" spawntime="60" x="-8" y="-12"/>
<monster name="Elf Arcanist" direction="2" spawntime="60" x="5" y="17"/>
<monster name="Elf Arcanist" direction="2" spawntime="60" x="8" y="19"/>
<monster name="Elf Arcanist" direction="2" spawntime="60" x="5" y="21"/>
<monster name="Elf Arcanist" direction="2" spawntime="60" x="8" y="23"/>
<monster name="Elf Scout" direction="2" spawntime="60" x="5" y="23"/>
<monster name="Elf Scout" direction="2" spawntime="60" x="8" y="21"/>
<monster name="Elf Scout" direction="2" spawntime="60" x="5" y="19"/>
<monster name="Elf Scout" direction="2" spawntime="60" x="8" y="17"/>
<monster name="Dragon Lord" direction="2" spawntime="60" x="-1" y="18"/>
<monster name="Dragon Lord" direction="2" spawntime="60" x="14" y="18"/>
<monster name="Dragon" direction="2" spawntime="60" x="-1" y="22"/>
</spawn>
<spawn centerx="33" centery="53" centerz="10" radius="100">
<monster name="Demon" direction="2" spawntime="60" x="32" y="24"/>
<monster name="Demon" direction="2" spawntime="60" x="39" y="-3"/>
<monster name="Demon" direction="2" spawntime="60" x="1" y="-1"/>
<monster name="Banshee" direction="2" spawntime="60" x="31" y="22"/>
<monster name="Banshee" direction="2" spawntime="60" x="32" y="21"/>
<monster name="Banshee" direction="2" spawntime="60" x="33" y="23"/>
<monster name="Banshee" direction="2" spawntime="60" x="44" y="11"/>
<monster name="Banshee" direction="2" spawntime="60" x="45" y="10"/>
<monster name="Banshee" direction="2" spawntime="60" x="44" y="9"/>
<monster name="Banshee" direction="2" spawntime="60" x="40" y="-4"/>
<monster name="Banshee" direction="2" spawntime="60" x="41" y="-2"/>
<monster name="Banshee" direction="2" spawntime="60" x="40" y="-1"/>
<monster name="Demon" direction="2" spawntime="60" x="47" y="10"/>
<monster name="Banshee" direction="2" spawntime="60" x="-1" y="1"/>
<monster name="Banshee" direction="2" spawntime="60" x="3" y="1"/>
<monster name="Banshee" direction="2" spawntime="60" x="1" y="2"/>
</spawn>
<spawn centerx="282" centery="36" centerz="11" radius="2">
<monster name="Behemoth" direction="2" spawntime="60" x="0" y="0"/>
</spawn>
<spawn centerx="282" centery="40" centerz="11" radius="2">
<monster name="Behemoth" direction="2" spawntime="60" x="0" y="0"/>
</spawn>
<spawn centerx="290" centery="40" centerz="11" radius="2">
<monster name="Behemoth" direction="2" spawntime="60" x="0" y="0"/>
</spawn>
<spawn centerx="290" centery="36" centerz="11" radius="2">
<monster name="Behemoth" direction="2" spawntime="60" x="0" y="0"/>
</spawn>
<spawn centerx="286" centery="35" centerz="11" radius="2">
<monster name="Demon" direction="2" spawntime="60" x="0" y="2"/>
</spawn>
<spawn centerx="286" centery="38" centerz="11" radius="2">
<monster name="Demon" direction="2" spawntime="60" x="0" y="2"/>
</spawn>
<spawn centerx="286" centery="41" centerz="11" radius="2">
<monster name="Behemoth" direction="2" spawntime="60" x="0" y="2"/>
</spawn>
<spawn centerx="286" centery="44" centerz="11" radius="2">
<monster name="Dragon" direction="2" spawntime="60" x="0" y="1"/>
</spawn>
<spawn centerx="286" centery="47" centerz="11" radius="5">
<monster name="Dragon" direction="2" spawntime="60" x="-2" y="-4"/>
<monster name="Dragon" direction="2" spawntime="60" x="2" y="-4"/>
<monster name="Dragon Lord" direction="2" spawntime="60" x="-3" y="-1"/>
<monster name="Dragon Lord" direction="2" spawntime="60" x="3" y="-1"/>
<monster name="Demon" direction="2" spawntime="60" x="0" y="0"/>
<monster name="Demon" direction="2" spawntime="60" x="0" y="3"/>
<monster name="Demon" direction="2" spawntime="60" x="-3" y="3"/>
<monster name="Demon" direction="2" spawntime="60" x="3" y="3"/>
<monster name="Warlock" direction="2" spawntime="60" x="4" y="-3"/>
<monster name="Behemoth" direction="2" spawntime="60" x="-2" y="1"/>
<monster name="Behemoth" direction="2" spawntime="60" x="2" y="1"/>
<monster name="Warlock" direction="2" spawntime="60" x="-4" y="-3"/>
</spawn>
<spawn centerx="293" centery="46" centerz="11" radius="5">
<monster name="Orshabaal" direction="2" spawntime="60" x="0" y="-1"/>
</spawn>
<spawn centerx="279" centery="46" centerz="11" radius="5">
<monster name="Orshabaal" direction="2" spawntime="60" x="0" y="-1"/>
</spawn>
<spawn centerx="278" centery="62" centerz="7" radius="50">
<monster name="Elf Arcanist" direction="2" spawntime="60" x="-2" y="-11"/>
<monster name="Elf Arcanist" direction="2" spawntime="60" x="3" y="-11"/>
<monster name="Elf Arcanist" direction="2" spawntime="60" x="0" y="-9"/>
<monster name="Elf Arcanist" direction="2" spawntime="60" x="-6" y="-12"/>
<monster name="Elf Arcanist" direction="2" spawntime="60" x="7" y="-12"/>
<monster name="Elf Arcanist" direction="2" spawntime="60" x="8" y="-14"/>
<monster name="Elf Arcanist" direction="2" spawntime="60" x="6" y="-14"/>
<monster name="Elf Arcanist" direction="2" spawntime="60" x="-8" y="-14"/>
<monster name="Elf Arcanist" direction="2" spawntime="60" x="-6" y="-14"/>
<monster name="Elf Scout" direction="2" spawntime="60" x="-3" y="-7"/>
<monster name="Elf Scout" direction="2" spawntime="60" x="3" y="-7"/>
<monster name="Elf Scout" direction="2" spawntime="60" x="0" y="-5"/>
<monster name="Elf Scout" direction="2" spawntime="60" x="1" y="-5"/>
<monster name="Elf Scout" direction="2" spawntime="60" x="0" y="-4"/>
<monster name="Elf Scout" direction="2" spawntime="60" x="1" y="-4"/>
<monster name="Elf Arcanist" direction="2" spawntime="60" x="7" y="-5"/>
<monster name="Elf Arcanist" direction="2" spawntime="60" x="8" y="-6"/>
<monster name="Elf Arcanist" direction="2" spawntime="60" x="9" y="-5"/>
<monster name="Elf Arcanist" direction="2" spawntime="60" x="-8" y="-5"/>
<monster name="Elf Arcanist" direction="2" spawntime="60" x="-7" y="-6"/>
<monster name="Elf Arcanist" direction="2" spawntime="60" x="-6" y="-5"/>
<monster name="Elf Arcanist" direction="2" spawntime="60" x="6" y="1"/>
<monster name="Elf Arcanist" direction="2" spawntime="60" x="7" y="0"/>
<monster name="Elf Arcanist" direction="2" spawntime="60" x="8" y="1"/>
<monster name="Elf Arcanist" direction="2" spawntime="60" x="-8" y="1"/>
<monster name="Elf Arcanist" direction="2" spawntime="60" x="-7" y="0"/>
<monster name="Elf Arcanist" direction="2" spawntime="60" x="-6" y="1"/>
<monster name="Elf Scout" direction="2" spawntime="60" x="0" y="0"/>
<monster name="Elf Scout" direction="2" spawntime="60" x="1" y="0"/>
<monster name="Elf Scout" direction="2" spawntime="60" x="1" y="1"/>
<monster name="Elf Scout" direction="2" spawntime="60" x="0" y="1"/>
<monster name="Elf Arcanist" direction="2" spawntime="60" x="7" y="7"/>
<monster name="Elf Arcanist" direction="2" spawntime="60" x="8" y="6"/>
<monster name="Elf Arcanist" direction="2" spawntime="60" x="9" y="7"/>
<monster name="Elf Arcanist" direction="2" spawntime="60" x="-9" y="7"/>
<monster name="Elf Arcanist" direction="2" spawntime="60" x="-8" y="7"/>
<monster name="Elf Arcanist" direction="2" spawntime="60" x="-8" y="6"/>
<monster name="Elf Scout" direction="2" spawntime="60" x="0" y="5"/>
<monster name="Elf Scout" direction="2" spawntime="60" x="1" y="5"/>
<monster name="Elf Scout" direction="2" spawntime="60" x="0" y="6"/>
<monster name="Elf Scout" direction="2" spawntime="60" x="1" y="6"/>
<monster name="Elf Scout" direction="2" spawntime="60" x="0" y="10"/>
<monster name="Elf Scout" direction="2" spawntime="60" x="1" y="10"/>
<monster name="Elf Scout" direction="2" spawntime="60" x="1" y="11"/>
<monster name="Elf Scout" direction="2" spawntime="60" x="0" y="11"/>
<monster name="Elf Arcanist" direction="2" spawntime="60" x="-8" y="13"/>
<monster name="Elf Arcanist" direction="2" spawntime="60" x="-7" y="14"/>
<monster name="Elf Arcanist" direction="2" spawntime="60" x="-6" y="13"/>
<monster name="Elf Arcanist" direction="2" spawntime="60" x="6" y="13"/>
<monster name="Elf Arcanist" direction="2" spawntime="60" x="7" y="14"/>
<monster name="Elf Arcanist" direction="2" spawntime="60" x="8" y="13"/>
<monster name="Dragon" direction="2" spawntime="60" x="0" y="20"/>
<monster name="Ancient Scarab" direction="2" spawntime="60" x="33" y="31"/>
<monster name="Ancient Scarab" direction="2" spawntime="60" x="28" y="41"/>
<monster name="Ancient Scarab" direction="2" spawntime="60" x="27" y="28"/>
<monster name="Ancient Scarab" direction="2" spawntime="60" x="35" y="22"/>
<monster name="Ancient Scarab" direction="2" spawntime="60" x="28" y="14"/>
<monster name="Ancient Scarab" direction="2" spawntime="60" x="36" y="11"/>
<monster name="Ancient Scarab" direction="2" spawntime="60" x="42" y="12"/>
<monster name="Ancient Scarab" direction="2" spawntime="60" x="42" y="23"/>
<monster name="Ancient Scarab" direction="2" spawntime="60" x="40" y="6"/>
<monster name="Scarab" direction="2" spawntime="60" x="26" y="39"/>
<monster name="Scarab" direction="2" spawntime="60" x="29" y="39"/>
<monster name="Scarab" direction="2" spawntime="60" x="31" y="34"/>
<monster name="Scarab" direction="2" spawntime="60" x="37" y="31"/>
<monster name="Scarab" direction="2" spawntime="60" x="42" y="25"/>
<monster name="Scarab" direction="2" spawntime="60" x="40" y="20"/>
<monster name="Scarab" direction="2" spawntime="60" x="40" y="22"/>
<monster name="Scarab" direction="2" spawntime="60" x="46" y="8"/>
<monster name="Scarab" direction="2" spawntime="60" x="40" y="8"/>
<monster name="Scarab" direction="2" spawntime="60" x="45" y="13"/>
<monster name="Scarab" direction="2" spawntime="60" x="42" y="20"/>
<monster name="Scarab" direction="2" spawntime="60" x="40" y="15"/>
<monster name="Scarab" direction="2" spawntime="60" x="41" y="21"/>
<monster name="Scarab" direction="2" spawntime="60" x="32" y="13"/>
<monster name="Scarab" direction="2" spawntime="60" x="37" y="8"/>
<monster name="Scarab" direction="2" spawntime="60" x="35" y="15"/>
<monster name="Scarab" direction="2" spawntime="60" x="33" y="19"/>
<monster name="Scarab" direction="2" spawntime="60" x="37" y="20"/>
<monster name="Scarab" direction="2" spawntime="60" x="31" y="24"/>
<monster name="Scarab" direction="2" spawntime="60" x="28" y="25"/>
<monster name="Scarab" direction="2" spawntime="60" x="28" y="33"/>
<monster name="Scarab" direction="2" spawntime="60" x="29" y="37"/>
<monster name="Scarab" direction="2" spawntime="60" x="34" y="33"/>
<monster name="Scarab" direction="2" spawntime="60" x="34" y="29"/>
<monster name="Scarab" direction="2" spawntime="60" x="39" y="26"/>
<monster name="Scarab" direction="2" spawntime="60" x="32" y="26"/>
<monster name="Larva" direction="2" spawntime="60" x="38" y="17"/>
<monster name="Larva" direction="2" spawntime="60" x="34" y="13"/>
<monster name="Larva" direction="2" spawntime="60" x="45" y="8"/>
<monster name="Larva" direction="2" spawntime="60" x="41" y="10"/>
<monster name="Larva" direction="2" spawntime="60" x="45" y="15"/>
<monster name="Larva" direction="2" spawntime="60" x="43" y="19"/>
<monster name="Larva" direction="2" spawntime="60" x="32" y="10"/>
<monster name="Larva" direction="2" spawntime="60" x="31" y="19"/>
<monster name="Larva" direction="2" spawntime="60" x="41" y="16"/>
<monster name="Larva" direction="2" spawntime="60" x="46" y="19"/>
<monster name="Larva" direction="2" spawntime="60" x="43" y="23"/>
<monster name="Larva" direction="2" spawntime="60" x="39" y="25"/>
<monster name="Larva" direction="2" spawntime="60" x="36" y="26"/>
<monster name="Larva" direction="2" spawntime="60" x="35" y="23"/>
<monster name="Larva" direction="2" spawntime="60" x="32" y="24"/>
<monster name="Larva" direction="2" spawntime="60" x="33" y="27"/>
<monster name="Larva" direction="2" spawntime="60" x="30" y="29"/>
<monster name="Larva" direction="2" spawntime="60" x="38" y="30"/>
<monster name="Larva" direction="2" spawntime="60" x="28" y="35"/>
<monster name="Larva" direction="2" spawntime="60" x="25" y="33"/>
<monster name="Larva" direction="2" spawntime="60" x="26" y="30"/>
<monster name="Larva" direction="2" spawntime="60" x="25" y="25"/>
<monster name="Larva" direction="2" spawntime="60" x="31" y="23"/>
</spawn>
<spawn centerx="277" centery="71" centerz="6" radius="25">
<monster name="Elf Arcanist" direction="2" spawntime="60" x="0" y="-6"/>
<monster name="Elf Arcanist" direction="2" spawntime="60" x="3" y="-4"/>
<monster name="Elf Arcanist" direction="2" spawntime="60" x="0" y="-2"/>
<monster name="Elf Arcanist" direction="2" spawntime="60" x="3" y="0"/>
<monster name="Elf Arcanist" direction="2" spawntime="60" x="2" y="0"/>
<monster name="Elf Arcanist" direction="2" spawntime="60" x="0" y="2"/>
<monster name="Elf Arcanist" direction="2" spawntime="60" x="3" y="4"/>
<monster name="Elf Scout" direction="2" spawntime="60" x="0" y="4"/>
<monster name="Elf Scout" direction="2" spawntime="60" x="2" y="2"/>
<monster name="Elf Scout" direction="2" spawntime="60" x="3" y="2"/>
<monster name="Elf Scout" direction="2" spawntime="60" x="0" y="0"/>
<monster name="Elf Scout" direction="2" spawntime="60" x="3" y="-2"/>
<monster name="Elf Scout" direction="2" spawntime="60" x="0" y="-4"/>
<monster name="Elf Scout" direction="2" spawntime="60" x="3" y="-6"/>
<monster name="Dragon" direction="2" spawntime="60" x="9" y="-9"/>
<monster name="Dragon" direction="2" spawntime="60" x="9" y="-5"/>
<monster name="Dragon" direction="2" spawntime="60" x="9" y="-1"/>
<monster name="Dragon" direction="2" spawntime="60" x="9" y="3"/>
<monster name="Dragon" direction="2" spawntime="60" x="7" y="6"/>
<monster name="Dragon" direction="2" spawntime="60" x="-4" y="6"/>
<monster name="Dragon" direction="2" spawntime="60" x="-6" y="3"/>
<monster name="Dragon" direction="2" spawntime="60" x="-6" y="-1"/>
<monster name="Dragon" direction="2" spawntime="60" x="-6" y="-5"/>
</spawn>
<spawn centerx="278" centery="65" centerz="5" radius="30">
<monster name="Elf Arcanist" direction="2" spawntime="60" x="-3" y="-8"/>
<monster name="Elf Arcanist" direction="2" spawntime="60" x="3" y="-8"/>
<monster name="Elf Arcanist" direction="2" spawntime="60" x="1" y="-8"/>
<monster name="Elf Arcanist" direction="2" spawntime="60" x="-1" y="-8"/>
<monster name="Elf Arcanist" direction="2" spawntime="60" x="-2" y="-7"/>
<monster name="Elf Arcanist" direction="2" spawntime="60" x="0" y="-7"/>
<monster name="Elf Arcanist" direction="2" spawntime="60" x="2" y="-7"/>
<monster name="Dragon Lord" direction="2" spawntime="60" x="-8" y="-4"/>
<monster name="Dragon Lord" direction="2" spawntime="60" x="8" y="-4"/>
<monster name="Dragon" direction="2" spawntime="60" x="0" y="-3"/>
<monster name="Dragon" direction="2" spawntime="60" x="1" y="-3"/>
<monster name="Dragon" direction="2" spawntime="60" x="0" y="1"/>
<monster name="Dragon" direction="2" spawntime="60" x="1" y="1"/>
<monster name="Elf Arcanist" direction="2" spawntime="60" x="-7" y="-2"/>
<monster name="Elf Arcanist" direction="2" spawntime="60" x="-6" y="-1"/>
<monster name="Elf Arcanist" direction="2" spawntime="60" x="-5" y="-2"/>
<monster name="Elf Arcanist" direction="2" spawntime="60" x="4" y="-2"/>
<monster name="Elf Arcanist" direction="2" spawntime="60" x="5" y="-1"/>
<monster name="Elf Arcanist" direction="2" spawntime="60" x="6" y="-2"/>
<monster name="Elf Scout" direction="2" spawntime="60" x="-10" y="-8"/>
<monster name="Elf Scout" direction="2" spawntime="60" x="-9" y="-7"/>
<monster name="Elf Scout" direction="2" spawntime="60" x="-10" y="-6"/>
<monster name="Elf Scout" direction="2" spawntime="60" x="-9" y="-5"/>
<monster name="Elf Scout" direction="2" spawntime="60" x="-10" y="-4"/>
<monster name="Elf Scout" direction="2" spawntime="60" x="-9" y="-3"/>
<monster name="Elf Scout" direction="2" spawntime="60" x="-10" y="-2"/>
<monster name="Elf Scout" direction="2" spawntime="60" x="-9" y="-1"/>
<monster name="Elf Scout" direction="2" spawntime="60" x="-10" y="0"/>
<monster name="Elf Scout" direction="2" spawntime="60" x="-9" y="1"/>
<monster name="Elf Scout" direction="2" spawntime="60" x="-10" y="2"/>
<monster name="Elf Scout" direction="2" spawntime="60" x="-9" y="3"/>
<monster name="Elf Scout" direction="2" spawntime="60" x="-10" y="4"/>
<monster name="Elf Scout" direction="2" spawntime="60" x="-9" y="5"/>
<monster name="Elf Scout" direction="2" spawntime="60" x="-10" y="6"/>
<monster name="Elf Scout" direction="2" spawntime="60" x="-9" y="7"/>
<monster name="Elf Scout" direction="2" spawntime="60" x="-10" y="8"/>
<monster name="Elf Scout" direction="2" spawntime="60" x="-9" y="9"/>
<monster name="Elf Scout" direction="2" spawntime="60" x="9" y="9"/>
<monster name="Elf Scout" direction="2" spawntime="60" x="10" y="8"/>
<monster name="Elf Scout" direction="2" spawntime="60" x="9" y="7"/>
<monster name="Elf Scout" direction="2" spawntime="60" x="10" y="6"/>
<monster name="Elf Scout" direction="2" spawntime="60" x="9" y="5"/>
<monster name="Elf Scout" direction="2" spawntime="60" x="10" y="4"/>
<monster name="Elf Scout" direction="2" spawntime="60" x="9" y="3"/>
<monster name="Elf Scout" direction="2" spawntime="60" x="10" y="2"/>
<monster name="Elf Scout" direction="2" spawntime="60" x="9" y="1"/>
<monster name="Elf Scout" direction="2" spawntime="60" x="10" y="0"/>
<monster name="Elf Scout" direction="2" spawntime="60" x="9" y="-1"/>
<monster name="Elf Scout" direction="2" spawntime="60" x="10" y="-2"/>
<monster name="Elf Scout" direction="2" spawntime="60" x="9" y="-3"/>
<monster name="Elf Scout" direction="2" spawntime="60" x="10" y="-4"/>
<monster name="Elf Scout" direction="2" spawntime="60" x="9" y="-5"/>
<monster name="Elf Scout" direction="2" spawntime="60" x="10" y="-6"/>
<monster name="Elf Scout" direction="2" spawntime="60" x="9" y="-7"/>
<monster name="Elf Scout" direction="2" spawntime="60" x="10" y="-8"/>
<monster name="Elf Arcanist" direction="2" spawntime="60" x="-1" y="4"/>
<monster name="Elf Arcanist" direction="2" spawntime="60" x="0" y="5"/>
<monster name="Elf Arcanist" direction="2" spawntime="60" x="1" y="4"/>
<monster name="Dragon" direction="2" spawntime="60" x="-6" y="7"/>
<monster name="Dragon" direction="2" spawntime="60" x="3" y="7"/>
<monster name="Dragon" direction="2" spawntime="60" x="7" y="7"/>
<monster name="Dragon" direction="2" spawntime="60" x="-2" y="7"/>
<monster name="Dragon Lord" direction="2" spawntime="60" x="0" y="9"/>
<monster name="Dragon Lord" direction="2" spawntime="60" x="1" y="9"/>
<monster name="Elf" direction="2" spawntime="60" x="-1" y="-6"/>
<monster name="Elf" direction="2" spawntime="60" x="1" y="-6"/>
<monster name="Elf" direction="2" spawntime="60" x="-2" y="-9"/>
<monster name="Elf" direction="2" spawntime="60" x="0" y="-9"/>
<monster name="Elf" direction="2" spawntime="60" x="2" y="-9"/>
<monster name="Elf" direction="2" spawntime="60" x="-3" y="-6"/>
<monster name="Elf" direction="2" spawntime="60" x="3" y="-6"/>
<monster name="Dragon Lord" direction="2" spawntime="60" x="0" y="14"/>
<monster name="Dragon Lord" direction="2" spawntime="60" x="1" y="14"/>
<monster name="Demodras" direction="2" spawntime="60" x="0" y="18"/>
<monster name="Elf Scout" direction="2" spawntime="60" x="10" y="10"/>
<monster name="Elf Scout" direction="2" spawntime="60" x="9" y="11"/>
<monster name="Elf Scout" direction="2" spawntime="60" x="10" y="12"/>
<monster name="Elf Scout" direction="2" spawntime="60" x="-10" y="10"/>
<monster name="Elf Scout" direction="2" spawntime="60" x="-9" y="11"/>
<monster name="Elf Scout" direction="2" spawntime="60" x="-10" y="12"/>
<monster name="Dragon" direction="2" spawntime="60" x="-3" y="20"/>
<monster name="Dragon" direction="2" spawntime="60" x="3" y="20"/>
<monster name="Dragon" direction="2" spawntime="60" x="-1" y="20"/>
<monster name="Dragon" direction="2" spawntime="60" x="1" y="20"/>
<monster name="Dragon Lord" direction="2" spawntime="60" x="0" y="22"/>
</spawn>
<spawn centerx="35" centery="74" centerz="8" radius="25">
<monster name="Behemoth" direction="2" spawntime="60" x="-1" y="12"/>
<monster name="Behemoth" direction="2" spawntime="60" x="15" y="-2"/>
<monster name="Cyclops" direction="2" spawntime="60" x="14" y="-2"/>
<monster name="Cyclops" direction="2" spawntime="60" x="16" y="-2"/>
<monster name="Cyclops" direction="2" spawntime="60" x="3" y="-3"/>
<monster name="Cyclops" direction="2" spawntime="60" x="-1" y="0"/>
<monster name="Cyclops" direction="2" spawntime="60" x="1" y="5"/>
<monster name="Cyclops" direction="2" spawntime="60" x="0" y="12"/>
<monster name="Cyclops" direction="2" spawntime="60" x="-2" y="12"/>
<monster name="Cyclops" direction="2" spawntime="60" x="-5" y="24"/>
<monster name="Cyclops" direction="2" spawntime="60" x="-2" y="22"/>
<monster name="Cyclops" direction="2" spawntime="60" x="9" y="13"/>
<monster name="Cyclops" direction="2" spawntime="60" x="13" y="17"/>
<monster name="Cyclops" direction="2" spawntime="60" x="16" y="7"/>
<monster name="Cyclops" direction="2" spawntime="60" x="14" y="7"/>
<monster name="Elder Beholder" direction="2" spawntime="60" x="18" y="17"/>
<monster name="Elder Beholder" direction="2" spawntime="60" x="18" y="15"/>
<monster name="Behemoth" direction="2" spawntime="60" x="15" y="7"/>
</spawn>
<spawn centerx="248" centery="59" centerz="9" radius="50">
<monster name="Yeti" direction="2" spawntime="60" x="-15" y="-27"/>
<monster name="Yeti" direction="2" spawntime="60" x="-10" y="-30"/>
<monster name="Yeti" direction="2" spawntime="60" x="-10" y="-24"/>
<monster name="Yeti" direction="2" spawntime="60" x="0" y="-24"/>
<monster name="Yeti" direction="2" spawntime="60" x="-6" y="-18"/>
<monster name="Yeti" direction="2" spawntime="60" x="-3" y="-21"/>
<monster name="Yeti" direction="2" spawntime="60" x="0" y="-17"/>
<monster name="Yeti" direction="2" spawntime="60" x="6" y="-12"/>
<monster name="Yeti" direction="2" spawntime="60" x="6" y="-5"/>
<monster name="Yeti" direction="2" spawntime="60" x="-3" y="-3"/>
<monster name="Yeti" direction="2" spawntime="60" x="-4" y="2"/>
<monster name="Yeti" direction="2" spawntime="60" x="3" y="4"/>
<monster name="Yeti" direction="2" spawntime="60" x="8" y="1"/>
<monster name="Yeti" direction="2" spawntime="60" x="1" y="-2"/>
<monster name="Yeti" direction="2" spawntime="60" x="-1" y="5"/>
<monster name="Yeti" direction="2" spawntime="60" x="-7" y="5"/>
<monster name="Yeti" direction="2" spawntime="60" x="8" y="6"/>
</spawn>
<spawn centerx="194" centery="133" centerz="10" radius="5">
<monster name="Fire Elemental" direction="2" spawntime="60" x="-4" y="0"/>
<monster name="Fire Elemental" direction="2" spawntime="60" x="-1" y="2"/>
<monster name="Fire Elemental" direction="2" spawntime="60" x="-1" y="-2"/>
<monster name="Fire Elemental" direction="2" spawntime="60" x="1" y="-2"/>
<monster name="Fire Elemental" direction="2" spawntime="60" x="1" y="2"/>
<monster name="Monk" direction="2" spawntime="60" x="1" y="0"/>
<monster name="Monk" direction="2" spawntime="60" x="2" y="0"/>
</spawn>
<spawn centerx="43" centery="156" centerz="6" radius="25">
<monster name="Giant Spider" direction="2" spawntime="60" x="-5" y="-2"/>
<monster name="Giant Spider" direction="2" spawntime="60" x="-5" y="2"/>
<monster name="Hydra" direction="2" spawntime="60" x="-7" y="-3"/>
<monster name="Hydra" direction="2" spawntime="60" x="-8" y="3"/>
<monster name="Hydra" direction="2" spawntime="60" x="-2" y="-5"/>
<monster name="Hydra" direction="2" spawntime="60" x="22" y="-2"/>
<monster name="Hydra" direction="2" spawntime="60" x="20" y="-2"/>
<monster name="Hydra" direction="2" spawntime="60" x="18" y="-2"/>
<monster name="Hydra" direction="2" spawntime="60" x="16" y="-2"/>
<monster name="Hydra" direction="2" spawntime="60" x="14" y="-2"/>
<monster name="Hydra" direction="2" spawntime="60" x="12" y="-2"/>
<monster name="Hydra" direction="2" spawntime="60" x="10" y="-2"/>
</spawn>
<spawn centerx="75" centery="92" centerz="6" radius="5">
<monster name="The Old Widow" direction="2" spawntime="60" x="-1" y="2"/>
</spawn>
<spawn centerx="80" centery="94" centerz="6" radius="5">
<monster name="The Old Widow" direction="2" spawntime="60" x="0" y="0"/>
</spawn>
<spawn centerx="123" centery="75" centerz="7" radius="5">
<monster name="Cyclops" direction="2" spawntime="60" x="-1" y="1"/>
</spawn>
<spawn centerx="127" centery="83" centerz="8" radius="5">
<monster name="Cyclops" direction="2" spawntime="60" x="-3" y="-2"/>
<monster name="Cyclops" direction="2" spawntime="60" x="3" y="-2"/>
<monster name="Cyclops" direction="2" spawntime="60" x="-4" y="3"/>
<monster name="Cyclops" direction="2" spawntime="60" x="4" y="3"/>
<monster name="Ghoul" direction="2" spawntime="60" x="-2" y="2"/>
<monster name="Ghoul" direction="2" spawntime="60" x="2" y="2"/>
<monster name="Ghoul" direction="2" spawntime="60" x="-2" y="0"/>
<monster name="Ghoul" direction="2" spawntime="60" x="2" y="0"/>
<monster name="Ghoul" direction="2" spawntime="60" x="-2" y="-2"/>
<monster name="Ghoul" direction="2" spawntime="60" x="2" y="-2"/>
<monster name="Necromancer" direction="2" spawntime="60" x="0" y="3"/>
</spawn>
<spawn centerx="126" centery="74" centerz="8" radius="5">
<monster name="Cyclops" direction="2" spawntime="60" x="-4" y="-1"/>
</spawn>
<spawn centerx="318" centery="96" centerz="7" radius="50">
<monster name="Ancient Scarab" direction="2" spawntime="60" x="-1" y="24"/>
<monster name="Ancient Scarab" direction="2" spawntime="60" x="6" y="24"/>
<monster name="Ancient Scarab" direction="2" spawntime="60" x="2" y="21"/>
<monster name="Ancient Scarab" direction="2" spawntime="60" x="4" y="19"/>
<monster name="Ancient Scarab" direction="2" spawntime="60" x="4" y="23"/>
<monster name="Ancient Scarab" direction="2" spawntime="60" x="-1" y="21"/>
<monster name="Ancient Scarab" direction="2" spawntime="60" x="7" y="4"/>
<monster name="Ancient Scarab" direction="2" spawntime="60" x="3" y="-4"/>
<monster name="Ancient Scarab" direction="2" spawntime="60" x="0" y="6"/>
<monster name="Ancient Scarab" direction="2" spawntime="60" x="10" y="-14"/>
<monster name="Ancient Scarab" direction="2" spawntime="60" x="14" y="-2"/>
<monster name="Ancient Scarab" direction="2" spawntime="60" x="10" y="-7"/>
<monster name="Ancient Scarab" direction="2" spawntime="60" x="17" y="3"/>
<monster name="Ancient Scarab" direction="2" spawntime="60" x="4" y="0"/>
<monster name="Ancient Scarab" direction="2" spawntime="60" x="-1" y="0"/>
<monster name="Scarab" direction="2" spawntime="60" x="-3" y="3"/>
<monster name="Scarab" direction="2" spawntime="60" x="3" y="4"/>
<monster name="Scarab" direction="2" spawntime="60" x="3" y="-2"/>
<monster name="Scarab" direction="2" spawntime="60" x="-5" y="3"/>
<monster name="Scarab" direction="2" spawntime="60" x="2" y="8"/>
<monster name="Scarab" direction="2" spawntime="60" x="-2" y="12"/>
<monster name="Scarab" direction="2" spawntime="60" x="11" y="5"/>
<monster name="Scarab" direction="2" spawntime="60" x="16" y="0"/>
<monster name="Scarab" direction="2" spawntime="60" x="9" y="-2"/>
<monster name="Scarab" direction="2" spawntime="60" x="6" y="-3"/>
<monster name="Scarab" direction="2" spawntime="60" x="7" y="-5"/>
<monster name="Scarab" direction="2" spawntime="60" x="9" y="-12"/>
<monster name="Scarab" direction="2" spawntime="60" x="7" y="-13"/>
<monster name="Scarab" direction="2" spawntime="60" x="5" y="-7"/>
<monster name="Scarab" direction="2" spawntime="60" x="6" y="-7"/>
<monster name="Scarab" direction="2" spawntime="60" x="10" y="-8"/>
<monster name="Scarab" direction="2" spawntime="60" x="-3" y="8"/>
<monster name="Scarab" direction="2" spawntime="60" x="4" y="6"/>
<monster name="Scarab" direction="2" spawntime="60" x="1" y="23"/>
<monster name="Scarab" direction="2" spawntime="60" x="4" y="21"/>
<monster name="Scarab" direction="2" spawntime="60" x="1" y="19"/>
<monster name="Scarab" direction="2" spawntime="60" x="0" y="21"/>
<monster name="Scarab" direction="2" spawntime="60" x="5" y="21"/>
<monster name="Scarab" direction="2" spawntime="60" x="3" y="24"/>
<monster name="Scarab" direction="2" spawntime="60" x="-2" y="22"/>
<monster name="Larva" direction="2" spawntime="60" x="3" y="-7"/>
<monster name="Larva" direction="2" spawntime="60" x="5" y="-10"/>
<monster name="Larva" direction="2" spawntime="60" x="2" y="-3"/>
<monster name="Larva" direction="2" spawntime="60" x="8" y="-10"/>
<monster name="Larva" direction="2" spawntime="60" x="8" y="-17"/>
<monster name="Larva" direction="2" spawntime="60" x="12" y="-11"/>
<monster name="Larva" direction="2" spawntime="60" x="11" y="-8"/>
<monster name="Larva" direction="2" spawntime="60" x="10" y="-3"/>
<monster name="Larva" direction="2" spawntime="60" x="9" y="1"/>
<monster name="Larva" direction="2" spawntime="60" x="13" y="1"/>
<monster name="Larva" direction="2" spawntime="60" x="17" y="-1"/>
<monster name="Larva" direction="2" spawntime="60" x="13" y="2"/>
<monster name="Larva" direction="2" spawntime="60" x="20" y="-9"/>
<monster name="Larva" direction="2" spawntime="60" x="18" y="5"/>
<monster name="Larva" direction="2" spawntime="60" x="14" y="7"/>
<monster name="Larva" direction="2" spawntime="60" x="9" y="6"/>
<monster name="Larva" direction="2" spawntime="60" x="0" y="4"/>
<monster name="Larva" direction="2" spawntime="60" x="-4" y="6"/>
<monster name="Larva" direction="2" spawntime="60" x="1" y="11"/>
<monster name="Larva" direction="2" spawntime="60" x="-8" y="7"/>
<monster name="Larva" direction="2" spawntime="60" x="1" y="-4"/>
<monster name="Larva" direction="2" spawntime="60" x="16" y="-2"/>
<monster name="Scarab" direction="2" spawntime="60" x="11" y="2"/>
</spawn>
<spawn centerx="52" centery="217" centerz="7" radius="10">
<monster name="Grorlam" direction="2" spawntime="60" x="1" y="-3"/>
</spawn>
<spawn centerx="34" centery="233" centerz="5" radius="5">
<monster name="Warlock" direction="2" spawntime="60" x="0" y="4"/>
<monster name="Warlock" direction="2" spawntime="60" x="3" y="4"/>
<monster name="Hero" direction="2" spawntime="60" x="-2" y="-1"/>
</spawn>
<spawn centerx="39" centery="234" centerz="5" radius="5">
<monster name="Hero" direction="2" spawntime="60" x="0" y="-3"/>
</spawn>
<spawn centerx="37" centery="228" centerz="5" radius="5">
<monster name="Hero" direction="2" spawntime="60" x="-1" y="0"/>
</spawn>
<spawn centerx="38" centery="234" centerz="4" radius="5">
<monster name="Hero" direction="2" spawntime="60" x="0" y="0"/>
<monster name="Hero" direction="2" spawntime="60" x="4" y="-2"/>
<monster name="Hero" direction="2" spawntime="60" x="3" y="-2"/>
<monster name="Hero" direction="2" spawntime="60" x="-1" y="4"/>
</spawn>
<spawn centerx="34" centery="237" centerz="4" radius="5">
<monster name="Hero" direction="2" spawntime="60" x="-1" y="-4"/>
</spawn>
<spawn centerx="47" centery="231" centerz="4" radius="5">
<monster name="Hero" direction="2" spawntime="60" x="-2" y="-1"/>
<monster name="Hero" direction="2" spawntime="60" x="0" y="-1"/>
</spawn>
<spawn centerx="47" centery="238" centerz="4" radius="5">
<monster name="Hero" direction="2" spawntime="60" x="-1" y="-2"/>
</spawn>
<spawn centerx="41" centery="234" centerz="3" radius="10">
<monster name="Hero" direction="2" spawntime="60" x="-7" y="-1"/>
<monster name="Hero" direction="2" spawntime="60" x="-5" y="-1"/>
<monster name="Hero" direction="2" spawntime="60" x="-3" y="-1"/>
<monster name="Hero" direction="2" spawntime="60" x="-7" y="2"/>
<monster name="Hero" direction="2" spawntime="60" x="-5" y="2"/>
<monster name="Hero" direction="2" spawntime="60" x="-3" y="2"/>
<monster name="Giant Spider" direction="2" spawntime="60" x="5" y="1"/>
<monster name="Giant Spider" direction="2" spawntime="60" x="8" y="5"/>
<monster name="Giant Spider" direction="2" spawntime="60" x="8" y="-4"/>
<monster name="Black Knight" direction="2" spawntime="60" x="1" y="3"/>
<monster name="Behemoth" direction="2" spawntime="60" x="2" y="-4"/>
<monster name="Warlock" direction="2" spawntime="60" x="-7" y="-5"/>
<monster name="Black Knight" direction="2" spawntime="60" x="-5" y="-5"/>
<monster name="Black Knight" direction="2" spawntime="60" x="-1" y="-5"/>
<monster name="Black Knight" direction="2" spawntime="60" x="-3" y="-5"/>
<monster name="Giant Spider" direction="2" spawntime="60" x="-3" y="5"/>
<monster name="Giant Spider" direction="2" spawntime="60" x="0" y="5"/>
<monster name="Giant Spider" direction="2" spawntime="60" x="3" y="5"/>
</spawn>
<spawn centerx="42" centery="234" centerz="2" radius="5">
<monster name="Giant Spider" direction="2" spawntime="60" x="1" y="1"/>
<monster name="Giant Spider" direction="2" spawntime="60" x="-2" y="-1"/>
<monster name="Giant Spider" direction="2" spawntime="60" x="4" y="-1"/>
</spawn>
<spawn centerx="35" centery="233" centerz="2" radius="5">
<monster name="Giant Spider" direction="2" spawntime="60" x="0" y="5"/>
<monster name="Giant Spider" direction="2" spawntime="60" x="-1" y="2"/>
</spawn>
<spawn centerx="38" centery="238" centerz="2" radius="5">
<monster name="Giant Spider" direction="2" spawntime="60" x="2" y="1"/>
</spawn>
<spawn centerx="49" centery="238" centerz="2" radius="5">
<monster name="Giant Spider" direction="2" spawntime="60" x="0" y="-5"/>
</spawn>
<spawn centerx="58" centery="238" centerz="7" radius="25">
<monster name="Kongra" direction="2" spawntime="60" x="-11" y="-4"/>
<monster name="Kongra" direction="2" spawntime="60" x="-1" y="0"/>
<monster name="Kongra" direction="2" spawntime="60" x="-2" y="4"/>
<monster name="Kongra" direction="2" spawntime="60" x="3" y="4"/>
<monster name="Kongra" direction="2" spawntime="60" x="6" y="3"/>
<monster name="Kongra" direction="2" spawntime="60" x="19" y="-1"/>
<monster name="Kongra" direction="2" spawntime="60" x="24" y="-4"/>
<monster name="Kongra" direction="2" spawntime="60" x="20" y="-5"/>
<monster name="Kongra" direction="2" spawntime="60" x="25" y="0"/>
<monster name="Kongra" direction="2" spawntime="60" x="21" y="3"/>
<monster name="Kongra" direction="2" spawntime="60" x="14" y="7"/>
<monster name="Kongra" direction="2" spawntime="60" x="13" y="11"/>
<monster name="Kongra" direction="2" spawntime="60" x="-19" y="-5"/>
<monster name="Kongra" direction="2" spawntime="60" x="-18" y="2"/>
<monster name="Kongra" direction="2" spawntime="60" x="-11" y="3"/>
<monster name="Kongra" direction="2" spawntime="60" x="-13" y="6"/>
<monster name="Kongra" direction="2" spawntime="60" x="-22" y="6"/>
<monster name="Kongra" direction="2" spawntime="60" x="-7" y="6"/>
<monster name="Kongra" direction="2" spawntime="60" x="-4" y="-5"/>
<monster name="Kongra" direction="2" spawntime="60" x="7" y="-8"/>
<monster name="Kongra" direction="2" spawntime="60" x="9" y="-7"/>
<monster name="Kongra" direction="2" spawntime="60" x="4" y="-9"/>
<monster name="Kongra" direction="2" spawntime="60" x="8" y="-2"/>
</spawn>
<spawn centerx="153" centery="169" centerz="7" radius="25">
<monster name="Terror Bird" direction="2" spawntime="60" x="-8" y="0"/>
<monster name="Terror Bird" direction="2" spawntime="60" x="-12" y="3"/>
<monster name="Terror Bird" direction="2" spawntime="60" x="-2" y="-4"/>
<monster name="Terror Bird" direction="2" spawntime="60" x="2" y="1"/>
<monster name="Terror Bird" direction="2" spawntime="60" x="5" y="-2"/>
<monster name="Terror Bird" direction="2" spawntime="60" x="7" y="3"/>
<monster name="Terror Bird" direction="2" spawntime="60" x="-6" y="3"/>
<monster name="Terror Bird" direction="2" spawntime="60" x="12" y="2"/>
<monster name="Terror Bird" direction="2" spawntime="60" x="8" y="-5"/>
<monster name="Terror Bird" direction="2" spawntime="60" x="2" y="-6"/>
<monster name="Terror Bird" direction="2" spawntime="60" x="1" y="7"/>
<monster name="Terror Bird" direction="2" spawntime="60" x="-19" y="0"/>
<monster name="Terror Bird" direction="2" spawntime="60" x="-17" y="0"/>
</spawn>
</spawns>
